BLOCK00/SES002/SA002S12	SES002	0.479168	-7.63782	-8.11699
BLOCK00/SES002/SA002S13	SES002	1.09104	-7.72137	-8.81241
BLOCK00/SES002/SA002S23	SES002	0.75065	-7.41599	-8.16665
BLOCK00/SES002/SA002S26	SES002	0.386435	-8.78438	-9.17081
BLOCK00/SES002/SA002S28	SES002	0.145589	-7.87519	-8.02078
BLOCK00/SES007/SA007S14	SES007	0.425076	-6.20447	-6.62954
BLOCK00/SES007/SA007S15	SES007	0.256524	-7.14794	-7.40447
BLOCK00/SES007/SA007S24	SES007	0.448943	-6.64547	-7.09441
BLOCK00/SES007/SA007S27	SES007	0.240348	-7.92388	-8.16423
BLOCK00/SES007/SA007S29	SES007	0.272381	-6.93563	-7.20802
BLOCK00/SES008/SA008S11	SES008	1.23199	-6.47319	-7.70518
BLOCK00/SES008/SA008S12	SES008	0.0645561	-7.32907	-7.39363
BLOCK00/SES008/SA008S19	SES008	1.2554	-6.61073	-7.86614
BLOCK00/SES008/SA008S22	SES008	0.633882	-7.35462	-7.9885
BLOCK00/SES008/SA008S29	SES008	1.18706	-6.39699	-7.58406
BLOCK01/SES014/SA014S10	SES014	1.11167	-6.89251	-8.00418
BLOCK01/SES014/SA014S12	SES014	1.61332	-6.34219	-7.95551
BLOCK01/SES014/SA014S24	SES014	1.67287	-6.92752	-8.60039
BLOCK01/SES014/SA014S26	SES014	1.42756	-5.96693	-7.39449
BLOCK01/SES014/SA014S28	SES014	2.08803	-5.64526	-7.7333
BLOCK01/SES016/SA016S12	SES016	0.716026	-8.67843	-9.39446
BLOCK01/SES016/SA016S13	SES016	0.757024	-6.8497	-7.60672
BLOCK01/SES016/SA016S22	SES016	1.07	-6.47227	-7.54227
BLOCK01/SES016/SA016S25	SES016	1.28656	-5.11523	-6.40179
BLOCK01/SES016/SA016S27	SES016	0.86683	-6.29128	-7.15811
BLOCK01/SES019/SA019S13	SES019	3.17321	-6.13367	-9.30688
BLOCK01/SES019/SA019S14	SES019	1.53773	-7.8225	-9.36022
BLOCK01/SES019/SA019S22	SES019	2.40576	-6.37644	-8.78221
BLOCK01/SES019/SA019S25	SES019	2.22629	-6.72061	-8.94691
BLOCK01/SES019/SA019S29	SES019	3.89121	-6.55027	-10.4415
BLOCK02/SES029/SA029S11	SES029	0.501359	-6.16792	-6.66928
BLOCK02/SES029/SA029S12	SES029	0.0972133	-6.81858	-6.91579
BLOCK02/SES029/SA029S20	SES029	0.390463	-6.25038	-6.64084
BLOCK02/SES029/SA029S25	SES029	0.314354	-7.03863	-7.35299
BLOCK02/SES029/SA029S28	SES029	0.254188	-6.65454	-6.90873
BLOCK04/SES042/SA042S12	SES042	1.17007	-6.50996	-7.68003
BLOCK04/SES042/SA042S15	SES042	1.25802	-5.88771	-7.14574
BLOCK04/SES042/SA042S22	SES042	1.52654	-7.06714	-8.59368
BLOCK04/SES042/SA042S25	SES042	0.628503	-8.43327	-9.06178
BLOCK04/SES042/SA042S27	SES042	1.46054	-7.25878	-8.71932
BLOCK04/SES048/SA048S11	SES048	0.34898	-6.23696	-6.58594
BLOCK04/SES048/SA048S12	SES048	0.0649557	-7.67175	-7.73671
BLOCK04/SES048/SA048S20	SES048	0.256283	-6.31432	-6.57061
BLOCK04/SES048/SA048S23	SES048	1.014	-6.59738	-7.61138
BLOCK04/SES048/SA048S27	SES048	0.104508	-7.39026	-7.49477
BLOCK06/SES060/SA060S11	SES060	0.932391	-6.6551	-7.58749
BLOCK06/SES060/SA060S12	SES060	0.280785	-7.96408	-8.24486
BLOCK06/SES060/SA060S22	SES060	-1.17937	-9.09635	-7.91698
BLOCK06/SES060/SA060S24	SES060	1.12178	-5.55808	-6.67986
BLOCK06/SES060/SA060S28	SES060	0.418809	-5.83041	-6.24922
BLOCK06/SES062/SA062S10	SES062	0.0607295	-7.01148	-7.07221
BLOCK06/SES062/SA062S11	SES062	-0.115394	-8.29254	-8.17714
BLOCK06/SES062/SA062S21	SES062	0.663583	-5.3379	-6.00148
BLOCK06/SES062/SA062S26	SES062	0.536665	-6.89295	-7.42962
BLOCK06/SES062/SA062S29	SES062	0.561951	-6.22478	-6.78673
BLOCK06/SES068/SA068S14	SES068	0.327627	-7.30636	-7.63399
BLOCK06/SES068/SA068S15	SES068	0.770287	-6.95115	-7.72144
BLOCK06/SES068/SA068S23	SES068	0.175087	-7.36133	-7.53642
BLOCK06/SES068/SA068S27	SES068	1.43743	-6.11423	-7.55166
BLOCK06/SES068/SA068S29	SES068	0.703945	-7.02518	-7.72913
BLOCK08/SES082/SA082S12	SES082	-0.129258	-8.42072	-8.29146
BLOCK08/SES082/SA082S14	SES082	0.177931	-8.02983	-8.20776
BLOCK08/SES082/SA082S21	SES082	0.381746	-7.21816	-7.5999
BLOCK08/SES082/SA082S24	SES082	0.102523	-7.90727	-8.00979
BLOCK08/SES082/SA082S28	SES082	0.650941	-7.51299	-8.16393
BLOCK08/SES083/SA083S14	SES083	0.0400114	-7.04089	-7.0809
BLOCK08/SES083/SA083S15	SES083	0.475811	-6.80124	-7.27705
BLOCK08/SES083/SA083S24	SES083	0.232549	-7.25188	-7.48443
BLOCK08/SES083/SA083S26	SES083	0.401103	-7.95693	-8.35803
BLOCK08/SES083/SA083S29	SES083	0.163231	-7.55848	-7.72171
BLOCK08/SES085/SA085S10	SES085	1.1985	-5.88195	-7.08045
BLOCK08/SES085/SA085S13	SES085	-0.0876498	-7.98091	-7.89326
BLOCK08/SES085/SA085S22	SES085	0.627295	-6.68281	-7.3101
BLOCK08/SES085/SA085S26	SES085	-0.361105	-7.68322	-7.32212
BLOCK08/SES085/SA085S28	SES085	0.447703	-7.17437	-7.62208
BLOCK08/SES087/SA087S15	SES087	0.916461	-7.67477	-8.59123
BLOCK08/SES087/SA087S16	SES087	1.39193	-7.33805	-8.72998
BLOCK08/SES087/SA087S24	SES087	1.38896	-7.257	-8.64596
BLOCK08/SES087/SA087S26	SES087	0.841341	-6.62982	-7.47116
BLOCK08/SES087/SA087S29	SES087	1.36938	-6.409	-7.77839
BLOCK09/SES099/SA099S15	SES099	0.87679	-7.76432	-8.64111
BLOCK09/SES099/SA099S16	SES099	1.06796	-7.17243	-8.24039
BLOCK09/SES099/SA099S24	SES099	1.0501	-7.35631	-8.40641
BLOCK09/SES099/SA099S26	SES099	1.11338	-6.83122	-7.94459
BLOCK09/SES099/SA099S29	SES099	0.452209	-8.01042	-8.46263
BLOCK10/SES101/SA101S11	SES101	0.50143	-6.15311	-6.65454
BLOCK10/SES101/SA101S13	SES101	0.592821	-5.39675	-5.98957
BLOCK10/SES101/SA101S22	SES101	0.738484	-7.50977	-8.24826
BLOCK10/SES101/SA101S24	SES101	0.959455	-6.29851	-7.25797
BLOCK10/SES101/SA101S28	SES101	0.593887	-6.90073	-7.49462
BLOCK10/SES104/SA104S11	SES104	0.334136	-6.71507	-7.0492
BLOCK10/SES104/SA104S12	SES104	0.599819	-7.32149	-7.92131
BLOCK10/SES104/SA104S21	SES104	0.731801	-7.41279	-8.14459
BLOCK10/SES104/SA104S24	SES104	0.171157	-8.02619	-8.19735
BLOCK10/SES104/SA104S28	SES104	0.953313	-7.12729	-8.0806
BLOCK10/SES105/SA105S12	SES105	0.752329	-7.60031	-8.35264
BLOCK10/SES105/SA105S13	SES105	-0.0211234	-7.36489	-7.34377
BLOCK10/SES105/SA105S22	SES105	0.513248	-8.10192	-8.61517
BLOCK10/SES105/SA105S26	SES105	0.806525	-7.7627	-8.56923
BLOCK10/SES105/SA105S29	SES105	1.05147	-6.06917	-7.12063
BLOCK10/SES106/SA106S09	SES106	1.17124	-7.42749	-8.59873
BLOCK10/SES106/SA106S11	SES106	1.0645	-6.58232	-7.64682
BLOCK10/SES106/SA106S22	SES106	1.6197	-7.22814	-8.84784
BLOCK10/SES106/SA106S27	SES106	0.58022	-6.98843	-7.56865
BLOCK10/SES106/SA106S29	SES106	0.72402	-6.39935	-7.12337
BLOCK11/SES117/SA117S12	SES117	0.739089	-7.3602	-8.09929
BLOCK11/SES117/SA117S13	SES117	0.258437	-7.89969	-8.15813
BLOCK11/SES117/SA117S23	SES117	0.870701	-8.36202	-9.23273
BLOCK11/SES117/SA117S25	SES117	0.664953	-7.49397	-8.15892
BLOCK11/SES117/SA117S28	SES117	1.02494	-7.40578	-8.43072
BLOCK12/SES120/SA120S08	SES120	0.382008	-7.61693	-7.99894
BLOCK12/SES120/SA120S11	SES120	0.159111	-10.1263	-10.2854
BLOCK12/SES120/SA120S22	SES120	0.284555	-6.73109	-7.01564
BLOCK12/SES120/SA120S24	SES120	-0.12429	-8.14905	-8.02476
BLOCK12/SES120/SA120S28	SES120	-0.209328	-8.19627	-7.98694
BLOCK12/SES125/SA125S13	SES125	0.833907	-7.04967	-7.88357
BLOCK12/SES125/SA125S14	SES125	0.723168	-7.46304	-8.18621
BLOCK12/SES125/SA125S25	SES125	1.02886	-7.6547	-8.68357
BLOCK12/SES125/SA125S27	SES125	1.35177	-6.54578	-7.89755
BLOCK12/SES125/SA125S29	SES125	0.516514	-7.15903	-7.67555
BLOCK12/SES127/SA127S11	SES127	0.374348	-7.31457	-7.68892
BLOCK12/SES127/SA127S12	SES127	0.38587	-5.83428	-6.22015
BLOCK12/SES127/SA127S23	SES127	0.245337	-6.48722	-6.73256
BLOCK12/SES127/SA127S25	SES127	0.210596	-6.55832	-6.76891
BLOCK12/SES127/SA127S27	SES127	0.598431	-6.68648	-7.28491
BLOCK12/SES129/SA129S11	SES129	1.08037	-5.87695	-6.95732
BLOCK12/SES129/SA129S12	SES129	0.969072	-5.72288	-6.69195
BLOCK12/SES129/SA129S22	SES129	1.14837	-6.5725	-7.72087
BLOCK12/SES129/SA129S27	SES129	1.19803	-6.5492	-7.74723
BLOCK12/SES129/SA129S29	SES129	0.197765	-7.89975	-8.09752
BLOCK14/SES142/SA142S11	SES142	0.881263	-6.27307	-7.15433
BLOCK14/SES142/SA142S12	SES142	0.195765	-7.44641	-7.64217
BLOCK14/SES142/SA142S24	SES142	0.86148	-6.3734	-7.23488
BLOCK14/SES142/SA142S27	SES142	0.868797	-6.24477	-7.11357
BLOCK14/SES142/SA142S29	SES142	1.06399	-6.01853	-7.08252
BLOCK14/SES143/SA143S12	SES143	0.760991	-6.92613	-7.68712
BLOCK14/SES143/SA143S13	SES143	0.607608	-7.1742	-7.78181
BLOCK14/SES143/SA143S23	SES143	0.185854	-7.08941	-7.27527
BLOCK14/SES143/SA143S25	SES143	0.503052	-7.21381	-7.71686
BLOCK14/SES143/SA143S28	SES143	0.443022	-7.1246	-7.56763
BLOCK14/SES144/SA144S09	SES144	0.460896	-7.14749	-7.60839
BLOCK14/SES144/SA144S11	SES144	0.222962	-6.99201	-7.21498
BLOCK14/SES144/SA144S21	SES144	-0.332011	-7.82998	-7.49797
BLOCK14/SES144/SA144S25	SES144	0.717475	-7.34892	-8.06639
BLOCK14/SES144/SA144S29	SES144	-0.39408	-8.20281	-7.80873
BLOCK14/SES146/SA146S14	SES146	0.297702	-7.73868	-8.03638
BLOCK14/SES146/SA146S15	SES146	-0.153661	-7.7902	-7.63654
BLOCK14/SES146/SA146S24	SES146	0.238644	-7.39135	-7.62999
BLOCK14/SES146/SA146S26	SES146	0.305598	-7.51359	-7.81919
BLOCK14/SES146/SA146S29	SES146	0.337874	-7.84047	-8.17835
BLOCK14/SES147/SA147S11	SES147	0.138613	-7.25423	-7.39285
BLOCK14/SES147/SA147S13	SES147	0.321957	-6.61189	-6.93385
BLOCK14/SES147/SA147S23	SES147	0.155872	-7.36202	-7.51789
BLOCK14/SES147/SA147S26	SES147	0.858547	-6.95825	-7.8168
BLOCK14/SES147/SA147S28	SES147	1.15537	-6.35119	-7.50655
BLOCK14/SES148/SA148S10	SES148	0.352649	-6.5313	-6.88395
BLOCK14/SES148/SA148S12	SES148	-0.0364013	-7.92333	-7.88693
BLOCK14/SES148/SA148S22	SES148	0.650862	-6.51315	-7.16401
BLOCK14/SES148/SA148S26	SES148	0.0466399	-6.36967	-6.41631
BLOCK14/SES148/SA148S29	SES148	0.477223	-7.20111	-7.67833
BLOCK14/SES149/SA149S13	SES149	-0.19777	-7.06156	-6.86379
BLOCK14/SES149/SA149S14	SES149	0.0446472	-6.40817	-6.45282
BLOCK14/SES149/SA149S24	SES149	0.60328	-6.86091	-7.46419
BLOCK14/SES149/SA149S26	SES149	0.535301	-6.05351	-6.58881
BLOCK14/SES149/SA149S28	SES149	1.36591	-5.16904	-6.53495
BLOCK15/SES158/SA158S13	SES158	0.881308	-6.81861	-7.69992
BLOCK15/SES158/SA158S14	SES158	0.897676	-7.78991	-8.68758
BLOCK15/SES158/SA158S23	SES158	0.574114	-6.23924	-6.81335
BLOCK15/SES158/SA158S26	SES158	1.35414	-7.12698	-8.48112
BLOCK15/SES158/SA158S28	SES158	0.605843	-7.3884	-7.99424
BLOCK16/SES162/SA162S10	SES162	0.515279	-8.04611	-8.56139
BLOCK16/SES162/SA162S11	SES162	0.402827	-6.45053	-6.85335
BLOCK16/SES162/SA162S21	SES162	0.819994	-6.7317	-7.55169
BLOCK16/SES162/SA162S24	SES162	0.897761	-6.75597	-7.65373
BLOCK16/SES162/SA162S27	SES162	1.13788	-7.76826	-8.90614
BLOCK16/SES167/SA167S14	SES167	0.931677	-6.29742	-7.2291
BLOCK16/SES167/SA167S15	SES167	1.46966	-5.95008	-7.41974
BLOCK16/SES167/SA167S21	SES167	1.25709	-5.89786	-7.15495
BLOCK16/SES167/SA167S25	SES167	1.80778	-6.13893	-7.94671
BLOCK16/SES167/SA167S29	SES167	1.77262	-5.4058	-7.17842
BLOCK17/SES172/SA172S12	SES172	0.675138	-7.74507	-8.42021
BLOCK17/SES172/SA172S13	SES172	1.11936	-7.39045	-8.50981
BLOCK17/SES172/SA172S23	SES172	0.739512	-6.78758	-7.52709
BLOCK17/SES172/SA172S27	SES172	0.686604	-8.20239	-8.88899
BLOCK17/SES172/SA172S29	SES172	1.13606	-6.92874	-8.06481
BLOCK17/SES175/SA175S11	SES175	0.145038	-7.28083	-7.42587
BLOCK17/SES175/SA175S13	SES175	0.336184	-5.35717	-5.69336
BLOCK17/SES175/SA175S23	SES175	0.437739	-6.24823	-6.68597
BLOCK17/SES175/SA175S25	SES175	-0.107803	-8.13515	-8.02734
BLOCK17/SES175/SA175S28	SES175	0.183353	-6.64311	-6.82646
BLOCK17/SES177/SA177S15	SES177	0.452385	-7.88813	-8.34051
BLOCK17/SES177/SA177S17	SES177	0.407875	-7.53525	-7.94313
BLOCK17/SES177/SA177S23	SES177	0.412042	-7.6393	-8.05135
BLOCK17/SES177/SA177S26	SES177	0.588109	-5.47253	-6.06064
BLOCK17/SES177/SA177S28	SES177	0.697824	-7.42904	-8.12686
BLOCK18/SES180/SA180S13	SES180	0.0394096	-8.11961	-8.15902
BLOCK18/SES180/SA180S15	SES180	0.263505	-7.0765	-7.34001
BLOCK18/SES180/SA180S24	SES180	0.402914	-6.13449	-6.53741
BLOCK18/SES180/SA180S26	SES180	0.327144	-6.50516	-6.8323
BLOCK18/SES180/SA180S29	SES180	-0.0992675	-7.8395	-7.74023
BLOCK18/SES183/SA183S13	SES183	1.32226	-6.69959	-8.02185
BLOCK18/SES183/SA183S14	SES183	-0.015933	-7.33789	-7.32196
BLOCK18/SES183/SA183S24	SES183	1.13141	-7.33507	-8.46648
BLOCK18/SES183/SA183S27	SES183	1.08509	-7.81617	-8.90126
BLOCK18/SES183/SA183S29	SES183	1.13766	-6.84229	-7.97995
BLOCK18/SES187/SA187S13	SES187	0.293971	-8.28538	-8.57935
BLOCK18/SES187/SA187S14	SES187	0.307508	-7.89445	-8.20196
BLOCK18/SES187/SA187S24	SES187	0.548366	-8.00915	-8.55751
BLOCK18/SES187/SA187S27	SES187	0.495551	-8.17655	-8.6721
BLOCK18/SES187/SA187S29	SES187	0.361913	-8.3044	-8.66631
BLOCK18/SES189/SA189S10	SES189	1.18091	-7.59635	-8.77726
BLOCK18/SES189/SA189S13	SES189	0.841092	-8.45034	-9.29143
BLOCK18/SES189/SA189S24	SES189	0.570082	-6.82142	-7.39151
BLOCK18/SES189/SA189S26	SES189	0.754607	-6.9827	-7.73731
BLOCK18/SES189/SA189S29	SES189	0.977416	-6.62401	-7.60143
BLOCK20/SES202/SA202S12	SES202	0.628082	-7.25445	-7.88253
BLOCK20/SES202/SA202S14	SES202	0.937127	-6.8792	-7.81633
BLOCK20/SES202/SA202S24	SES202	0.414614	-7.88981	-8.30443
BLOCK20/SES202/SA202S27	SES202	0.70606	-6.57554	-7.2816
BLOCK20/SES202/SA202S29	SES202	0.576532	-6.82199	-7.39852
BLOCK20/SES206/SA206S15	SES206	-0.296648	-7.17918	-6.88253
BLOCK20/SES206/SA206S17	SES206	0.751096	-7.26224	-8.01334
BLOCK20/SES206/SA206S24	SES206	1.20337	-5.8215	-7.02487
BLOCK20/SES206/SA206S27	SES206	0.88297	-7.46842	-8.35139
BLOCK20/SES206/SA206S29	SES206	0.896215	-6.02072	-6.91694
BLOCK22/SES226/SA226S12	SES226	0.695289	-7.44187	-8.13716
BLOCK22/SES226/SA226S13	SES226	-0.424705	-8.67766	-8.25295
BLOCK22/SES226/SA226S20	SES226	0.672007	-7.34303	-8.01503
BLOCK22/SES226/SA226S23	SES226	0.995243	-6.613	-7.60824
BLOCK22/SES226/SA226S28	SES226	1.31689	-6.37241	-7.6893
BLOCK25/SES259/SA259S13	SES259	1.6597	-6.43767	-8.09737
BLOCK25/SES259/SA259S14	SES259	1.52978	-6.21554	-7.74532
BLOCK25/SES259/SA259S22	SES259	1.32364	-6.2572	-7.58084
BLOCK25/SES259/SA259S24	SES259	1.09727	-6.71469	-7.81196
BLOCK25/SES259/SA259S28	SES259	0.910475	-6.78166	-7.69214
BLOCK27/SES270/SA270S14	SES270	1.91684	-7.01416	-8.931
BLOCK27/SES270/SA270S16	SES270	0.427748	-7.1496	-7.57735
BLOCK27/SES270/SA270S22	SES270	2.0152	-6.33548	-8.35067
BLOCK27/SES270/SA270S26	SES270	1.26652	-7.31571	-8.58223
BLOCK27/SES270/SA270S28	SES270	1.24195	-6.90836	-8.1503
BLOCK27/SES275/SA275S17	SES275	0.506448	-6.80386	-7.3103
BLOCK27/SES275/SA275S18	SES275	0.284669	-7.00883	-7.2935
BLOCK27/SES275/SA275S24	SES275	0.253753	-7.53306	-7.78681
BLOCK27/SES275/SA275S26	SES275	0.574089	-6.96417	-7.53826
BLOCK27/SES275/SA275S28	SES275	0.40423	-7.1742	-7.57843
BLOCK29/SES292/SA292S10	SES292	-0.255747	-7.0476	-6.79185
BLOCK29/SES292/SA292S12	SES292	0.198634	-8.22126	-8.41989
BLOCK29/SES292/SA292S22	SES292	0.00787687	-7.657	-7.66487
BLOCK29/SES292/SA292S24	SES292	0.0658212	-7.40693	-7.47275
BLOCK29/SES292/SA292S27	SES292	-0.189429	-7.31884	-7.12942
BLOCK00/SES001/SA001S14	SES062	-1.89917	-10.0507	-8.15155
BLOCK00/SES001/SA001S14	SES082	-0.728309	-8.87986	-8.15155
BLOCK00/SES001/SA001S14	SES106	-1.26031	-9.41186	-8.15155
BLOCK00/SES001/SA001S14	SES206	-1.66469	-9.81624	-8.15155
BLOCK00/SES001/SA001S15	SES062	-0.7415	-8.33266	-7.59116
BLOCK00/SES001/SA001S15	SES104	-1.00823	-8.5994	-7.59116
BLOCK00/SES001/SA001S15	SES106	-1.28458	-8.87575	-7.59116
BLOCK00/SES001/SA001S15	SES206	-1.16575	-8.75692	-7.59116
BLOCK00/SES001/SA001S24	SES062	-0.380595	-8.33232	-7.95172
BLOCK00/SES001/SA001S24	SES082	-0.27865	-8.23037	-7.95172
BLOCK00/SES001/SA001S24	SES087	-0.266571	-8.21829	-7.95172
BLOCK00/SES001/SA001S24	SES206	0.178821	-7.7729	-7.95172
BLOCK00/SES001/SA001S27	SES062	-0.551298	-6.79194	-6.24064
BLOCK00/SES001/SA001S27	SES082	-0.504916	-6.74555	-6.24064
BLOCK00/SES001/SA001S27	SES087	-0.372712	-6.61335	-6.24064
BLOCK00/SES001/SA001S27	SES206	-0.992437	-7.23308	-6.24064
BLOCK00/SES001/SA001S29	SES062	-1.63446	-9.42372	-7.78926
BLOCK00/SES001/SA001S29	SES082	-0.553827	-8.34309	-7.78926
BLOCK00/SES001/SA001S29	SES158	-0.7348	-8.52406	-7.78926
BLOCK00/SES001/SA001S29	SES206	-1.0041	-8.79336	-7.78926
BLOCK00/SES003/SA003S11	SES002	0.0590706	-8.27988	-8.33895
BLOCK00/SES003/SA003S11	SES019	-0.820026	-9.15898	-8.33895
BLOCK00/SES003/SA003S11	SES082	-0.0513897	-8.39034	-8.33895
BLOCK00/SES003/SA003S11	SES125	-0.579775	-8.91873	-8.33895
BLOCK00/SES003/SA003S15	SES016	-1.16423	-8.38499	-7.22076
BLOCK00/SES003/SA003S15	SES019	-2.8019	-10.0227	-7.22076
BLOCK00/SES003/SA003S15	SES062	0.188232	-7.03253	-7.22076
BLOCK00/SES003/SA003S15	SES206	-0.467267	-7.68803	-7.22076
BLOCK00/SES003/SA003S22	SES002	-0.510955	-8.10685	-7.59589
BLOCK00/SES003/SA003S22	SES062	-0.192262	-7.78815	-7.59589
BLOCK00/SES003/SA003S22	SES082	-0.266574	-7.86247	-7.59589
BLOCK00/SES003/SA003S22	SES087	-0.389849	-7.98574	-7.59589
BLOCK00/SES003/SA003S25	SES062	-1.00828	-10.3172	-9.30893
BLOCK00/SES003/SA003S25	SES082	-1.09567	-10.4046	-9.30893
BLOCK00/SES003/SA003S25	SES087	-1.00717	-10.3161	-9.30893
BLOCK00/SES003/SA003S25	SES206	-1.08059	-10.3895	-9.30893
BLOCK00/SES003/SA003S29	SES002	-0.786893	-9.18445	-8.39756
BLOCK00/SES003/SA003S29	SES062	-1.63709	-10.0347	-8.39756
BLOCK00/SES003/SA003S29	SES082	-0.879979	-9.27754	-8.39756
BLOCK00/SES003/SA003S29	SES087	-1.62573	-10.0233	-8.39756
BLOCK00/SES004/SA004S12	SES083	-1.01422	-7.90327	-6.88905
BLOCK00/SES004/SA004S12	SES148	-0.69266	-7.58171	-6.88905
BLOCK00/SES004/SA004S12	SES172	0.095376	-6.79367	-6.88905
BLOCK00/SES004/SA004S12	SES292	-1.24977	-8.13882	-6.88905
BLOCK00/SES004/SA004S17	SES083	-0.797855	-7.99458	-7.19673
BLOCK00/SES004/SA004S17	SES162	-0.974243	-8.17097	-7.19673
BLOCK00/SES004/SA004S17	SES172	-0.408661	-7.60539	-7.19673
BLOCK00/SES004/SA004S17	SES292	-1.01636	-8.21309	-7.19673
BLOCK00/SES004/SA004S24	SES083	-0.904562	-7.70711	-6.80255
BLOCK00/SES004/SA004S24	SES148	-1.47133	-8.27388	-6.80255
BLOCK00/SES004/SA004S24	SES172	-0.0911226	-6.89367	-6.80255
BLOCK00/SES004/SA004S24	SES292	-0.76512	-7.56767	-6.80255
BLOCK00/SES004/SA004S26	SES083	-1.5775	-9.03583	-7.45833
BLOCK00/SES004/SA004S26	SES127	-0.684218	-8.14255	-7.45833
BLOCK00/SES004/SA004S26	SES148	-2.39455	-9.85288	-7.45833
BLOCK00/SES004/SA004S26	SES292	-1.90969	-9.36802	-7.45833
BLOCK00/SES004/SA004S28	SES083	-0.563719	-7.66219	-7.09847
BLOCK00/SES004/SA004S28	SES127	0.12535	-6.97312	-7.09847
BLOCK00/SES004/SA004S28	SES187	0.10112	-6.99735	-7.09847
BLOCK00/SES004/SA004S28	SES292	-1.37154	-8.47001	-7.09847
BLOCK00/SES006/SA006S10	SES014	-0.78278	-10.1115	-9.32875
BLOCK00/SES006/SA006S10	SES158	-1.36561	-10.6944	-9.32875
BLOCK00/SES006/SA006S10	SES226	-2.15622	-11.485	-9.32875
BLOCK00/SES006/SA006S10	SES270	0.0202169	-9.30853	-9.32875
BLOCK00/SES006/SA006S11	SES158	-1.87315	-10.7499	-8.87675
BLOCK00/SES006/SA006S11	SES226	-1.33502	-10.2118	-8.87675
BLOCK00/SES006/SA006S11	SES270	0.0248213	-8.85193	-8.87675
BLOCK00/SES006/SA006S11	SES275	-1.54135	-10.4181	-8.87675
BLOCK00/SES006/SA006S23	SES062	-3.3394	-12.2819	-8.94254
BLOCK00/SES006/SA006S23	SES105	-3.04054	-11.9831	-8.94254
BLOCK00/SES006/SA006S23	SES158	-1.60475	-10.5473	-8.94254
BLOCK00/SES006/SA006S23	SES275	-2.44849	-11.391	-8.94254
BLOCK00/SES006/SA006S26	SES104	-2.03809	-11.2407	-9.20264
BLOCK00/SES006/SA006S26	SES158	-1.84907	-11.0517	-9.20264
BLOCK00/SES006/SA006S26	SES270	-0.0553408	-9.25798	-9.20264
BLOCK00/SES006/SA006S26	SES275	-1.9569	-11.1595	-9.20264
BLOCK00/SES006/SA006S28	SES007	-1.62557	-11.2076	-9.58201
BLOCK00/SES006/SA006S28	SES105	-2.42333	-12.0053	-9.58201
BLOCK00/SES006/SA006S28	SES158	-0.629407	-10.2114	-9.58201
BLOCK00/SES006/SA006S28	SES275	-1.58298	-11.165	-9.58201
BLOCK00/SES009/SA009S12	SES083	-2.39532	-9.88867	-7.49335
BLOCK00/SES009/SA009S12	SES148	-1.47063	-8.96399	-7.49335
BLOCK00/SES009/SA009S12	SES177	-0.531828	-8.02518	-7.49335
BLOCK00/SES009/SA009S12	SES292	-0.898287	-8.39164	-7.49335
BLOCK00/SES009/SA009S15	SES007	-0.137873	-7.05818	-6.9203
BLOCK00/SES009/SA009S15	SES099	-3.20219	-10.1225	-6.9203
BLOCK00/SES009/SA009S15	SES148	-1.3865	-8.3068	-6.9203
BLOCK00/SES009/SA009S15	SES172	-0.593192	-7.5135	-6.9203
BLOCK00/SES009/SA009S24	SES146	-0.569885	-8.19912	-7.62923
BLOCK00/SES009/SA009S24	SES148	-2.03694	-9.66618	-7.62923
BLOCK00/SES009/SA009S24	SES177	-0.281223	-7.91046	-7.62923
BLOCK00/SES009/SA009S24	SES292	-0.936687	-8.56592	-7.62923
BLOCK00/SES009/SA009S26	SES083	-2.24313	-9.69041	-7.44728
BLOCK00/SES009/SA009S26	SES101	-1.99742	-9.4447	-7.44728
BLOCK00/SES009/SA009S26	SES120	-0.786083	-8.23336	-7.44728
BLOCK00/SES009/SA009S26	SES177	-1.00226	-8.44955	-7.44728
BLOCK00/SES009/SA009S29	SES083	-1.79241	-9.26963	-7.47722
BLOCK00/SES009/SA009S29	SES101	-1.36739	-8.84461	-7.47722
BLOCK00/SES009/SA009S29	SES177	-0.558059	-8.03528	-7.47722
BLOCK00/SES009/SA009S29	SES292	-0.899098	-8.37632	-7.47722
BLOCK01/SES011/SA011S10	SES019	-3.57618	-12.5686	-8.99243
BLOCK01/SES011/SA011S10	SES042	1.25143	-7.741	-8.99243
BLOCK01/SES011/SA011S10	SES082	-0.423765	-9.4162	-8.99243
BLOCK01/SES011/SA011S10	SES206	0.000545502	-8.99189	-8.99243
BLOCK01/SES011/SA011S11	SES019	-2.17187	-10.9465	-8.77467
BLOCK01/SES011/SA011S11	SES042	0.706131	-8.06853	-8.77467
BLOCK01/SES011/SA011S11	SES082	0.172114	-8.60255	-8.77467
BLOCK01/SES011/SA011S11	SES206	-0.427514	-9.20218	-8.77467
BLOCK01/SES011/SA011S22	SES019	-1.56073	-10.3479	-8.78719
BLOCK01/SES011/SA011S22	SES042	0.607057	-8.18014	-8.78719
BLOCK01/SES011/SA011S22	SES082	-0.562351	-9.34954	-8.78719
BLOCK01/SES011/SA011S22	SES206	-0.785097	-9.57229	-8.78719
BLOCK01/SES011/SA011S24	SES019	-2.43668	-10.5466	-8.10997
BLOCK01/SES011/SA011S24	SES042	1.31827	-6.7917	-8.10997
BLOCK01/SES011/SA011S24	SES104	0.15233	-7.95763	-8.10997
BLOCK01/SES011/SA011S24	SES206	0.0130215	-8.09694	-8.10997
BLOCK01/SES011/SA011S27	SES082	0.0403986	-8.06877	-8.10917
BLOCK01/SES011/SA011S27	SES087	-1.18948	-9.29865	-8.10917
BLOCK01/SES011/SA011S27	SES125	-0.03374	-8.14291	-8.10917
BLOCK01/SES011/SA011S27	SES206	-0.0135746	-8.12275	-8.10917
BLOCK01/SES012/SA012S11	SES007	0.0269442	-6.83262	-6.85957
BLOCK01/SES012/SA012S11	SES082	-0.010704	-6.87027	-6.85957
BLOCK01/SES012/SA012S11	SES083	-1.18362	-8.04319	-6.85957
BLOCK01/SES012/SA012S11	SES206	-0.496936	-7.3565	-6.85957
BLOCK01/SES012/SA012S14	SES082	-0.300866	-8.18992	-7.88905
BLOCK01/SES012/SA012S14	SES087	-1.79071	-9.67976	-7.88905
BLOCK01/SES012/SA012S14	SES206	-0.266612	-8.15566	-7.88905
BLOCK01/SES012/SA012S14	SES292	-0.849462	-8.73851	-7.88905
BLOCK01/SES012/SA012S24	SES082	-0.439536	-9.14092	-8.70138
BLOCK01/SES012/SA012S24	SES087	-1.29414	-9.99552	-8.70138
BLOCK01/SES012/SA012S24	SES120	-1.78259	-10.484	-8.70138
BLOCK01/SES012/SA012S24	SES206	-0.818253	-9.51963	-8.70138
BLOCK01/SES012/SA012S26	SES019	-6.03793	-14.5418	-8.50385
BLOCK01/SES012/SA012S26	SES082	-1.15587	-9.65972	-8.50385
BLOCK01/SES012/SA012S26	SES206	0.525664	-7.97819	-8.50385
BLOCK01/SES012/SA012S26	SES292	-1.03357	-9.53743	-8.50385
BLOCK01/SES012/SA012S29	SES062	-1.18763	-7.66939	-6.48176
BLOCK01/SES012/SA012S29	SES082	0.184502	-6.29726	-6.48176
BLOCK01/SES012/SA012S29	SES083	-1.78514	-8.26691	-6.48176
BLOCK01/SES012/SA012S29	SES206	0.0724492	-6.40931	-6.48176
BLOCK01/SES013/SA013S16	SES062	-2.81771	-12.0587	-9.241
BLOCK01/SES013/SA013S16	SES106	-0.806655	-10.0477	-9.241
BLOCK01/SES013/SA013S16	SES206	-0.602268	-9.84327	-9.241
BLOCK01/SES013/SA013S16	SES226	-0.532562	-9.77356	-9.241
BLOCK01/SES013/SA013S17	SES062	-1.02637	-9.28179	-8.25541
BLOCK01/SES013/SA013S17	SES106	-0.859776	-9.11519	-8.25541
BLOCK01/SES013/SA013S17	SES206	0.0442371	-8.21118	-8.25541
BLOCK01/SES013/SA013S17	SES226	-0.114923	-8.37034	-8.25541
BLOCK01/SES013/SA013S23	SES104	-0.443619	-9.80145	-9.35783
BLOCK01/SES013/SA013S23	SES106	0.454061	-8.90377	-9.35783
BLOCK01/SES013/SA013S23	SES206	-1.12218	-10.48	-9.35783
BLOCK01/SES013/SA013S23	SES270	0.00239563	-9.35544	-9.35783
BLOCK01/SES013/SA013S25	SES042	-2.09454	-10.8712	-8.77664
BLOCK01/SES013/SA013S25	SES104	0.0708256	-8.70581	-8.77664
BLOCK01/SES013/SA013S25	SES106	0.334959	-8.44168	-8.77664
BLOCK01/SES013/SA013S25	SES206	-0.979295	-9.75593	-8.77664
BLOCK01/SES013/SA013S29	SES062	-2.36475	-11.4082	-9.04344
BLOCK01/SES013/SA013S29	SES104	-0.651653	-9.69509	-9.04344
BLOCK01/SES013/SA013S29	SES106	0.0467854	-8.99665	-9.04344
BLOCK01/SES013/SA013S29	SES206	-1.42747	-10.4709	-9.04344
BLOCK02/SES021/SA021S13	SES016	-2.17179	-9.9225	-7.75072
BLOCK02/SES021/SA021S13	SES029	-0.939699	-8.69042	-7.75072
BLOCK02/SES021/SA021S13	SES087	-2.46864	-10.2194	-7.75072
BLOCK02/SES021/SA021S13	SES206	-1.98211	-9.73283	-7.75072
BLOCK02/SES021/SA021S15	SES087	-0.470017	-8.02012	-7.55011
BLOCK02/SES021/SA021S15	SES125	-0.848215	-8.39832	-7.55011
BLOCK02/SES021/SA021S15	SES206	-1.08445	-8.63455	-7.55011
BLOCK02/SES021/SA021S15	SES226	-0.865833	-8.41594	-7.55011
BLOCK02/SES021/SA021S23	SES062	-1.95122	-10.8473	-8.89604
BLOCK02/SES021/SA021S23	SES087	-0.230391	-9.12643	-8.89604
BLOCK02/SES021/SA021S23	SES206	-0.850276	-9.74632	-8.89604
BLOCK02/SES021/SA021S23	SES226	-0.774272	-9.67031	-8.89604
BLOCK02/SES021/SA021S27	SES002	-0.403807	-7.69323	-7.28942
BLOCK02/SES021/SA021S27	SES016	-2.77965	-10.0691	-7.28942
BLOCK02/SES021/SA021S27	SES019	-1.37809	-8.66751	-7.28942
BLOCK02/SES021/SA021S27	SES062	-0.694643	-7.98406	-7.28942
BLOCK02/SES021/SA021S29	SES087	-0.912605	-9.16168	-8.24908
BLOCK02/SES021/SA021S29	SES125	-1.52339	-9.77247	-8.24908
BLOCK02/SES021/SA021S29	SES206	-0.260878	-8.50996	-8.24908
BLOCK02/SES021/SA021S29	SES226	-0.773338	-9.02242	-8.24908
BLOCK04/SES043/SA043S09	SES083	-0.0975637	-8.56467	-8.46711
BLOCK04/SES043/SA043S09	SES101	-0.262672	-8.72978	-8.46711
BLOCK04/SES043/SA043S09	SES144	0.0752668	-8.39184	-8.46711
BLOCK04/SES043/SA043S09	SES172	-1.15184	-9.61895	-8.46711
BLOCK04/SES043/SA043S11	SES083	-0.0713496	-7.1966	-7.12525
BLOCK04/SES043/SA043S11	SES101	-0.317179	-7.44243	-7.12525
BLOCK04/SES043/SA043S11	SES144	0.169844	-6.95541	-7.12525
BLOCK04/SES043/SA043S11	SES172	-0.559409	-7.68466	-7.12525
BLOCK04/SES043/SA043S23	SES083	-0.301867	-8.04681	-7.74495
BLOCK04/SES043/SA043S23	SES144	-0.0538654	-7.79881	-7.74495
BLOCK04/SES043/SA043S23	SES177	-0.672239	-8.41718	-7.74495
BLOCK04/SES043/SA043S23	SES275	-0.793063	-8.53801	-7.74495
BLOCK04/SES043/SA043S26	SES083	-0.664539	-9.43711	-8.77257
BLOCK04/SES043/SA043S26	SES101	-0.522912	-9.29548	-8.77257
BLOCK04/SES043/SA043S26	SES144	-0.0397234	-8.81229	-8.77257
BLOCK04/SES043/SA043S26	SES177	-0.784014	-9.55658	-8.77257
BLOCK04/SES043/SA043S28	SES016	-1.8176	-9.50098	-7.68338
BLOCK04/SES043/SA043S28	SES083	-0.723152	-8.40653	-7.68338
BLOCK04/SES043/SA043S28	SES101	-0.680743	-8.36412	-7.68338
BLOCK04/SES043/SA043S28	SES144	-0.437019	-8.1204	-7.68338
BLOCK04/SES044/SA044S10	SES127	-2.13529	-11.0672	-8.93189
BLOCK04/SES044/SA044S10	SES144	0.251503	-8.68039	-8.93189
BLOCK04/SES044/SA044S10	SES147	-3.49235	-12.4242	-8.93189
BLOCK04/SES044/SA044S10	SES148	-2.44849	-11.3804	-8.93189
BLOCK04/SES044/SA044S11	SES101	-0.0247087	-8.02475	-8.00004
BLOCK04/SES044/SA044S11	SES144	0.32149	-7.67855	-8.00004
BLOCK04/SES044/SA044S11	SES147	-1.33617	-9.33621	-8.00004
BLOCK04/SES044/SA044S11	SES177	-0.788547	-8.78859	-8.00004
BLOCK04/SES044/SA044S24	SES007	-1.80438	-9.82777	-8.02338
BLOCK04/SES044/SA044S24	SES101	0.237289	-7.78609	-8.02338
BLOCK04/SES044/SA044S24	SES147	-1.7267	-9.75008	-8.02338
BLOCK04/SES044/SA044S24	SES177	-0.100444	-8.12383	-8.02338
BLOCK04/SES044/SA044S26	SES007	-1.26429	-8.66682	-7.40253
BLOCK04/SES044/SA044S26	SES016	-0.764013	-8.16654	-7.40253
BLOCK04/SES044/SA044S26	SES101	-0.337842	-7.74037	-7.40253
BLOCK04/SES044/SA044S26	SES147	-0.497037	-7.89956	-7.40253
BLOCK04/SES044/SA044S29	SES007	-2.42374	-9.48709	-7.06335
BLOCK04/SES044/SA044S29	SES101	-0.105813	-7.16917	-7.06335
BLOCK04/SES044/SA044S29	SES147	-1.35208	-8.41543	-7.06335
BLOCK04/SES044/SA044S29	SES177	-2.05546	-9.11881	-7.06335
BLOCK04/SES046/SA046S13	SES101	-0.100026	-8.9693	-8.86927
BLOCK04/SES046/SA046S13	SES144	0.0196571	-8.84961	-8.86927
BLOCK04/SES046/SA046S13	SES147	-1.80959	-10.6789	-8.86927
BLOCK04/SES046/SA046S13	SES177	-0.918722	-9.78799	-8.86927
BLOCK04/SES046/SA046S15	SES048	-0.529499	-6.78948	-6.25998
BLOCK04/SES046/SA046S15	SES083	-0.96879	-7.22877	-6.25998
BLOCK04/SES046/SA046S15	SES120	-2.34331	-8.60329	-6.25998
BLOCK04/SES046/SA046S15	SES148	-1.15627	-7.41625	-6.25998
BLOCK04/SES046/SA046S22	SES101	0.0369692	-8.18076	-8.21773
BLOCK04/SES046/SA046S22	SES144	0.271105	-7.94662	-8.21773
BLOCK04/SES046/SA046S22	SES147	-1.74014	-9.95787	-8.21773
BLOCK04/SES046/SA046S22	SES172	0.0131922	-8.20453	-8.21773
BLOCK04/SES046/SA046S25	SES083	-0.613849	-8.01705	-7.4032
BLOCK04/SES046/SA046S25	SES127	-1.27674	-8.67994	-7.4032
BLOCK04/SES046/SA046S25	SES144	-0.264208	-7.66741	-7.4032
BLOCK04/SES046/SA046S25	SES148	-1.50642	-8.90963	-7.4032
BLOCK04/SES046/SA046S28	SES007	-0.745305	-8.31109	-7.56579
BLOCK04/SES046/SA046S28	SES105	-1.23141	-8.79719	-7.56579
BLOCK04/SES046/SA046S28	SES147	-0.943225	-8.50901	-7.56579
BLOCK04/SES046/SA046S28	SES148	-1.53797	-9.10376	-7.56579
BLOCK04/SES049/SA049S16	SES104	-0.33071	-9.92431	-9.5936
BLOCK04/SES049/SA049S16	SES106	-1.40683	-11.0004	-9.5936
BLOCK04/SES049/SA049S16	SES120	-0.617806	-10.2114	-9.5936
BLOCK04/SES049/SA049S16	SES206	-1.28347	-10.8771	-9.5936
BLOCK04/SES049/SA049S18	SES099	0.237761	-8.55799	-8.79576
BLOCK04/SES049/SA049S18	SES104	-1.14766	-9.94342	-8.79576
BLOCK04/SES049/SA049S18	SES125	-1.27109	-10.0668	-8.79576
BLOCK04/SES049/SA049S18	SES206	-1.86934	-10.6651	-8.79576
BLOCK04/SES049/SA049S25	SES087	-0.862285	-11.0509	-10.1886
BLOCK04/SES049/SA049S25	SES104	0.00929356	-10.1793	-10.1886
BLOCK04/SES049/SA049S25	SES125	-0.331323	-10.5199	-10.1886
BLOCK04/SES049/SA049S25	SES206	-0.532955	-10.7215	-10.1886
BLOCK04/SES049/SA049S27	SES099	-0.265208	-8.57176	-8.30655
BLOCK04/SES049/SA049S27	SES104	0.465578	-7.84097	-8.30655
BLOCK04/SES049/SA049S27	SES125	-0.985614	-9.29216	-8.30655
BLOCK04/SES049/SA049S27	SES206	-1.16387	-9.47041	-8.30655
BLOCK04/SES049/SA049S29	SES099	-0.407587	-8.26075	-7.85316
BLOCK04/SES049/SA049S29	SES104	0.157699	-7.69546	-7.85316
BLOCK04/SES049/SA049S29	SES125	-0.269905	-8.12307	-7.85316
BLOCK04/SES049/SA049S29	SES206	-1.30896	-9.16213	-7.85316
BLOCK06/SES063/SA063S09	SES068	-2.01451	-11.1182	-9.10371
BLOCK06/SES063/SA063S09	SES083	-0.560035	-9.66375	-9.10371
BLOCK06/SES063/SA063S09	SES177	-0.641316	-9.74503	-9.10371
BLOCK06/SES063/SA063S09	SES187	-1.06576	-10.1695	-9.10371
BLOCK06/SES063/SA063S10	SES068	-1.53274	-10.4708	-8.93808
BLOCK06/SES063/SA063S10	SES083	-0.643239	-9.58132	-8.93808
BLOCK06/SES063/SA063S10	SES172	-0.697847	-9.63593	-8.93808
BLOCK06/SES063/SA063S10	SES187	-0.790204	-9.72829	-8.93808
BLOCK06/SES063/SA063S20	SES068	-2.31594	-11.0688	-8.75284
BLOCK06/SES063/SA063S20	SES083	-0.882825	-9.63566	-8.75284
BLOCK06/SES063/SA063S20	SES172	-0.874047	-9.62688	-8.75284
BLOCK06/SES063/SA063S20	SES187	-0.881319	-9.63416	-8.75284
BLOCK06/SES063/SA063S24	SES029	-1.95212	-11.6844	-9.73224
BLOCK06/SES063/SA063S24	SES083	-0.352407	-10.0846	-9.73224
BLOCK06/SES063/SA063S24	SES177	-0.490843	-10.2231	-9.73224
BLOCK06/SES063/SA063S24	SES189	0.759208	-8.97303	-9.73224
BLOCK06/SES063/SA063S27	SES083	-0.197696	-8.76922	-8.57152
BLOCK06/SES063/SA063S27	SES172	-1.57412	-10.1456	-8.57152
BLOCK06/SES063/SA063S27	SES187	-0.65503	-9.22655	-8.57152
BLOCK06/SES063/SA063S27	SES292	-1.05995	-9.63147	-8.57152
BLOCK06/SES067/SA067S12	SES083	-0.950572	-8.22435	-7.27378
BLOCK06/SES067/SA067S12	SES172	-1.42724	-8.70102	-7.27378
BLOCK06/SES067/SA067S12	SES202	-0.762909	-8.03669	-7.27378
BLOCK06/SES067/SA067S12	SES292	-1.08661	-8.36039	-7.27378
BLOCK06/SES067/SA067S14	SES085	-1.06819	-7.327	-6.25881
BLOCK06/SES067/SA067S14	SES177	-1.35212	-7.61093	-6.25881
BLOCK06/SES067/SA067S14	SES183	0.456409	-5.8024	-6.25881
BLOCK06/SES067/SA067S14	SES202	-0.240604	-6.49941	-6.25881
BLOCK06/SES067/SA067S21	SES144	-0.975142	-8.73391	-7.75877
BLOCK06/SES067/SA067S21	SES177	-1.25504	-9.01381	-7.75877
BLOCK06/SES067/SA067S21	SES183	-1.16733	-8.9261	-7.75877
BLOCK06/SES067/SA067S21	SES189	-1.17143	-8.9302	-7.75877
BLOCK06/SES067/SA067S25	SES085	-1.8522	-8.8544	-7.0022
BLOCK06/SES067/SA067S25	SES177	-0.832654	-7.83485	-7.0022
BLOCK06/SES067/SA067S25	SES183	-0.620634	-7.62283	-7.0022
BLOCK06/SES067/SA067S25	SES202	-1.7615	-8.7637	-7.0022
BLOCK06/SES067/SA067S29	SES085	-2.69683	-10.9119	-8.21503
BLOCK06/SES067/SA067S29	SES177	-1.62954	-9.84457	-8.21503
BLOCK06/SES067/SA067S29	SES183	-0.662512	-8.87754	-8.21503
BLOCK06/SES067/SA067S29	SES202	-0.217315	-8.43235	-8.21503
BLOCK06/SES069/SA069S12	SES029	-1.18794	-8.75835	-7.57042
BLOCK06/SES069/SA069S12	SES082	-0.524377	-8.0948	-7.57042
BLOCK06/SES069/SA069S12	SES087	-0.953187	-8.52361	-7.57042
BLOCK06/SES069/SA069S12	SES206	-0.340709	-7.91113	-7.57042
BLOCK06/SES069/SA069S13	SES029	-1.64448	-9.25603	-7.61155
BLOCK06/SES069/SA069S13	SES087	-0.975201	-8.58675	-7.61155
BLOCK06/SES069/SA069S13	SES206	-1.07668	-8.68823	-7.61155
BLOCK06/SES069/SA069S13	SES226	0.43011	-7.18144	-7.61155
BLOCK06/SES069/SA069S23	SES029	0.0523109	-7.0032	-7.05551
BLOCK06/SES069/SA069S23	SES087	-0.0152507	-7.07076	-7.05551
BLOCK06/SES069/SA069S23	SES206	-0.667135	-7.72264	-7.05551
BLOCK06/SES069/SA069S23	SES226	0.382866	-6.67264	-7.05551
BLOCK06/SES069/SA069S25	SES087	-0.480421	-8.07877	-7.59835
BLOCK06/SES069/SA069S25	SES206	-1.40487	-9.00321	-7.59835
BLOCK06/SES069/SA069S25	SES226	0.212345	-7.386	-7.59835
BLOCK06/SES069/SA069S25	SES270	-0.897005	-8.49535	-7.59835
BLOCK06/SES069/SA069S27	SES087	-1.333	-9.38624	-8.05324
BLOCK06/SES069/SA069S27	SES206	-0.569634	-8.62287	-8.05324
BLOCK06/SES069/SA069S27	SES226	0.263315	-7.78992	-8.05324
BLOCK06/SES069/SA069S27	SES270	-0.497547	-8.55079	-8.05324
BLOCK08/SES081/SA081S11	SES060	-1.11946	-9.05023	-7.93077
BLOCK08/SES081/SA081S11	SES062	-0.785591	-8.71636	-7.93077
BLOCK08/SES081/SA081S11	SES117	-1.94098	-9.87175	-7.93077
BLOCK08/SES081/SA081S11	SES162	-1.57971	-9.51048	-7.93077
BLOCK08/SES081/SA081S13	SES016	-0.374373	-7.38715	-7.01278
BLOCK08/SES081/SA081S13	SES060	-0.156777	-7.16956	-7.01278
BLOCK08/SES081/SA081S13	SES068	-0.204535	-7.21732	-7.01278
BLOCK08/SES081/SA081S13	SES129	-1.02688	-8.03966	-7.01278
BLOCK08/SES081/SA081S24	SES060	-0.303223	-7.68166	-7.37843
BLOCK08/SES081/SA081S24	SES068	-0.633288	-8.01172	-7.37843
BLOCK08/SES081/SA081S24	SES117	-1.67947	-9.0579	-7.37843
BLOCK08/SES081/SA081S24	SES275	-0.975754	-8.35419	-7.37843
BLOCK08/SES081/SA081S27	SES007	-0.230151	-8.2995	-8.06935
BLOCK08/SES081/SA081S27	SES060	-0.565933	-8.63528	-8.06935
BLOCK08/SES081/SA081S27	SES117	-0.947507	-9.01685	-8.06935
BLOCK08/SES081/SA081S27	SES275	-1.36593	-9.43528	-8.06935
BLOCK08/SES081/SA081S29	SES007	-0.124221	-8.7634	-8.63918
BLOCK08/SES081/SA081S29	SES060	-0.277934	-8.91712	-8.63918
BLOCK08/SES081/SA081S29	SES117	-0.827199	-9.46638	-8.63918
BLOCK08/SES081/SA081S29	SES275	-1.24891	-9.88809	-8.63918
BLOCK08/SES086/SA086S11	SES029	-2.2468	-11.9551	-9.70826
BLOCK08/SES086/SA086S11	SES082	-1.20676	-10.915	-9.70826
BLOCK08/SES086/SA086S11	SES087	0.130069	-9.57819	-9.70826
BLOCK08/SES086/SA086S11	SES206	-1.06231	-10.7706	-9.70826
BLOCK08/SES086/SA086S12	SES029	-1.41367	-10.1105	-8.69687
BLOCK08/SES086/SA086S12	SES082	-1.2612	-9.95807	-8.69687
BLOCK08/SES086/SA086S12	SES087	0.553183	-8.14368	-8.69687
BLOCK08/SES086/SA086S12	SES206	-0.399923	-9.09679	-8.69687
BLOCK08/SES086/SA086S20	SES029	-1.77701	-9.9884	-8.2114
BLOCK08/SES086/SA086S20	SES082	-0.941512	-9.15291	-8.2114
BLOCK08/SES086/SA086S20	SES087	0.248321	-7.96307	-8.2114
BLOCK08/SES086/SA086S20	SES206	-0.277966	-8.48936	-8.2114
BLOCK08/SES086/SA086S24	SES087	0.255471	-9.11117	-9.36664
BLOCK08/SES086/SA086S24	SES104	-1.04957	-10.4162	-9.36664
BLOCK08/SES086/SA086S24	SES120	-0.806325	-10.173	-9.36664
BLOCK08/SES086/SA086S24	SES206	0.117574	-9.24907	-9.36664
BLOCK08/SES086/SA086S28	SES029	-1.54517	-9.5942	-8.04903
BLOCK08/SES086/SA086S28	SES082	-0.93819	-8.98722	-8.04903
BLOCK08/SES086/SA086S28	SES087	0.352542	-7.69649	-8.04903
BLOCK08/SES086/SA086S28	SES206	-0.111737	-8.16077	-8.04903
BLOCK08/SES089/SA089S13	SES087	-0.482799	-9.48787	-9.00507
BLOCK08/SES089/SA089S13	SES206	-1.0128	-10.0179	-9.00507
BLOCK08/SES089/SA089S13	SES226	-0.537583	-9.54265	-9.00507
BLOCK08/SES089/SA089S13	SES270	-1.25102	-10.2561	-9.00507
BLOCK08/SES089/SA089S14	SES062	-1.49237	-9.80531	-8.31294
BLOCK08/SES089/SA089S14	SES087	-0.0535097	-8.36645	-8.31294
BLOCK08/SES089/SA089S14	SES206	-1.2516	-9.56454	-8.31294
BLOCK08/SES089/SA089S14	SES226	-1.25277	-9.56571	-8.31294
BLOCK08/SES089/SA089S23	SES087	-0.297156	-10.7138	-10.4166
BLOCK08/SES089/SA089S23	SES206	-1.3165	-11.7331	-10.4166
BLOCK08/SES089/SA089S23	SES226	-0.684479	-11.1011	-10.4166
BLOCK08/SES089/SA089S23	SES270	-2.87836	-13.295	-10.4166
BLOCK08/SES089/SA089S25	SES062	-0.623368	-9.56649	-8.94312
BLOCK08/SES089/SA089S25	SES087	0.109856	-8.83327	-8.94312
BLOCK08/SES089/SA089S25	SES206	-1.34528	-10.2884	-8.94312
BLOCK08/SES089/SA089S25	SES226	-0.840677	-9.7838	-8.94312
BLOCK08/SES089/SA089S28	SES062	-0.243823	-9.02473	-8.78091
BLOCK08/SES089/SA089S28	SES087	0.361701	-8.41921	-8.78091
BLOCK08/SES089/SA089S28	SES206	-0.775846	-9.55676	-8.78091
BLOCK08/SES089/SA089S28	SES226	-0.343188	-9.1241	-8.78091
BLOCK09/SES097/SA097S11	SES099	0.472396	-9.19129	-9.66368
BLOCK09/SES097/SA097S11	SES125	-0.972892	-10.6366	-9.66368
BLOCK09/SES097/SA097S11	SES206	-0.818664	-10.4823	-9.66368
BLOCK09/SES097/SA097S11	SES226	1.38232	-8.28137	-9.66368
BLOCK09/SES097/SA097S14	SES062	-1.92016	-10.718	-8.79784
BLOCK09/SES097/SA097S14	SES099	-0.230707	-9.02855	-8.79784
BLOCK09/SES097/SA097S14	SES104	-0.144232	-8.94207	-8.79784
BLOCK09/SES097/SA097S14	SES206	-0.869212	-9.66705	-8.79784
BLOCK09/SES097/SA097S22	SES099	0.509142	-8.76431	-9.27345
BLOCK09/SES097/SA097S22	SES206	-1.00027	-10.2737	-9.27345
BLOCK09/SES097/SA097S22	SES226	-0.183756	-9.45721	-9.27345
BLOCK09/SES097/SA097S22	SES270	-0.203451	-9.47691	-9.27345
BLOCK09/SES097/SA097S26	SES099	0.864837	-8.87893	-9.74377
BLOCK09/SES097/SA097S26	SES120	-0.215236	-9.959	-9.74377
BLOCK09/SES097/SA097S26	SES206	-1.26222	-11.006	-9.74377
BLOCK09/SES097/SA097S26	SES226	0.472852	-9.27091	-9.74377
BLOCK09/SES097/SA097S28	SES099	0.298775	-7.8982	-8.19698
BLOCK09/SES097/SA097S28	SES120	-0.651875	-8.84885	-8.19698
BLOCK09/SES097/SA097S28	SES206	-1.21321	-9.41019	-8.19698
BLOCK09/SES097/SA097S28	SES226	-0.380177	-8.57716	-8.19698
BLOCK09/SES098/SA098S11	SES127	-1.1565	-8.21281	-7.0563
BLOCK09/SES098/SA098S11	SES144	-0.625001	-7.6813	-7.0563
BLOCK09/SES098/SA098S11	SES147	-0.667535	-7.72384	-7.0563
BLOCK09/SES098/SA098S11	SES148	-2.14752	-9.20382	-7.0563
BLOCK09/SES098/SA098S12	SES127	-2.35079	-10.8787	-8.52788
BLOCK09/SES098/SA098S12	SES144	-1.67554	-10.2034	-8.52788
BLOCK09/SES098/SA098S12	SES147	-1.7661	-10.294	-8.52788
BLOCK09/SES098/SA098S12	SES189	-1.59365	-10.1215	-8.52788
BLOCK09/SES098/SA098S20	SES127	-2.88719	-11.1088	-8.22163
BLOCK09/SES098/SA098S20	SES147	-1.78636	-10.008	-8.22163
BLOCK09/SES098/SA098S20	SES148	-4.45305	-12.6747	-8.22163
BLOCK09/SES098/SA098S20	SES292	-0.85526	-9.07689	-8.22163
BLOCK09/SES098/SA098S23	SES127	-1.69166	-9.6424	-7.95075
BLOCK09/SES098/SA098S23	SES147	-1.27108	-9.22182	-7.95075
BLOCK09/SES098/SA098S23	SES187	-0.624794	-8.57554	-7.95075
BLOCK09/SES098/SA098S23	SES292	-0.834564	-8.78531	-7.95075
BLOCK09/SES098/SA098S27	SES127	-2.25681	-10.2964	-8.03955
BLOCK09/SES098/SA098S27	SES147	-1.62661	-9.66616	-8.03955
BLOCK09/SES098/SA098S27	SES148	-3.19876	-11.2383	-8.03955
BLOCK09/SES098/SA098S27	SES292	-0.540421	-8.57997	-8.03955
BLOCK10/SES102/SA102S13	SES101	-0.311677	-9.33713	-9.02545
BLOCK10/SES102/SA102S13	SES105	-1.27844	-10.3039	-9.02545
BLOCK10/SES102/SA102S13	SES120	-2.69974	-11.7252	-9.02545
BLOCK10/SES102/SA102S13	SES158	-1.93341	-10.9589	-9.02545
BLOCK10/SES102/SA102S14	SES007	-0.00905275	-6.20767	-6.19862
BLOCK10/SES102/SA102S14	SES101	-0.555181	-6.7538	-6.19862
BLOCK10/SES102/SA102S14	SES105	-0.948348	-7.14697	-6.19862
BLOCK10/SES102/SA102S14	SES147	-2.07436	-8.27297	-6.19862
BLOCK10/SES102/SA102S22	SES007	-1.22123	-8.46756	-7.24633
BLOCK10/SES102/SA102S22	SES101	-0.482244	-7.72857	-7.24633
BLOCK10/SES102/SA102S22	SES105	-0.696076	-7.94241	-7.24633
BLOCK10/SES102/SA102S22	SES158	-1.89265	-9.13898	-7.24633
BLOCK10/SES102/SA102S25	SES007	-0.250816	-7.40511	-7.1543
BLOCK10/SES102/SA102S25	SES101	-0.367712	-7.52201	-7.1543
BLOCK10/SES102/SA102S25	SES105	-0.993283	-8.14758	-7.1543
BLOCK10/SES102/SA102S25	SES147	-2.30092	-9.45522	-7.1543
BLOCK10/SES102/SA102S27	SES007	-0.555517	-8.03746	-7.48195
BLOCK10/SES102/SA102S27	SES101	0.0634127	-7.41853	-7.48195
BLOCK10/SES102/SA102S27	SES105	-1.64149	-9.12344	-7.48195
BLOCK10/SES102/SA102S27	SES147	-2.23619	-9.71814	-7.48195
BLOCK10/SES103/SA103S14	SES105	-1.58212	-10.2579	-8.67581
BLOCK10/SES103/SA103S14	SES106	-1.47549	-10.1513	-8.67581
BLOCK10/SES103/SA103S14	SES120	-2.13077	-10.8066	-8.67581
BLOCK10/SES103/SA103S14	SES206	-1.80793	-10.4837	-8.67581
BLOCK10/SES103/SA103S15	SES099	-2.02814	-11.9895	-9.96136
BLOCK10/SES103/SA103S15	SES101	-3.31417	-13.2755	-9.96136
BLOCK10/SES103/SA103S15	SES104	-0.910245	-10.8716	-9.96136
BLOCK10/SES103/SA103S15	SES125	-1.32683	-11.2882	-9.96136
BLOCK10/SES103/SA103S24	SES104	-0.697244	-9.5642	-8.86695
BLOCK10/SES103/SA103S24	SES125	-2.31792	-11.1849	-8.86695
BLOCK10/SES103/SA103S24	SES148	-2.13041	-10.9974	-8.86695
BLOCK10/SES103/SA103S24	SES158	-1.27544	-10.1424	-8.86695
BLOCK10/SES103/SA103S26	SES104	-0.721456	-9.33291	-8.61145
BLOCK10/SES103/SA103S26	SES106	-1.30117	-9.91262	-8.61145
BLOCK10/SES103/SA103S26	SES125	-0.953024	-9.56448	-8.61145
BLOCK10/SES103/SA103S26	SES148	-2.21035	-10.8218	-8.61145
BLOCK10/SES103/SA103S28	SES104	-0.30159	-9.31898	-9.01739
BLOCK10/SES103/SA103S28	SES106	-1.13712	-10.1545	-9.01739
BLOCK10/SES103/SA103S28	SES125	-1.85185	-10.8692	-9.01739
BLOCK10/SES103/SA103S28	SES206	-1.56523	-10.5826	-9.01739
BLOCK12/SES121/SA121S12	SES042	-1.37173	-10.05	-8.67822
BLOCK12/SES121/SA121S12	SES087	-1.23844	-9.91666	-8.67822
BLOCK12/SES121/SA121S12	SES105	-0.417355	-9.09558	-8.67822
BLOCK12/SES121/SA121S12	SES206	-0.470684	-9.14891	-8.67822
BLOCK12/SES121/SA121S14	SES007	-2.08752	-12.7992	-10.7117
BLOCK12/SES121/SA121S14	SES105	-3.08243	-13.7941	-10.7117
BLOCK12/SES121/SA121S14	SES106	-1.23319	-11.9449	-10.7117
BLOCK12/SES121/SA121S14	SES206	-1.05089	-11.7626	-10.7117
BLOCK12/SES121/SA121S23	SES105	-2.64505	-12.7852	-10.1402
BLOCK12/SES121/SA121S23	SES106	-1.015	-11.1552	-10.1402
BLOCK12/SES121/SA121S23	SES120	-2.07878	-12.219	-10.1402
BLOCK12/SES121/SA121S23	SES206	-0.0573015	-10.1975	-10.1402
BLOCK12/SES121/SA121S25	SES007	-1.64965	-12.2991	-10.6495
BLOCK12/SES121/SA121S25	SES105	-3.05261	-13.7021	-10.6495
BLOCK12/SES121/SA121S25	SES106	-0.414646	-11.0641	-10.6495
BLOCK12/SES121/SA121S25	SES206	-0.844182	-11.4936	-10.6495
BLOCK12/SES121/SA121S27	SES087	0.653471	-9.72581	-10.3793
BLOCK12/SES121/SA121S27	SES105	-3.34711	-13.7264	-10.3793
BLOCK12/SES121/SA121S27	SES120	-0.174189	-10.5535	-10.3793
BLOCK12/SES121/SA121S27	SES206	-0.419323	-10.7986	-10.3793
BLOCK12/SES124/SA124S16	SES042	0.41231	-6.70611	-7.11842
BLOCK12/SES124/SA124S16	SES082	-0.380722	-7.49914	-7.11842
BLOCK12/SES124/SA124S16	SES183	-1.01092	-8.12935	-7.11842
BLOCK12/SES124/SA124S16	SES206	-0.499073	-7.6175	-7.11842
BLOCK12/SES124/SA124S17	SES105	-1.42291	-9.63615	-8.21325
BLOCK12/SES124/SA124S17	SES149	-0.7673	-8.98055	-8.21325
BLOCK12/SES124/SA124S17	SES158	-1.57362	-9.78687	-8.21325
BLOCK12/SES124/SA124S17	SES275	-1.26709	-9.48034	-8.21325
BLOCK12/SES124/SA124S23	SES105	-1.81617	-8.34398	-6.52781
BLOCK12/SES124/SA124S23	SES125	0.57929	-5.94852	-6.52781
BLOCK12/SES124/SA124S23	SES129	-1.85993	-8.38774	-6.52781
BLOCK12/SES124/SA124S23	SES158	-1.19555	-7.72336	-6.52781
BLOCK12/SES124/SA124S26	SES105	-1.6714	-9.7	-8.0286
BLOCK12/SES124/SA124S26	SES125	-0.0982122	-8.12681	-8.0286
BLOCK12/SES124/SA124S26	SES129	-1.89653	-9.92513	-8.0286
BLOCK12/SES124/SA124S26	SES158	-0.697593	-8.72619	-8.0286
BLOCK12/SES124/SA124S28	SES104	-0.324605	-7.38358	-7.05897
BLOCK12/SES124/SA124S28	SES106	-1.00693	-8.0659	-7.05897
BLOCK12/SES124/SA124S28	SES125	0.131728	-6.92724	-7.05897
BLOCK12/SES124/SA124S28	SES275	-1.01853	-8.0775	-7.05897
BLOCK12/SES126/SA126S13	SES007	-0.649478	-8.54171	-7.89223
BLOCK12/SES126/SA126S13	SES162	-1.21079	-9.10302	-7.89223
BLOCK12/SES126/SA126S13	SES177	-0.649182	-8.54141	-7.89223
BLOCK12/SES126/SA126S13	SES180	-1.3561	-9.24833	-7.89223
BLOCK12/SES126/SA126S14	SES144	-0.567285	-7.80095	-7.23367
BLOCK12/SES126/SA126S14	SES148	-2.03426	-9.26792	-7.23367
BLOCK12/SES126/SA126S14	SES177	-0.755019	-7.98869	-7.23367
BLOCK12/SES126/SA126S14	SES180	-1.26205	-8.49572	-7.23367
BLOCK12/SES126/SA126S20	SES007	-0.730381	-7.43834	-6.70796
BLOCK12/SES126/SA126S20	SES162	-1.53501	-8.24297	-6.70796
BLOCK12/SES126/SA126S20	SES172	-1.26009	-7.96805	-6.70796
BLOCK12/SES126/SA126S20	SES180	-1.02949	-7.73745	-6.70796
BLOCK12/SES126/SA126S24	SES120	-0.0556784	-7.23417	-7.1785
BLOCK12/SES126/SA126S24	SES162	-1.00875	-8.18725	-7.1785
BLOCK12/SES126/SA126S24	SES177	-0.3239	-7.5024	-7.1785
BLOCK12/SES126/SA126S24	SES180	-0.481907	-7.6604	-7.1785
BLOCK12/SES126/SA126S26	SES120	0.481568	-7.41485	-7.89642
BLOCK12/SES126/SA126S26	SES177	-0.272523	-8.16894	-7.89642
BLOCK12/SES126/SA126S26	SES180	-0.370586	-8.26701	-7.89642
BLOCK12/SES126/SA126S26	SES202	-0.441502	-8.33792	-7.89642
BLOCK12/SES128/SA128S10	SES087	-2.16913	-10.3156	-8.1465
BLOCK12/SES128/SA128S10	SES206	-0.761898	-8.9084	-8.1465
BLOCK12/SES128/SA128S10	SES226	-0.0589161	-8.20542	-8.1465
BLOCK12/SES128/SA128S10	SES270	-0.156403	-8.3029	-8.1465
BLOCK12/SES128/SA128S12	SES120	-0.025176	-8.0578	-8.03262
BLOCK12/SES128/SA128S12	SES158	-0.326893	-8.35951	-8.03262
BLOCK12/SES128/SA128S12	SES206	-0.142893	-8.17551	-8.03262
BLOCK12/SES128/SA128S12	SES226	-1.14155	-9.17416	-8.03262
BLOCK12/SES128/SA128S21	SES106	-0.897438	-8.88002	-7.98258
BLOCK12/SES128/SA128S21	SES120	-0.631505	-8.61408	-7.98258
BLOCK12/SES128/SA128S21	SES206	-0.673009	-8.65559	-7.98258
BLOCK12/SES128/SA128S21	SES226	0.326773	-7.65581	-7.98258
BLOCK12/SES128/SA128S24	SES087	-0.731174	-9.54567	-8.8145
BLOCK12/SES128/SA128S24	SES120	-0.154004	-8.9685	-8.8145
BLOCK12/SES128/SA128S24	SES206	0.0938892	-8.72061	-8.8145
BLOCK12/SES128/SA128S24	SES226	-0.802385	-9.61688	-8.8145
BLOCK12/SES128/SA128S27	SES099	0.125721	-7.34413	-7.46985
BLOCK12/SES128/SA128S27	SES120	0.162311	-7.30754	-7.46985
BLOCK12/SES128/SA128S27	SES206	-0.573013	-8.04286	-7.46985
BLOCK12/SES128/SA128S27	SES226	-0.729468	-8.19932	-7.46985
BLOCK13/SES130/SA130S13	SES143	-0.699379	-9.32254	-8.62316
BLOCK13/SES130/SA130S13	SES144	0.0792017	-8.54395	-8.62316
BLOCK13/SES130/SA130S13	SES146	-1.66517	-10.2883	-8.62316
BLOCK13/SES130/SA130S13	SES275	-2.52352	-11.1467	-8.62316
BLOCK13/SES130/SA130S15	SES143	-0.812827	-8.05117	-7.23834
BLOCK13/SES130/SA130S15	SES144	0.195932	-7.04241	-7.23834
BLOCK13/SES130/SA130S15	SES146	-0.535653	-7.77399	-7.23834
BLOCK13/SES130/SA130S15	SES275	-1.16818	-8.40651	-7.23834
BLOCK13/SES130/SA130S23	SES127	-0.889127	-8.99332	-8.1042
BLOCK13/SES130/SA130S23	SES144	0.0567932	-8.0474	-8.1042
BLOCK13/SES130/SA130S23	SES146	-0.732982	-8.83718	-8.1042
BLOCK13/SES130/SA130S23	SES162	-0.73649	-8.84069	-8.1042
BLOCK13/SES130/SA130S25	SES127	-0.854962	-7.58912	-6.73415
BLOCK13/SES130/SA130S25	SES144	-0.126638	-6.86079	-6.73415
BLOCK13/SES130/SA130S25	SES146	-0.561084	-7.29524	-6.73415
BLOCK13/SES130/SA130S25	SES275	-1.13321	-7.86737	-6.73415
BLOCK13/SES130/SA130S28	SES127	-0.349801	-8.36179	-8.01199
BLOCK13/SES130/SA130S28	SES144	-0.808833	-8.82082	-8.01199
BLOCK13/SES130/SA130S28	SES146	-0.260595	-8.27258	-8.01199
BLOCK13/SES130/SA130S28	SES275	-0.744084	-8.75607	-8.01199
BLOCK13/SES131/SA131S13	SES002	-1.24966	-10.018	-8.76831
BLOCK13/SES131/SA131S13	SES007	-1.18448	-9.95279	-8.76831
BLOCK13/SES131/SA131S13	SES099	-0.00848961	-8.7768	-8.76831
BLOCK13/SES131/SA131S13	SES105	-0.902674	-9.67098	-8.76831
BLOCK13/SES131/SA131S14	SES104	-0.388646	-6.87858	-6.48993
BLOCK13/SES131/SA131S14	SES106	-2.0132	-8.50313	-6.48993
BLOCK13/SES131/SA131S14	SES125	-1.1708	-7.66073	-6.48993
BLOCK13/SES131/SA131S14	SES148	0.0414605	-6.44847	-6.48993
BLOCK13/SES131/SA131S20	SES104	-0.641914	-9.762	-9.12008
BLOCK13/SES131/SA131S20	SES106	-1.28202	-10.4021	-9.12008
BLOCK13/SES131/SA131S20	SES125	-0.959192	-10.0793	-9.12008
BLOCK13/SES131/SA131S20	SES148	-1.40236	-10.5224	-9.12008
BLOCK13/SES131/SA131S22	SES099	-0.0373187	-7.36635	-7.32903
BLOCK13/SES131/SA131S22	SES104	-0.392132	-7.72117	-7.32903
BLOCK13/SES131/SA131S22	SES125	-0.202502	-7.53154	-7.32903
BLOCK13/SES131/SA131S22	SES206	-0.548962	-7.878	-7.32903
BLOCK13/SES131/SA131S29	SES087	-1.28026	-10.2115	-8.93123
BLOCK13/SES131/SA131S29	SES104	-1.51117	-10.4424	-8.93123
BLOCK13/SES131/SA131S29	SES125	-3.1185	-12.0497	-8.93123
BLOCK13/SES131/SA131S29	SES206	-1.75156	-10.6828	-8.93123
BLOCK13/SES132/SA132S11	SES083	-1.73483	-9.22	-7.48517
BLOCK13/SES132/SA132S11	SES120	-0.08957	-7.57474	-7.48517
BLOCK13/SES132/SA132S11	SES127	-2.05891	-9.54408	-7.48517
BLOCK13/SES132/SA132S11	SES275	-1.43523	-8.9204	-7.48517
BLOCK13/SES132/SA132S12	SES083	-1.63964	-9.00358	-7.36393
BLOCK13/SES132/SA132S12	SES143	-2.05899	-9.42292	-7.36393
BLOCK13/SES132/SA132S12	SES144	-0.723353	-8.08729	-7.36393
BLOCK13/SES132/SA132S12	SES148	-1.14855	-8.51249	-7.36393
BLOCK13/SES132/SA132S22	SES062	-0.657449	-8.35312	-7.69567
BLOCK13/SES132/SA132S22	SES083	-2.01974	-9.71541	-7.69567
BLOCK13/SES132/SA132S22	SES127	-1.7729	-9.46857	-7.69567
BLOCK13/SES132/SA132S22	SES275	-0.932509	-8.62818	-7.69567
BLOCK13/SES132/SA132S24	SES007	-0.643116	-7.588	-6.94489
BLOCK13/SES132/SA132S24	SES083	-1.89334	-8.83823	-6.94489
BLOCK13/SES132/SA132S24	SES127	-2.16182	-9.10671	-6.94489
BLOCK13/SES132/SA132S24	SES275	-1.14219	-8.08707	-6.94489
BLOCK13/SES132/SA132S27	SES083	-2.33684	-10.7746	-8.43771
BLOCK13/SES132/SA132S27	SES120	0.504716	-7.93299	-8.43771
BLOCK13/SES132/SA132S27	SES127	-3.978	-12.4157	-8.43771
BLOCK13/SES132/SA132S27	SES275	-2.07539	-10.5131	-8.43771
BLOCK14/SES141/SA141S09	SES143	-1.06462	-8.06981	-7.0052
BLOCK14/SES141/SA141S09	SES144	-0.244822	-7.25002	-7.0052
BLOCK14/SES141/SA141S09	SES162	-1.06791	-8.07311	-7.0052
BLOCK14/SES141/SA141S09	SES180	-0.712574	-7.71777	-7.0052
BLOCK14/SES141/SA141S15	SES127	-1.45805	-9.37312	-7.91507
BLOCK14/SES141/SA141S15	SES144	-1.06209	-8.97715	-7.91507
BLOCK14/SES141/SA141S15	SES162	-1.76044	-9.6755	-7.91507
BLOCK14/SES141/SA141S15	SES180	-1.02493	-8.94	-7.91507
BLOCK14/SES141/SA141S24	SES127	-1.64566	-9.0869	-7.44124
BLOCK14/SES141/SA141S24	SES144	-1.16582	-8.60706	-7.44124
BLOCK14/SES141/SA141S24	SES162	-2.03926	-9.4805	-7.44124
BLOCK14/SES141/SA141S24	SES183	-1.52017	-8.96141	-7.44124
BLOCK14/SES141/SA141S26	SES142	-0.116761	-8.38966	-8.2729
BLOCK14/SES141/SA141S26	SES144	-1.17766	-9.45056	-8.2729
BLOCK14/SES141/SA141S26	SES172	-0.767043	-9.03995	-8.2729
BLOCK14/SES141/SA141S26	SES180	-1.1009	-9.3738	-8.2729
BLOCK14/SES141/SA141S29	SES127	-0.685491	-7.82572	-7.14023
BLOCK14/SES141/SA141S29	SES142	0.257313	-6.88291	-7.14023
BLOCK14/SES141/SA141S29	SES144	-0.424941	-7.56517	-7.14023
BLOCK14/SES141/SA141S29	SES180	-0.446073	-7.5863	-7.14023
BLOCK15/SES157/SA157S08	SES083	-0.968959	-8.18749	-7.21853
BLOCK15/SES157/SA157S08	SES127	-1.11874	-8.33726	-7.21853
BLOCK15/SES157/SA157S08	SES148	-0.291955	-7.51048	-7.21853
BLOCK15/SES157/SA157S08	SES292	-1.11068	-8.3292	-7.21853
BLOCK15/SES157/SA157S11	SES083	-1.34922	-9.11788	-7.76867
BLOCK15/SES157/SA157S11	SES127	-1.08947	-8.85814	-7.76867
BLOCK15/SES157/SA157S11	SES148	-1.86126	-9.62993	-7.76867
BLOCK15/SES157/SA157S11	SES292	-1.97775	-9.74642	-7.76867
BLOCK15/SES157/SA157S21	SES127	0.00948858	-6.97649	-6.98598
BLOCK15/SES157/SA157S21	SES148	0.107842	-6.87814	-6.98598
BLOCK15/SES157/SA157S21	SES158	-3.5027	-10.4887	-6.98598
BLOCK15/SES157/SA157S21	SES292	-1.27335	-8.25933	-6.98598
BLOCK15/SES157/SA157S24	SES127	-0.532491	-8.80798	-8.27549
BLOCK15/SES157/SA157S24	SES148	-0.665381	-8.94087	-8.27549
BLOCK15/SES157/SA157S24	SES183	-0.873147	-9.14864	-8.27549
BLOCK15/SES157/SA157S24	SES292	-1.38338	-9.65887	-8.27549
BLOCK15/SES157/SA157S26	SES007	-0.992358	-8.30943	-7.31707
BLOCK15/SES157/SA157S26	SES127	-0.571231	-7.8883	-7.31707
BLOCK15/SES157/SA157S26	SES147	-1.20652	-8.52359	-7.31707
BLOCK15/SES157/SA157S26	SES148	-1.31258	-8.62965	-7.31707
BLOCK16/SES161/SA161S10	SES007	-0.656598	-8.49077	-7.83417
BLOCK16/SES161/SA161S10	SES105	-0.705722	-8.5399	-7.83417
BLOCK16/SES161/SA161S10	SES158	-1.30706	-9.14123	-7.83417
BLOCK16/SES161/SA161S10	SES275	-0.51859	-8.35277	-7.83417
BLOCK16/SES161/SA161S12	SES007	-2.27875	-11.3032	-9.02448
BLOCK16/SES161/SA161S12	SES105	-1.56613	-10.5906	-9.02448
BLOCK16/SES161/SA161S12	SES158	-1.48332	-10.5078	-9.02448
BLOCK16/SES161/SA161S12	SES275	-3.52287	-12.5474	-9.02448
BLOCK16/SES161/SA161S20	SES007	-0.596891	-9.9172	-9.3203
BLOCK16/SES161/SA161S20	SES105	-1.85748	-11.1778	-9.3203
BLOCK16/SES161/SA161S20	SES158	-0.0920887	-9.41239	-9.3203
BLOCK16/SES161/SA161S20	SES275	-1.98442	-11.3047	-9.3203
BLOCK16/SES161/SA161S23	SES007	-2.05824	-11.2513	-9.19305
BLOCK16/SES161/SA161S23	SES105	-0.879472	-10.0725	-9.19305
BLOCK16/SES161/SA161S23	SES148	-2.28299	-11.476	-9.19305
BLOCK16/SES161/SA161S23	SES158	-2.74438	-11.9374	-9.19305
BLOCK16/SES161/SA161S28	SES007	-1.47655	-9.86509	-8.38854
BLOCK16/SES161/SA161S28	SES105	-2.01943	-10.408	-8.38854
BLOCK16/SES161/SA161S28	SES158	-0.33677	-8.72531	-8.38854
BLOCK16/SES161/SA161S28	SES206	-0.722033	-9.11057	-8.38854
BLOCK16/SES164/SA164S11	SES104	-0.809767	-9.20625	-8.39649
BLOCK16/SES164/SA164S11	SES125	0.171181	-8.22531	-8.39649
BLOCK16/SES164/SA164S11	SES158	-0.621443	-9.01793	-8.39649
BLOCK16/SES164/SA164S11	SES206	-1.65299	-10.0495	-8.39649
BLOCK16/SES164/SA164S13	SES099	-1.09798	-10.0061	-8.90808
BLOCK16/SES164/SA164S13	SES104	-0.125026	-9.03311	-8.90808
BLOCK16/SES164/SA164S13	SES125	-0.780844	-9.68893	-8.90808
BLOCK16/SES164/SA164S13	SES206	-1.31437	-10.2225	-8.90808
BLOCK16/SES164/SA164S24	SES002	0.616081	-7.69826	-8.31434
BLOCK16/SES164/SA164S24	SES099	-0.171053	-8.48539	-8.31434
BLOCK16/SES164/SA164S24	SES125	-0.475548	-8.78989	-8.31434
BLOCK16/SES164/SA164S24	SES226	1.06325	-7.25109	-8.31434
BLOCK16/SES164/SA164S27	SES087	-2.78282	-11.6674	-8.88457
BLOCK16/SES164/SA164S27	SES125	-0.486249	-9.37082	-8.88457
BLOCK16/SES164/SA164S27	SES206	-1.37455	-10.2591	-8.88457
BLOCK16/SES164/SA164S27	SES226	0.180649	-8.70392	-8.88457
BLOCK16/SES164/SA164S29	SES002	0.353039	-8.26089	-8.61392
BLOCK16/SES164/SA164S29	SES019	-0.857496	-9.47142	-8.61392
BLOCK16/SES164/SA164S29	SES125	-0.256903	-8.87083	-8.61392
BLOCK16/SES164/SA164S29	SES226	0.207912	-8.40601	-8.61392
BLOCK16/SES169/SA169S13	SES117	-1.22642	-9.04181	-7.81539
BLOCK16/SES169/SA169S13	SES144	-0.572393	-8.38778	-7.81539
BLOCK16/SES169/SA169S13	SES146	-0.485567	-8.30096	-7.81539
BLOCK16/SES169/SA169S13	SES162	-1.26991	-9.0853	-7.81539
BLOCK16/SES169/SA169S14	SES144	-0.785548	-7.26379	-6.47825
BLOCK16/SES169/SA169S14	SES148	-0.403716	-6.88196	-6.47825
BLOCK16/SES169/SA169S14	SES177	-0.286539	-6.76478	-6.47825
BLOCK16/SES169/SA169S14	SES180	-0.785014	-7.26326	-6.47825
BLOCK16/SES169/SA169S24	SES117	-0.927739	-9.36883	-8.44109
BLOCK16/SES169/SA169S24	SES144	-0.471401	-8.91249	-8.44109
BLOCK16/SES169/SA169S24	SES146	-0.925499	-9.36659	-8.44109
BLOCK16/SES169/SA169S24	SES162	-1.13138	-9.57246	-8.44109
BLOCK16/SES169/SA169S27	SES127	-0.715745	-8.29048	-7.57474
BLOCK16/SES169/SA169S27	SES129	-0.322732	-7.89747	-7.57474
BLOCK16/SES169/SA169S27	SES144	-0.598904	-8.17364	-7.57474
BLOCK16/SES169/SA169S27	SES146	-0.536932	-8.11167	-7.57474
BLOCK16/SES169/SA169S29	SES144	-0.00265694	-6.67018	-6.66752
BLOCK16/SES169/SA169S29	SES162	-0.338784	-7.0063	-6.66752
BLOCK16/SES169/SA169S29	SES177	-1.09106	-7.75858	-6.66752
BLOCK16/SES169/SA169S29	SES180	-0.873297	-7.54082	-6.66752
BLOCK17/SES171/SA171S12	SES083	-0.721981	-9.66851	-8.94653
BLOCK17/SES171/SA171S12	SES148	-2.15549	-11.102	-8.94653
BLOCK17/SES171/SA171S12	SES172	-1.11401	-10.0605	-8.94653
BLOCK17/SES171/SA171S12	SES292	-2.35503	-11.3016	-8.94653
BLOCK17/SES171/SA171S15	SES148	-1.09198	-9.44715	-8.35518
BLOCK17/SES171/SA171S15	SES177	-0.674881	-9.03006	-8.35518
BLOCK17/SES171/SA171S15	SES180	-2.54841	-10.9036	-8.35518
BLOCK17/SES171/SA171S15	SES292	-1.26334	-9.61852	-8.35518
BLOCK17/SES171/SA171S22	SES007	-0.672194	-7.21415	-6.54195
BLOCK17/SES171/SA171S22	SES148	-0.436422	-6.97838	-6.54195
BLOCK17/SES171/SA171S22	SES177	-0.0783539	-6.62031	-6.54195
BLOCK17/SES171/SA171S22	SES180	-1.33595	-7.8779	-6.54195
BLOCK17/SES171/SA171S25	SES101	-1.46831	-9.60794	-8.13963
BLOCK17/SES171/SA171S25	SES120	-3.15699	-11.2966	-8.13963
BLOCK17/SES171/SA171S25	SES177	-0.867758	-9.00738	-8.13963
BLOCK17/SES171/SA171S25	SES180	-1.87094	-10.0106	-8.13963
BLOCK17/SES171/SA171S27	SES177	-0.490002	-9.0687	-8.5787
BLOCK17/SES171/SA171S27	SES180	-2.50111	-11.0798	-8.5787
BLOCK17/SES171/SA171S27	SES189	-0.33134	-8.91004	-8.5787
BLOCK17/SES171/SA171S27	SES292	-2.64698	-11.2257	-8.5787
BLOCK17/SES173/SA173S13	SES162	-2.42441	-10.1293	-7.70484
BLOCK17/SES173/SA173S13	SES177	-0.957473	-8.66232	-7.70484
BLOCK17/SES173/SA173S13	SES180	-1.43643	-9.14128	-7.70484
BLOCK17/SES173/SA173S13	SES292	0.141496	-7.56335	-7.70484
BLOCK17/SES173/SA173S14	SES007	-0.947626	-8.26266	-7.31503
BLOCK17/SES173/SA173S14	SES162	-2.69851	-10.0135	-7.31503
BLOCK17/SES173/SA173S14	SES177	-1.69647	-9.0115	-7.31503
BLOCK17/SES173/SA173S14	SES180	-2.09966	-9.41469	-7.31503
BLOCK17/SES173/SA173S24	SES144	-1.66382	-9.69919	-8.03537
BLOCK17/SES173/SA173S24	SES162	-2.38895	-10.4243	-8.03537
BLOCK17/SES173/SA173S24	SES177	-0.596001	-8.63137	-8.03537
BLOCK17/SES173/SA173S24	SES180	-2.15498	-10.1904	-8.03537
BLOCK17/SES173/SA173S27	SES162	-4.15972	-11.9265	-7.76679
BLOCK17/SES173/SA173S27	SES177	-1.30942	-9.0762	-7.76679
BLOCK17/SES173/SA173S27	SES180	-1.56098	-9.32777	-7.76679
BLOCK17/SES173/SA173S27	SES292	-0.0403953	-7.80718	-7.76679
BLOCK17/SES173/SA173S29	SES162	-1.68031	-9.87474	-8.19443
BLOCK17/SES173/SA173S29	SES175	-0.512762	-8.70719	-8.19443
BLOCK17/SES173/SA173S29	SES177	-0.578442	-8.77287	-8.19443
BLOCK17/SES173/SA173S29	SES292	-0.964333	-9.15876	-8.19443
BLOCK18/SES182/SA182S10	SES144	-1.57924	-8.53017	-6.95092
BLOCK18/SES182/SA182S10	SES177	-1.10386	-8.05478	-6.95092
BLOCK18/SES182/SA182S10	SES180	-2.39743	-9.34836	-6.95092
BLOCK18/SES182/SA182S10	SES275	-1.04403	-7.99495	-6.95092
BLOCK18/SES182/SA182S12	SES144	-0.868283	-7.71343	-6.84514
BLOCK18/SES182/SA182S12	SES177	-0.633529	-7.47867	-6.84514
BLOCK18/SES182/SA182S12	SES180	-2.17258	-9.01772	-6.84514
BLOCK18/SES182/SA182S12	SES275	-0.998636	-7.84378	-6.84514
BLOCK18/SES182/SA182S21	SES117	-1.48179	-10.011	-8.52925
BLOCK18/SES182/SA182S21	SES144	-0.956956	-9.48621	-8.52925
BLOCK18/SES182/SA182S21	SES162	-1.48105	-10.0103	-8.52925
BLOCK18/SES182/SA182S21	SES180	-2.59622	-11.1255	-8.52925
BLOCK18/SES182/SA182S23	SES117	-1.49765	-10.1324	-8.63472
BLOCK18/SES182/SA182S23	SES144	-1.92289	-10.5576	-8.63472
BLOCK18/SES182/SA182S23	SES180	-3.8659	-12.5006	-8.63472
BLOCK18/SES182/SA182S23	SES275	-1.77505	-10.4098	-8.63472
BLOCK18/SES182/SA182S25	SES007	-0.164951	-8.01169	-7.84674
BLOCK18/SES182/SA182S25	SES162	-1.34446	-9.1912	-7.84674
BLOCK18/SES182/SA182S25	SES177	-0.728669	-8.57541	-7.84674
BLOCK18/SES182/SA182S25	SES180	-2.41146	-10.2582	-7.84674
BLOCK18/SES184/SA184S12	SES177	-1.69035	-8.889	-7.19865
BLOCK18/SES184/SA184S12	SES180	-0.334882	-7.53353	-7.19865
BLOCK18/SES184/SA184S12	SES189	-1.82682	-9.02547	-7.19865
BLOCK18/SES184/SA184S12	SES292	-0.335665	-7.53431	-7.19865
BLOCK18/SES184/SA184S13	SES101	-0.862843	-8.60627	-7.74342
BLOCK18/SES184/SA184S13	SES177	-0.670991	-8.41441	-7.74342
BLOCK18/SES184/SA184S13	SES180	-0.726576	-8.47	-7.74342
BLOCK18/SES184/SA184S13	SES292	-0.864609	-8.60803	-7.74342
BLOCK18/SES184/SA184S22	SES177	-1.47231	-9.2464	-7.77409
BLOCK18/SES184/SA184S22	SES180	-0.21609	-7.99018	-7.77409
BLOCK18/SES184/SA184S22	SES189	-1.50911	-9.2832	-7.77409
BLOCK18/SES184/SA184S22	SES292	-0.931984	-8.70608	-7.77409
BLOCK18/SES184/SA184S25	SES101	-0.802484	-8.35396	-7.55147
BLOCK18/SES184/SA184S25	SES177	-1.06642	-8.61789	-7.55147
BLOCK18/SES184/SA184S25	SES180	-0.046731	-7.5982	-7.55147
BLOCK18/SES184/SA184S25	SES292	-0.55729	-8.10876	-7.55147
BLOCK18/SES184/SA184S27	SES083	-0.863364	-8.42979	-7.56643
BLOCK18/SES184/SA184S27	SES177	-0.730019	-8.29645	-7.56643
BLOCK18/SES184/SA184S27	SES202	-0.794193	-8.36062	-7.56643
BLOCK18/SES184/SA184S27	SES292	-0.790857	-8.35728	-7.56643
BLOCK20/SES204/SA204S12	SES062	-0.568661	-7.84557	-7.27691
BLOCK20/SES204/SA204S12	SES083	-1.52109	-8.79799	-7.27691
BLOCK20/SES204/SA204S12	SES206	-0.457558	-7.73446	-7.27691
BLOCK20/SES204/SA204S12	SES226	-0.83518	-8.11209	-7.27691
BLOCK20/SES204/SA204S14	SES068	-0.149637	-6.85637	-6.70673
BLOCK20/SES204/SA204S14	SES087	0.292353	-6.41438	-6.70673
BLOCK20/SES204/SA204S14	SES206	-0.777592	-7.48432	-6.70673
BLOCK20/SES204/SA204S14	SES226	-0.840143	-7.54687	-6.70673
BLOCK20/SES204/SA204S22	SES068	-0.541113	-7.68152	-7.1404
BLOCK20/SES204/SA204S22	SES082	-0.864639	-8.00504	-7.1404
BLOCK20/SES204/SA204S22	SES083	-2.28028	-9.42068	-7.1404
BLOCK20/SES204/SA204S22	SES206	-0.552136	-7.69254	-7.1404
BLOCK20/SES204/SA204S25	SES062	-0.702449	-7.69787	-6.99542
BLOCK20/SES204/SA204S25	SES083	-1.68448	-8.67991	-6.99542
BLOCK20/SES204/SA204S25	SES206	-0.400684	-7.3961	-6.99542
BLOCK20/SES204/SA204S25	SES226	-0.713515	-7.70894	-6.99542
BLOCK20/SES204/SA204S27	SES068	-0.103601	-8.14578	-8.04218
BLOCK20/SES204/SA204S27	SES082	-1.24571	-9.28789	-8.04218
BLOCK20/SES204/SA204S27	SES087	0.291502	-7.75067	-8.04218
BLOCK20/SES204/SA204S27	SES206	-1.05626	-9.09843	-8.04218
BLOCK20/SES207/SA207S10	SES127	-1.82797	-9.13179	-7.30381
BLOCK20/SES207/SA207S10	SES183	-1.21825	-8.52206	-7.30381
BLOCK20/SES207/SA207S10	SES189	-0.790044	-8.09386	-7.30381
BLOCK20/SES207/SA207S10	SES292	-1.37285	-8.67666	-7.30381
BLOCK20/SES207/SA207S11	SES127	-1.7988	-10.104	-8.30516
BLOCK20/SES207/SA207S11	SES183	-1.39498	-9.70014	-8.30516
BLOCK20/SES207/SA207S11	SES187	-0.952942	-9.2581	-8.30516
BLOCK20/SES207/SA207S11	SES292	-0.388179	-8.69334	-8.30516
BLOCK20/SES207/SA207S25	SES068	-0.908828	-9.24192	-8.33309
BLOCK20/SES207/SA207S25	SES083	-1.84285	-10.1759	-8.33309
BLOCK20/SES207/SA207S25	SES127	-0.529855	-8.86295	-8.33309
BLOCK20/SES207/SA207S25	SES187	-0.74788	-9.08097	-8.33309
BLOCK20/SES207/SA207S27	SES127	-1.45996	-9.68953	-8.22957
BLOCK20/SES207/SA207S27	SES183	-1.54605	-9.77562	-8.22957
BLOCK20/SES207/SA207S27	SES187	-0.98976	-9.21933	-8.22957
BLOCK20/SES207/SA207S27	SES292	-1.3241	-9.55367	-8.22957
BLOCK20/SES207/SA207S29	SES083	-2.15615	-9.91864	-7.76249
BLOCK20/SES207/SA207S29	SES085	-1.09958	-8.86207	-7.76249
BLOCK20/SES207/SA207S29	SES172	-0.489845	-8.25233	-7.76249
BLOCK20/SES207/SA207S29	SES189	-1.84787	-9.61035	-7.76249
BLOCK22/SES221/SA221S12	SES068	0.0362382	-6.84973	-6.88596
BLOCK22/SES221/SA221S12	SES143	-1.40146	-8.28743	-6.88596
BLOCK22/SES221/SA221S12	SES175	-0.170628	-7.05659	-6.88596
BLOCK22/SES221/SA221S12	SES202	-0.523611	-7.40957	-6.88596
BLOCK22/SES221/SA221S15	SES085	0.0104923	-7.19878	-7.20927
BLOCK22/SES221/SA221S15	SES143	-1.21916	-8.42843	-7.20927
BLOCK22/SES221/SA221S15	SES175	-0.313953	-7.52322	-7.20927
BLOCK22/SES221/SA221S15	SES187	-0.834246	-8.04351	-7.20927
BLOCK22/SES221/SA221S23	SES068	0.237175	-6.87727	-7.11445
BLOCK22/SES221/SA221S23	SES143	-1.11421	-8.22865	-7.11445
BLOCK22/SES221/SA221S23	SES175	-0.74405	-7.8585	-7.11445
BLOCK22/SES221/SA221S23	SES189	-1.43608	-8.55053	-7.11445
BLOCK22/SES221/SA221S27	SES085	0.432511	-7.20507	-7.63758
BLOCK22/SES221/SA221S27	SES143	-1.03171	-8.66929	-7.63758
BLOCK22/SES221/SA221S27	SES175	-0.767345	-8.40493	-7.63758
BLOCK22/SES221/SA221S27	SES189	-1.10058	-8.73816	-7.63758
BLOCK22/SES221/SA221S29	SES085	0.150032	-6.83902	-6.98905
BLOCK22/SES221/SA221S29	SES143	-1.10992	-8.09897	-6.98905
BLOCK22/SES221/SA221S29	SES175	-0.448824	-7.43787	-6.98905
BLOCK22/SES221/SA221S29	SES187	-1.00898	-7.99803	-6.98905
BLOCK22/SES223/SA223S11	SES143	-1.08807	-8.80963	-7.72156
BLOCK22/SES223/SA223S11	SES144	-1.66023	-9.38179	-7.72156
BLOCK22/SES223/SA223S11	SES175	-0.550776	-8.27234	-7.72156
BLOCK22/SES223/SA223S11	SES187	-1.15664	-8.8782	-7.72156
BLOCK22/SES223/SA223S13	SES068	0.140028	-7.49309	-7.63311
BLOCK22/SES223/SA223S13	SES143	-1.40802	-9.04113	-7.63311
BLOCK22/SES223/SA223S13	SES146	-1.01469	-8.6478	-7.63311
BLOCK22/SES223/SA223S13	SES202	-1.01628	-8.6494	-7.63311
BLOCK22/SES223/SA223S22	SES143	-0.454651	-7.9287	-7.47404
BLOCK22/SES223/SA223S22	SES144	-1.3998	-8.87384	-7.47404
BLOCK22/SES223/SA223S22	SES175	-0.204764	-7.67881	-7.47404
BLOCK22/SES223/SA223S22	SES187	-1.14297	-8.61702	-7.47404
BLOCK22/SES223/SA223S25	SES068	-0.620624	-8.07609	-7.45547
BLOCK22/SES223/SA223S25	SES143	-0.919223	-8.37469	-7.45547
BLOCK22/SES223/SA223S25	SES175	-0.383946	-7.83941	-7.45547
BLOCK22/SES223/SA223S25	SES187	-1.28374	-8.73921	-7.45547
BLOCK22/SES223/SA223S27	SES143	-0.739645	-8.75144	-8.0118
BLOCK22/SES223/SA223S27	SES146	-1.50006	-9.51186	-8.0118
BLOCK22/SES223/SA223S27	SES187	-1.21869	-9.23049	-8.0118
BLOCK22/SES223/SA223S27	SES292	-0.583854	-8.59565	-8.0118
BLOCK27/SES273/SA273S12	SES099	0.0798759	-7.6127	-7.69258
BLOCK27/SES273/SA273S12	SES104	0.569954	-7.12263	-7.69258
BLOCK27/SES273/SA273S12	SES125	-0.115414	-7.80799	-7.69258
BLOCK27/SES273/SA273S12	SES206	0.239098	-7.45348	-7.69258
BLOCK27/SES273/SA273S13	SES099	-1.06802	-8.06531	-6.99729
BLOCK27/SES273/SA273S13	SES104	0.0939703	-6.90332	-6.99729
BLOCK27/SES273/SA273S13	SES206	-1.17525	-8.17254	-6.99729
BLOCK27/SES273/SA273S13	SES292	-0.763849	-7.76114	-6.99729
BLOCK27/SES273/SA273S21	SES099	-0.620173	-8.5717	-7.95152
BLOCK27/SES273/SA273S21	SES148	-1.48175	-9.43327	-7.95152
BLOCK27/SES273/SA273S21	SES149	-1.70366	-9.65518	-7.95152
BLOCK27/SES273/SA273S21	SES177	-1.61074	-9.56227	-7.95152
BLOCK27/SES273/SA273S25	SES104	0.161625	-8.09011	-8.25174
BLOCK27/SES273/SA273S25	SES125	-0.429288	-8.68103	-8.25174
BLOCK27/SES273/SA273S25	SES158	0.366222	-7.88552	-8.25174
BLOCK27/SES273/SA273S25	SES206	-0.535411	-8.78715	-8.25174
BLOCK27/SES273/SA273S27	SES099	-0.497165	-7.07882	-6.58165
BLOCK27/SES273/SA273S27	SES104	-0.392089	-6.97374	-6.58165
BLOCK27/SES273/SA273S27	SES149	-0.989882	-7.57153	-6.58165
BLOCK27/SES273/SA273S27	SES275	-1.1016	-7.68325	-6.58165
BLOCK27/SES274/SA274S10	SES105	-1.64549	-8.26771	-6.62222
BLOCK27/SES274/SA274S10	SES125	-1.65267	-8.27489	-6.62222
BLOCK27/SES274/SA274S10	SES129	-0.32615	-6.94837	-6.62222
BLOCK27/SES274/SA274S10	SES158	-3.88448	-10.5067	-6.62222
BLOCK27/SES274/SA274S11	SES105	-0.947088	-7.58928	-6.64219
BLOCK27/SES274/SA274S11	SES149	-0.505791	-7.14798	-6.64219
BLOCK27/SES274/SA274S11	SES158	-1.2937	-7.93589	-6.64219
BLOCK27/SES274/SA274S11	SES275	-0.237973	-6.88016	-6.64219
BLOCK27/SES274/SA274S21	SES105	-1.12581	-7.92093	-6.79512
BLOCK27/SES274/SA274S21	SES129	-0.184279	-6.9794	-6.79512
BLOCK27/SES274/SA274S21	SES149	-1.78693	-8.58205	-6.79512
BLOCK27/SES274/SA274S21	SES158	-3.50184	-10.297	-6.79512
BLOCK27/SES274/SA274S24	SES105	-1.6187	-9.28262	-7.66392
BLOCK27/SES274/SA274S24	SES129	0.238307	-7.42562	-7.66392
BLOCK27/SES274/SA274S24	SES149	-2.47076	-10.1347	-7.66392
BLOCK27/SES274/SA274S24	SES158	-4.83546	-12.4994	-7.66392
BLOCK27/SES274/SA274S29	SES105	-1.29879	-8.56123	-7.26244
BLOCK27/SES274/SA274S29	SES106	-1.75119	-9.01364	-7.26244
BLOCK27/SES274/SA274S29	SES120	-0.834729	-8.09717	-7.26244
BLOCK27/SES274/SA274S29	SES275	-0.615275	-7.87772	-7.26244
BLOCK27/SES276/SA276S16	SES148	-0.35039	-7.39956	-7.04917
BLOCK27/SES276/SA276S16	SES172	-0.100538	-7.1497	-7.04917
BLOCK27/SES276/SA276S16	SES180	-0.463168	-7.51233	-7.04917
BLOCK27/SES276/SA276S16	SES292	-0.551906	-7.60107	-7.04917
BLOCK27/SES276/SA276S17	SES101	-0.796092	-8.37531	-7.57922
BLOCK27/SES276/SA276S17	SES177	-1.35308	-8.93229	-7.57922
BLOCK27/SES276/SA276S17	SES180	-1.19607	-8.77529	-7.57922
BLOCK27/SES276/SA276S17	SES292	-0.858168	-8.43739	-7.57922
BLOCK27/SES276/SA276S24	SES101	-0.428745	-7.2015	-6.77275
BLOCK27/SES276/SA276S24	SES177	-0.696139	-7.46889	-6.77275
BLOCK27/SES276/SA276S24	SES180	-0.833645	-7.6064	-6.77275
BLOCK27/SES276/SA276S24	SES292	-1.08664	-7.85939	-6.77275
BLOCK27/SES276/SA276S26	SES101	-0.679279	-7.40783	-6.72855
BLOCK27/SES276/SA276S26	SES177	-0.833826	-7.56238	-6.72855
BLOCK27/SES276/SA276S26	SES180	-0.717196	-7.44575	-6.72855
BLOCK27/SES276/SA276S26	SES292	-0.221022	-6.94957	-6.72855
BLOCK27/SES276/SA276S28	SES101	-0.327444	-7.34446	-7.01701
BLOCK27/SES276/SA276S28	SES177	-1.09074	-8.10775	-7.01701
BLOCK27/SES276/SA276S28	SES180	-0.133912	-7.15092	-7.01701
BLOCK27/SES276/SA276S28	SES292	-0.475112	-7.49212	-7.01701
BLOCK27/SES277/SA277S12	SES101	-0.307942	-8.80591	-8.49797
BLOCK27/SES277/SA277S12	SES177	-1.78576	-10.2837	-8.49797
BLOCK27/SES277/SA277S12	SES180	-1.88168	-10.3797	-8.49797
BLOCK27/SES277/SA277S12	SES292	-1.53242	-10.0304	-8.49797
BLOCK27/SES277/SA277S14	SES177	-0.79862	-9.58588	-8.78726
BLOCK27/SES277/SA277S14	SES180	-1.54626	-10.3335	-8.78726
BLOCK27/SES277/SA277S14	SES189	0.0906219	-8.69664	-8.78726
BLOCK27/SES277/SA277S14	SES292	-1.91308	-10.7003	-8.78726
BLOCK27/SES277/SA277S21	SES177	-0.246714	-9.10477	-8.85805
BLOCK27/SES277/SA277S21	SES180	-0.722676	-9.58073	-8.85805
BLOCK27/SES277/SA277S21	SES189	0.0684052	-8.78965	-8.85805
BLOCK27/SES277/SA277S21	SES292	-2.23247	-11.0905	-8.85805
BLOCK27/SES277/SA277S24	SES144	-0.243279	-9.19512	-8.95184
BLOCK27/SES277/SA277S24	SES177	-0.848105	-9.79995	-8.95184
BLOCK27/SES277/SA277S24	SES180	-2.31377	-11.2656	-8.95184
BLOCK27/SES277/SA277S24	SES189	0.204473	-8.74737	-8.95184
BLOCK27/SES277/SA277S29	SES177	-0.543688	-7.06088	-6.51719
BLOCK27/SES277/SA277S29	SES180	-0.687435	-7.20463	-6.51719
BLOCK27/SES277/SA277S29	SES202	0.018002	-6.49919	-6.51719
BLOCK27/SES277/SA277S29	SES292	-1.31713	-7.83432	-6.51719
BLOCK27/SES279/SA279S09	SES120	-0.995163	-7.85573	-6.86057
BLOCK27/SES279/SA279S09	SES146	-1.10597	-7.96653	-6.86057
BLOCK27/SES279/SA279S09	SES206	-0.35092	-7.21149	-6.86057
BLOCK27/SES279/SA279S09	SES226	-0.871841	-7.73241	-6.86057
BLOCK27/SES279/SA279S10	SES099	-1.03242	-8.55022	-7.5178
BLOCK27/SES279/SA279S10	SES206	-1.18696	-8.70476	-7.5178
BLOCK27/SES279/SA279S10	SES226	-1.6666	-9.1844	-7.5178
BLOCK27/SES279/SA279S10	SES292	-0.0998764	-7.61768	-7.5178
BLOCK27/SES279/SA279S20	SES099	-1.3309	-9.00121	-7.6703
BLOCK27/SES279/SA279S20	SES206	-0.882638	-8.55294	-7.6703
BLOCK27/SES279/SA279S20	SES226	-1.75813	-9.42843	-7.6703
BLOCK27/SES279/SA279S20	SES292	-0.263331	-7.93363	-7.6703
BLOCK27/SES279/SA279S26	SES099	-0.373447	-8.81149	-8.43805
BLOCK27/SES279/SA279S26	SES206	-0.562572	-9.00062	-8.43805
BLOCK27/SES279/SA279S26	SES226	-1.06431	-9.50235	-8.43805
BLOCK27/SES279/SA279S26	SES292	0.498374	-7.93967	-8.43805
BLOCK27/SES279/SA279S28	SES099	-0.390725	-7.26978	-6.87905
BLOCK27/SES279/SA279S28	SES120	-0.470202	-7.34926	-6.87905
BLOCK27/SES279/SA279S28	SES177	-1.81872	-8.69777	-6.87905
BLOCK27/SES279/SA279S28	SES206	-0.602136	-7.48119	-6.87905
BLOCK29/SES290/SA290S12	SES162	-0.238475	-6.06506	-5.82658
BLOCK29/SES290/SA290S12	SES177	-0.288919	-6.1155	-5.82658
BLOCK29/SES290/SA290S12	SES180	-0.716217	-6.5428	-5.82658
BLOCK29/SES290/SA290S12	SES292	-0.853309	-6.67989	-5.82658
BLOCK29/SES290/SA290S13	SES007	0.00976419	-6.58538	-6.59514
BLOCK29/SES290/SA290S13	SES162	-1.20061	-7.79575	-6.59514
BLOCK29/SES290/SA290S13	SES177	-0.629238	-7.22438	-6.59514
BLOCK29/SES290/SA290S13	SES180	-0.283595	-6.87874	-6.59514
BLOCK29/SES290/SA290S22	SES177	-0.536273	-7.22785	-6.69158
BLOCK29/SES290/SA290S22	SES180	-0.557563	-7.24914	-6.69158
BLOCK29/SES290/SA290S22	SES202	-0.372174	-7.06375	-6.69158
BLOCK29/SES290/SA290S22	SES292	-0.454591	-7.14617	-6.69158
BLOCK29/SES290/SA290S25	SES162	-0.641257	-7.23692	-6.59566
BLOCK29/SES290/SA290S25	SES177	-0.638163	-7.23382	-6.59566
BLOCK29/SES290/SA290S25	SES180	-0.769274	-7.36493	-6.59566
BLOCK29/SES290/SA290S25	SES292	-0.466652	-7.06231	-6.59566
BLOCK29/SES290/SA290S29	SES177	-0.326702	-6.70454	-6.37784
BLOCK29/SES290/SA290S29	SES180	0.169814	-6.20803	-6.37784
BLOCK29/SES290/SA290S29	SES275	-0.469052	-6.84689	-6.37784
BLOCK29/SES290/SA290S29	SES292	-0.324167	-6.70201	-6.37784
BLOCK29/SES291/SA291S11	SES105	-1.45128	-9.6166	-8.16532
BLOCK29/SES291/SA291S11	SES125	-0.739175	-8.9045	-8.16532
BLOCK29/SES291/SA291S11	SES158	-0.180946	-8.34627	-8.16532
BLOCK29/SES291/SA291S11	SES275	-0.796569	-8.96189	-8.16532
BLOCK29/SES291/SA291S12	SES158	0.467857	-7.18466	-7.65252
BLOCK29/SES291/SA291S12	SES226	-0.803302	-8.45582	-7.65252
BLOCK29/SES291/SA291S12	SES270	-0.260668	-7.91319	-7.65252
BLOCK29/SES291/SA291S12	SES275	-2.04684	-9.69936	-7.65252
BLOCK29/SES291/SA291S22	SES082	-0.501361	-8.33302	-7.83166
BLOCK29/SES291/SA291S22	SES158	-0.0406275	-7.87229	-7.83166
BLOCK29/SES291/SA291S22	SES259	-0.68038	-8.51204	-7.83166
BLOCK29/SES291/SA291S22	SES275	-1.29046	-9.12213	-7.83166
BLOCK29/SES291/SA291S24	SES104	0.4969	-6.8485	-7.3454
BLOCK29/SES291/SA291S24	SES125	-0.0583358	-7.40374	-7.3454
BLOCK29/SES291/SA291S24	SES158	-0.047657	-7.39306	-7.3454
BLOCK29/SES291/SA291S24	SES275	-1.23779	-8.58319	-7.3454
BLOCK29/SES291/SA291S27	SES158	0.24198	-7.05973	-7.30171
BLOCK29/SES291/SA291S27	SES172	-1.83035	-9.13206	-7.30171
BLOCK29/SES291/SA291S27	SES275	-1.29516	-8.59687	-7.30171
BLOCK29/SES291/SA291S27	SES292	-0.118494	-7.4202	-7.30171
