BLOCK00/SES002/SA002S12	SES002	2.01212	-45.0256	-47.0377
BLOCK00/SES002/SA002S13	SES002	2.70696	-44.3705	-47.0775
BLOCK00/SES002/SA002S23	SES002	2.30915	-43.9128	-46.2219
BLOCK00/SES002/SA002S26	SES002	2.78926	-43.9933	-46.7826
BLOCK00/SES002/SA002S28	SES002	1.90375	-45.3261	-47.2298
BLOCK00/SES007/SA007S14	SES007	1.27818	-45.3076	-46.5858
BLOCK00/SES007/SA007S15	SES007	0.778461	-46.9716	-47.7501
BLOCK00/SES007/SA007S24	SES007	0.584362	-46.8605	-47.4449
BLOCK00/SES007/SA007S27	SES007	0.811501	-47.3019	-48.1134
BLOCK00/SES007/SA007S29	SES007	0.528343	-46.4447	-46.9731
BLOCK00/SES008/SA008S11	SES008	1.56596	-46.324	-47.8899
BLOCK00/SES008/SA008S12	SES008	0.674828	-47.1096	-47.7844
BLOCK00/SES008/SA008S19	SES008	1.8105	-45.8511	-47.6616
BLOCK00/SES008/SA008S22	SES008	1.54431	-46.8916	-48.4359
BLOCK00/SES008/SA008S29	SES008	1.64675	-45.9067	-47.5534
BLOCK01/SES014/SA014S10	SES014	3.12174	-45.0588	-48.1805
BLOCK01/SES014/SA014S12	SES014	3.67682	-42.9312	-46.608
BLOCK01/SES014/SA014S24	SES014	2.66	-44.5552	-47.2152
BLOCK01/SES014/SA014S26	SES014	3.52494	-42.3265	-45.8514
BLOCK01/SES014/SA014S28	SES014	3.78909	-43.2385	-47.0275
BLOCK01/SES016/SA016S12	SES016	2.24755	-47.92	-50.1676
BLOCK01/SES016/SA016S13	SES016	1.95778	-46.8486	-48.8063
BLOCK01/SES016/SA016S22	SES016	1.12154	-47.421	-48.5425
BLOCK01/SES016/SA016S25	SES016	1.86257	-44.9659	-46.8284
BLOCK01/SES016/SA016S27	SES016	1.61179	-45.3883	-47.0001
BLOCK01/SES019/SA019S13	SES019	3.09148	-45.4124	-48.5039
BLOCK01/SES019/SA019S14	SES019	2.27939	-45.6009	-47.8803
BLOCK01/SES019/SA019S22	SES019	2.75922	-45.3124	-48.0716
BLOCK01/SES019/SA019S25	SES019	3.17765	-45.5144	-48.6921
BLOCK01/SES019/SA019S29	SES019	3.85381	-44.9447	-48.7985
BLOCK02/SES029/SA029S11	SES029	1.66059	-46.0267	-47.6873
BLOCK02/SES029/SA029S12	SES029	0.353058	-47.2118	-47.5648
BLOCK02/SES029/SA029S20	SES029	0.847656	-47.7372	-48.5848
BLOCK02/SES029/SA029S25	SES029	0.664921	-46.5558	-47.2208
BLOCK02/SES029/SA029S28	SES029	0.967495	-46.7217	-47.6892
BLOCK04/SES042/SA042S12	SES042	2.56137	-43.8875	-46.4489
BLOCK04/SES042/SA042S15	SES042	3.09645	-44.0032	-47.0997
BLOCK04/SES042/SA042S22	SES042	3.90382	-41.8107	-45.7145
BLOCK04/SES042/SA042S25	SES042	2.71953	-45.0308	-47.7504
BLOCK04/SES042/SA042S27	SES042	2.70435	-43.3805	-46.0848
BLOCK04/SES048/SA048S11	SES048	1.33395	-45.9525	-47.2865
BLOCK04/SES048/SA048S12	SES048	0.564007	-46.5426	-47.1066
BLOCK04/SES048/SA048S20	SES048	1.14959	-45.8953	-47.0449
BLOCK04/SES048/SA048S23	SES048	1.60486	-46.2339	-47.8387
BLOCK04/SES048/SA048S27	SES048	1.56866	-44.8277	-46.3964
BLOCK06/SES060/SA060S11	SES060	1.55451	-46.2065	-47.761
BLOCK06/SES060/SA060S12	SES060	-1.72715	-49.574	-47.8469
BLOCK06/SES060/SA060S22	SES060	-0.450829	-48.7363	-48.2855
BLOCK06/SES060/SA060S24	SES060	1.0241	-46.3124	-47.3365
BLOCK06/SES060/SA060S28	SES060	1.66436	-44.1629	-45.8272
BLOCK06/SES062/SA062S10	SES062	1.62582	-45.6289	-47.2548
BLOCK06/SES062/SA062S11	SES062	1.73367	-45.3843	-47.118
BLOCK06/SES062/SA062S21	SES062	2.32175	-43.8744	-46.1961
BLOCK06/SES062/SA062S26	SES062	0.940937	-45.697	-46.638
BLOCK06/SES062/SA062S29	SES062	1.54937	-44.8784	-46.4277
BLOCK06/SES068/SA068S14	SES068	0.661938	-46.577	-47.239
BLOCK06/SES068/SA068S15	SES068	1.34554	-45.069	-46.4145
BLOCK06/SES068/SA068S23	SES068	1.3132	-46.7779	-48.0911
BLOCK06/SES068/SA068S27	SES068	1.38122	-45.4685	-46.8497
BLOCK06/SES068/SA068S29	SES068	0.863888	-46.4313	-47.2952
BLOCK08/SES082/SA082S12	SES082	1.73192	-46.7501	-48.4821
BLOCK08/SES082/SA082S14	SES082	1.55263	-46.9032	-48.4558
BLOCK08/SES082/SA082S21	SES082	1.32817	-46.6459	-47.9741
BLOCK08/SES082/SA082S24	SES082	1.40056	-46.2359	-47.6365
BLOCK08/SES082/SA082S28	SES082	0.6572	-47.0267	-47.6839
BLOCK08/SES083/SA083S14	SES083	-0.122253	-47.001	-46.8787
BLOCK08/SES083/SA083S15	SES083	0.178322	-46.8712	-47.0495
BLOCK08/SES083/SA083S24	SES083	0.213478	-47.1907	-47.4042
BLOCK08/SES083/SA083S26	SES083	0.728184	-46.717	-47.4452
BLOCK08/SES083/SA083S29	SES083	0.412941	-46.8106	-47.2235
BLOCK08/SES085/SA085S10	SES085	0.371407	-46.7612	-47.1326
BLOCK08/SES085/SA085S13	SES085	0.83456	-46.9038	-47.7383
BLOCK08/SES085/SA085S22	SES085	-2.03208	-49.4123	-47.3803
BLOCK08/SES085/SA085S26	SES085	-0.00821304	-47.4683	-47.4601
BLOCK08/SES085/SA085S28	SES085	1.1337	-46.2887	-47.4224
BLOCK08/SES087/SA087S15	SES087	2.32674	-45.3296	-47.6563
BLOCK08/SES087/SA087S16	SES087	2.17002	-45.289	-47.459
BLOCK08/SES087/SA087S24	SES087	2.30893	-44.8387	-47.1477
BLOCK08/SES087/SA087S26	SES087	1.70088	-44.5132	-46.2141
BLOCK08/SES087/SA087S29	SES087	2.49176	-45.2709	-47.7626
BLOCK09/SES099/SA099S15	SES099	2.09969	-45.9956	-48.0952
BLOCK09/SES099/SA099S16	SES099	1.87593	-45.7886	-47.6646
BLOCK09/SES099/SA099S24	SES099	1.80929	-45.0413	-46.8506
BLOCK09/SES099/SA099S26	SES099	1.94947	-45.1666	-47.116
BLOCK09/SES099/SA099S29	SES099	1.76839	-45.3087	-47.077
BLOCK10/SES101/SA101S11	SES101	-0.0659485	-46.847	-46.781
BLOCK10/SES101/SA101S13	SES101	1.41838	-45.6176	-47.036
BLOCK10/SES101/SA101S22	SES101	1.00826	-47.2576	-48.2659
BLOCK10/SES101/SA101S24	SES101	1.6569	-46.0924	-47.7493
BLOCK10/SES101/SA101S28	SES101	-0.0649147	-48.0544	-47.9894
BLOCK10/SES104/SA104S11	SES104	1.47588	-44.8211	-46.297
BLOCK10/SES104/SA104S12	SES104	1.89493	-44.6464	-46.5413
BLOCK10/SES104/SA104S21	SES104	1.34397	-45.7604	-47.1044
BLOCK10/SES104/SA104S24	SES104	1.2023	-45.9954	-47.1977
BLOCK10/SES104/SA104S28	SES104	1.66031	-45.3669	-47.0273
BLOCK10/SES105/SA105S12	SES105	0.894413	-47.5285	-48.4229
BLOCK10/SES105/SA105S13	SES105	1.18387	-47.0404	-48.2242
BLOCK10/SES105/SA105S22	SES105	0.649105	-47.9328	-48.5819
BLOCK10/SES105/SA105S26	SES105	1.53378	-46.7511	-48.2849
BLOCK10/SES105/SA105S29	SES105	0.61602	-47.2716	-47.8876
BLOCK10/SES106/SA106S09	SES106	1.84448	-46.7384	-48.5829
BLOCK10/SES106/SA106S11	SES106	1.73169	-44.8741	-46.6058
BLOCK10/SES106/SA106S22	SES106	3.0389	-44.7619	-47.8008
BLOCK10/SES106/SA106S27	SES106	1.32146	-45.9141	-47.2356
BLOCK10/SES106/SA106S29	SES106	1.73741	-44.9063	-46.6437
BLOCK11/SES117/SA117S12	SES117	0.392647	-47.9727	-48.3653
BLOCK11/SES117/SA117S13	SES117	0.249096	-47.3436	-47.5927
BLOCK11/SES117/SA117S23	SES117	1.4615	-48.4583	-49.9198
BLOCK11/SES117/SA117S25	SES117	1.2873	-47.5341	-48.8214
BLOCK11/SES117/SA117S28	SES117	1.61184	-47.9171	-49.529
BLOCK12/SES120/SA120S08	SES120	1.86243	-48.1024	-49.9648
BLOCK12/SES120/SA120S11	SES120	1.25932	-49.962	-51.2214
BLOCK12/SES120/SA120S22	SES120	0.656467	-47.0801	-47.7366
BLOCK12/SES120/SA120S24	SES120	0.356693	-47.913	-48.2697
BLOCK12/SES120/SA120S28	SES120	0.604378	-48.6896	-49.294
BLOCK12/SES125/SA125S13	SES125	2.42573	-44.4428	-46.8686
BLOCK12/SES125/SA125S14	SES125	1.98621	-45.0138	-47
BLOCK12/SES125/SA125S25	SES125	2.77933	-44.3466	-47.1259
BLOCK12/SES125/SA125S27	SES125	2.94893	-43.5595	-46.5085
BLOCK12/SES125/SA125S29	SES125	2.07946	-44.439	-46.5184
BLOCK12/SES127/SA127S11	SES127	0.728848	-47.0528	-47.7817
BLOCK12/SES127/SA127S12	SES127	-0.330818	-47.5861	-47.2552
BLOCK12/SES127/SA127S23	SES127	0.639999	-46.9983	-47.6383
BLOCK12/SES127/SA127S25	SES127	-0.552265	-48.6035	-48.0512
BLOCK12/SES127/SA127S27	SES127	1.02487	-46.4616	-47.4865
BLOCK12/SES129/SA129S11	SES129	1.66034	-45.878	-47.5384
BLOCK12/SES129/SA129S12	SES129	1.34437	-45.8312	-47.1756
BLOCK12/SES129/SA129S22	SES129	1.45718	-46.0107	-47.4679
BLOCK12/SES129/SA129S27	SES129	2.03136	-44.9289	-46.9602
BLOCK12/SES129/SA129S29	SES129	2.53631	-44.5986	-47.135
BLOCK14/SES142/SA142S11	SES142	2.19833	-46.6905	-48.8888
BLOCK14/SES142/SA142S12	SES142	1.27656	-47.6775	-48.954
BLOCK14/SES142/SA142S24	SES142	2.26661	-46.2914	-48.558
BLOCK14/SES142/SA142S27	SES142	2.8274	-45.7999	-48.6273
BLOCK14/SES142/SA142S29	SES142	2.97096	-45.303	-48.274
BLOCK14/SES143/SA143S12	SES143	1.0777	-47.3576	-48.4353
BLOCK14/SES143/SA143S13	SES143	0.829857	-47.3176	-48.1474
BLOCK14/SES143/SA143S23	SES143	0.914211	-47.566	-48.4802
BLOCK14/SES143/SA143S25	SES143	0.969147	-47.1279	-48.0971
BLOCK14/SES143/SA143S28	SES143	1.09147	-46.6664	-47.7579
BLOCK14/SES144/SA144S09	SES144	1.26735	-46.9068	-48.1741
BLOCK14/SES144/SA144S11	SES144	1.64745	-47.6968	-49.3442
BLOCK14/SES144/SA144S21	SES144	0.946121	-47.4161	-48.3622
BLOCK14/SES144/SA144S25	SES144	0.949547	-47.7566	-48.7061
BLOCK14/SES144/SA144S29	SES144	0.193249	-47.5509	-47.7441
BLOCK14/SES146/SA146S14	SES146	1.12006	-47.5153	-48.6354
BLOCK14/SES146/SA146S15	SES146	0.537388	-47.31	-47.8474
BLOCK14/SES146/SA146S24	SES146	0.582333	-47.6435	-48.2258
BLOCK14/SES146/SA146S26	SES146	0.821518	-47.9937	-48.8152
BLOCK14/SES146/SA146S29	SES146	1.06144	-47.826	-48.8875
BLOCK14/SES147/SA147S11	SES147	2.65946	-47.015	-49.6745
BLOCK14/SES147/SA147S13	SES147	2.8146	-45.707	-48.5216
BLOCK14/SES147/SA147S23	SES147	2.50263	-47.4265	-49.9292
BLOCK14/SES147/SA147S26	SES147	2.24519	-47.2924	-49.5376
BLOCK14/SES147/SA147S28	SES147	2.60399	-46.5328	-49.1368
BLOCK14/SES148/SA148S10	SES148	1.46291	-46.0863	-47.5492
BLOCK14/SES148/SA148S12	SES148	0.840488	-47.2168	-48.0573
BLOCK14/SES148/SA148S22	SES148	1.33723	-45.4038	-46.741
BLOCK14/SES148/SA148S26	SES148	0.793228	-46.6524	-47.4456
BLOCK14/SES148/SA148S29	SES148	0.535492	-47.2994	-47.8349
BLOCK14/SES149/SA149S13	SES149	-0.194176	-47.9326	-47.7384
BLOCK14/SES149/SA149S14	SES149	0.380661	-46.9562	-47.3369
BLOCK14/SES149/SA149S24	SES149	1.66882	-46.1443	-47.8131
BLOCK14/SES149/SA149S26	SES149	2.44539	-45.5456	-47.991
BLOCK14/SES149/SA149S28	SES149	3.04249	-44.725	-47.7675
BLOCK15/SES158/SA158S13	SES158	1.65256	-46.5056	-48.1582
BLOCK15/SES158/SA158S14	SES158	2.56795	-45.7404	-48.3083
BLOCK15/SES158/SA158S23	SES158	1.62915	-45.8736	-47.5027
BLOCK15/SES158/SA158S26	SES158	2.07477	-45.8364	-47.9112
BLOCK15/SES158/SA158S28	SES158	1.68183	-46.4445	-48.1264
BLOCK16/SES162/SA162S10	SES162	0.452492	-48.2009	-48.6534
BLOCK16/SES162/SA162S11	SES162	1.43742	-46.5459	-47.9833
BLOCK16/SES162/SA162S21	SES162	1.75309	-46.4467	-48.1998
BLOCK16/SES162/SA162S24	SES162	1.21277	-46.9862	-48.199
BLOCK16/SES162/SA162S27	SES162	1.87411	-46.9824	-48.8565
BLOCK16/SES167/SA167S14	SES167	0.936771	-45.9271	-46.8639
BLOCK16/SES167/SA167S15	SES167	1.45139	-46.4647	-47.9161
BLOCK16/SES167/SA167S21	SES167	0.900486	-46.1311	-47.0316
BLOCK16/SES167/SA167S25	SES167	1.82584	-46.6737	-48.4995
BLOCK16/SES167/SA167S29	SES167	1.84757	-45.2467	-47.0942
BLOCK17/SES172/SA172S12	SES172	1.02018	-46.6972	-47.7174
BLOCK17/SES172/SA172S13	SES172	1.53788	-46.8844	-48.4223
BLOCK17/SES172/SA172S23	SES172	0.78828	-46.0942	-46.8825
BLOCK17/SES172/SA172S27	SES172	0.855026	-46.9269	-47.782
BLOCK17/SES172/SA172S29	SES172	1.69098	-45.9064	-47.5974
BLOCK17/SES175/SA175S11	SES175	1.7885	-46.3892	-48.1777
BLOCK17/SES175/SA175S13	SES175	1.53186	-46.2533	-47.7852
BLOCK17/SES175/SA175S23	SES175	1.83307	-46.5146	-48.3476
BLOCK17/SES175/SA175S25	SES175	1.1776	-47.951	-49.1286
BLOCK17/SES175/SA175S28	SES175	1.5043	-46.123	-47.6273
BLOCK17/SES177/SA177S15	SES177	0.266819	-47.4091	-47.6759
BLOCK17/SES177/SA177S17	SES177	0.730152	-47.049	-47.7791
BLOCK17/SES177/SA177S23	SES177	0.0469208	-47.3899	-47.4368
BLOCK17/SES177/SA177S26	SES177	0.801064	-45.3859	-46.1869
BLOCK17/SES177/SA177S28	SES177	0.855999	-46.0836	-46.9396
BLOCK18/SES180/SA180S13	SES180	0.905121	-47.019	-47.9242
BLOCK18/SES180/SA180S15	SES180	0.819416	-47.3597	-48.1791
BLOCK18/SES180/SA180S24	SES180	1.27103	-45.6828	-46.9539
BLOCK18/SES180/SA180S26	SES180	1.08784	-46.4946	-47.5824
BLOCK18/SES180/SA180S29	SES180	1.20507	-47.3974	-48.6025
BLOCK18/SES183/SA183S13	SES183	1.34461	-47.4675	-48.8122
BLOCK18/SES183/SA183S14	SES183	0.400246	-48.067	-48.4673
BLOCK18/SES183/SA183S24	SES183	0.92831	-47.8157	-48.744
BLOCK18/SES183/SA183S27	SES183	1.44117	-46.8459	-48.2871
BLOCK18/SES183/SA183S29	SES183	1.27421	-46.5895	-47.8637
BLOCK18/SES187/SA187S13	SES187	1.15134	-47.8083	-48.9597
BLOCK18/SES187/SA187S14	SES187	1.2229	-47.8103	-49.0332
BLOCK18/SES187/SA187S24	SES187	1.22692	-47.1667	-48.3937
BLOCK18/SES187/SA187S27	SES187	0.971859	-47.3439	-48.3158
BLOCK18/SES187/SA187S29	SES187	0.732491	-47.8627	-48.5952
BLOCK18/SES189/SA189S10	SES189	2.0283	-48.685	-50.7133
BLOCK18/SES189/SA189S13	SES189	2.79762	-48.6684	-51.4661
BLOCK18/SES189/SA189S24	SES189	2.67147	-47.8344	-50.5059
BLOCK18/SES189/SA189S26	SES189	1.37199	-47.9684	-49.3404
BLOCK18/SES189/SA189S29	SES189	2.63556	-47.4182	-50.0538
BLOCK20/SES202/SA202S12	SES202	1.75261	-47.067	-48.8196
BLOCK20/SES202/SA202S14	SES202	2.92127	-45.2776	-48.1989
BLOCK20/SES202/SA202S24	SES202	1.43855	-47.1607	-48.5993
BLOCK20/SES202/SA202S27	SES202	2.06163	-45.0108	-47.0724
BLOCK20/SES202/SA202S29	SES202	2.2263	-45.5221	-47.7484
BLOCK20/SES206/SA206S15	SES206	0.635826	-45.6281	-46.2639
BLOCK20/SES206/SA206S17	SES206	2.05924	-44.2227	-46.2819
BLOCK20/SES206/SA206S24	SES206	1.62797	-44.7639	-46.3918
BLOCK20/SES206/SA206S27	SES206	2.16371	-45.2977	-47.4614
BLOCK20/SES206/SA206S29	SES206	1.71804	-44.2426	-45.9607
BLOCK22/SES226/SA226S12	SES226	2.25841	-46.0609	-48.3194
BLOCK22/SES226/SA226S13	SES226	-0.108109	-47.6308	-47.5227
BLOCK22/SES226/SA226S20	SES226	1.66076	-46.0918	-47.7526
BLOCK22/SES226/SA226S23	SES226	1.86409	-45.6462	-47.5103
BLOCK22/SES226/SA226S28	SES226	2.24274	-45.1285	-47.3712
BLOCK25/SES259/SA259S13	SES259	3.75866	-43.9134	-47.672
BLOCK25/SES259/SA259S14	SES259	2.50555	-44.9538	-47.4593
BLOCK25/SES259/SA259S22	SES259	2.261	-44.8266	-47.0876
BLOCK25/SES259/SA259S24	SES259	2.74376	-43.9876	-46.7313
BLOCK25/SES259/SA259S28	SES259	2.06214	-44.6784	-46.7405
BLOCK27/SES270/SA270S14	SES270	3.11879	-45.6769	-48.7957
BLOCK27/SES270/SA270S16	SES270	1.17667	-46.2644	-47.441
BLOCK27/SES270/SA270S22	SES270	2.79693	-45.2573	-48.0542
BLOCK27/SES270/SA270S26	SES270	2.39461	-46.2447	-48.6393
BLOCK27/SES270/SA270S28	SES270	1.57015	-45.857	-47.4272
BLOCK27/SES275/SA275S17	SES275	1.74403	-47.0783	-48.8223
BLOCK27/SES275/SA275S18	SES275	0.809391	-47.0893	-47.8987
BLOCK27/SES275/SA275S24	SES275	1.13351	-48.1033	-49.2368
BLOCK27/SES275/SA275S26	SES275	1.66646	-46.4741	-48.1405
BLOCK27/SES275/SA275S28	SES275	0.755295	-46.875	-47.6303
BLOCK29/SES292/SA292S10	SES292	0.905754	-47.3197	-48.2254
BLOCK29/SES292/SA292S12	SES292	0.724678	-48.1268	-48.8515
BLOCK29/SES292/SA292S22	SES292	1.41828	-46.1504	-47.5687
BLOCK29/SES292/SA292S24	SES292	0.668552	-47.0053	-47.6739
BLOCK29/SES292/SA292S27	SES292	0.579182	-46.5723	-47.1515
BLOCK00/SES001/SA001S14	SES062	-0.783207	-49.013	-48.2298
BLOCK00/SES001/SA001S14	SES082	-2.20018	-50.43	-48.2298
BLOCK00/SES001/SA001S14	SES106	-2.99434	-51.2241	-48.2298
BLOCK00/SES001/SA001S14	SES206	-3.95044	-52.1802	-48.2298
BLOCK00/SES001/SA001S15	SES062	-1.88474	-48.9247	-47.0399
BLOCK00/SES001/SA001S15	SES104	-3.20939	-50.2493	-47.0399
BLOCK00/SES001/SA001S15	SES106	-3.2407	-50.2806	-47.0399
BLOCK00/SES001/SA001S15	SES206	-3.59356	-50.6335	-47.0399
BLOCK00/SES001/SA001S24	SES062	-2.21978	-50.6545	-48.4348
BLOCK00/SES001/SA001S24	SES082	-1.55292	-49.9877	-48.4348
BLOCK00/SES001/SA001S24	SES087	-3.52539	-51.9601	-48.4348
BLOCK00/SES001/SA001S24	SES206	-1.50006	-49.9348	-48.4348
BLOCK00/SES001/SA001S27	SES062	-1.78958	-49.0349	-47.2454
BLOCK00/SES001/SA001S27	SES082	-2.16137	-49.4067	-47.2454
BLOCK00/SES001/SA001S27	SES087	-3.39057	-50.6359	-47.2454
BLOCK00/SES001/SA001S27	SES206	-2.93365	-50.179	-47.2454
BLOCK00/SES001/SA001S29	SES062	-1.66507	-49.8917	-48.2266
BLOCK00/SES001/SA001S29	SES082	-1.00351	-49.2301	-48.2266
BLOCK00/SES001/SA001S29	SES158	-1.75062	-49.9772	-48.2266
BLOCK00/SES001/SA001S29	SES206	-3.60984	-51.8364	-48.2266
BLOCK00/SES003/SA003S11	SES002	-1.55095	-49.3875	-47.8365
BLOCK00/SES003/SA003S11	SES019	-0.769089	-48.6056	-47.8365
BLOCK00/SES003/SA003S11	SES082	0.243542	-47.593	-47.8365
BLOCK00/SES003/SA003S11	SES125	-0.761547	-48.5981	-47.8365
BLOCK00/SES003/SA003S15	SES016	-4.28089	-52.1509	-47.87
BLOCK00/SES003/SA003S15	SES019	-1.02129	-48.8913	-47.87
BLOCK00/SES003/SA003S15	SES062	-3.11671	-50.9867	-47.87
BLOCK00/SES003/SA003S15	SES206	-0.829166	-48.6992	-47.87
BLOCK00/SES003/SA003S22	SES002	-2.81565	-50.294	-47.4783
BLOCK00/SES003/SA003S22	SES062	-1.84018	-49.3185	-47.4783
BLOCK00/SES003/SA003S22	SES082	-0.511669	-47.99	-47.4783
BLOCK00/SES003/SA003S22	SES087	-2.16379	-49.6421	-47.4783
BLOCK00/SES003/SA003S25	SES062	-3.00866	-51.4346	-48.426
BLOCK00/SES003/SA003S25	SES082	0.85334	-47.5726	-48.426
BLOCK00/SES003/SA003S25	SES087	-1.82304	-50.249	-48.426
BLOCK00/SES003/SA003S25	SES206	-1.36726	-49.7932	-48.426
BLOCK00/SES003/SA003S29	SES002	-2.5208	-50.4951	-47.9743
BLOCK00/SES003/SA003S29	SES062	-2.12283	-50.0971	-47.9743
BLOCK00/SES003/SA003S29	SES082	-0.195061	-48.1693	-47.9743
BLOCK00/SES003/SA003S29	SES087	-2.05552	-50.0298	-47.9743
BLOCK00/SES004/SA004S12	SES083	-1.67598	-49.9964	-48.3204
BLOCK00/SES004/SA004S12	SES148	-1.82664	-50.1471	-48.3204
BLOCK00/SES004/SA004S12	SES172	-1.35701	-49.6775	-48.3204
BLOCK00/SES004/SA004S12	SES292	-1.98114	-50.3016	-48.3204
BLOCK00/SES004/SA004S17	SES083	-1.87715	-50.5261	-48.649
BLOCK00/SES004/SA004S17	SES162	-1.39989	-50.0489	-48.649
BLOCK00/SES004/SA004S17	SES172	-1.53202	-50.181	-48.649
BLOCK00/SES004/SA004S17	SES292	-1.40381	-50.0528	-48.649
BLOCK00/SES004/SA004S24	SES083	-1.62399	-49.8911	-48.2671
BLOCK00/SES004/SA004S24	SES148	-1.77923	-50.0463	-48.2671
BLOCK00/SES004/SA004S24	SES172	-0.860519	-49.1276	-48.2671
BLOCK00/SES004/SA004S24	SES292	-1.18132	-49.4484	-48.2671
BLOCK00/SES004/SA004S26	SES083	-0.925323	-48.4993	-47.5739
BLOCK00/SES004/SA004S26	SES127	-0.938461	-48.5124	-47.5739
BLOCK00/SES004/SA004S26	SES148	-2.25765	-49.8316	-47.5739
BLOCK00/SES004/SA004S26	SES292	-1.12461	-48.6985	-47.5739
BLOCK00/SES004/SA004S28	SES083	-1.26268	-48.8248	-47.5622
BLOCK00/SES004/SA004S28	SES127	-1.47263	-49.0348	-47.5622
BLOCK00/SES004/SA004S28	SES187	-1.92844	-49.4906	-47.5622
BLOCK00/SES004/SA004S28	SES292	-2.13561	-49.6978	-47.5622
BLOCK00/SES006/SA006S10	SES014	-2.74389	-52.3089	-49.565
BLOCK00/SES006/SA006S10	SES158	-0.140934	-49.706	-49.565
BLOCK00/SES006/SA006S10	SES226	-2.98548	-52.5505	-49.565
BLOCK00/SES006/SA006S10	SES270	-0.0674858	-49.6325	-49.565
BLOCK00/SES006/SA006S11	SES158	-0.174873	-49.908	-49.7331
BLOCK00/SES006/SA006S11	SES226	-2.21797	-51.9511	-49.7331
BLOCK00/SES006/SA006S11	SES270	0.0773506	-49.6558	-49.7331
BLOCK00/SES006/SA006S11	SES275	-3.22285	-52.956	-49.7331
BLOCK00/SES006/SA006S23	SES062	-2.26197	-50.981	-48.7191
BLOCK00/SES006/SA006S23	SES105	-1.8343	-50.5534	-48.7191
BLOCK00/SES006/SA006S23	SES158	-0.810558	-49.5296	-48.7191
BLOCK00/SES006/SA006S23	SES275	-2.59101	-51.3101	-48.7191
BLOCK00/SES006/SA006S26	SES104	-1.67931	-49.8549	-48.1756
BLOCK00/SES006/SA006S26	SES158	0.138668	-48.0369	-48.1756
BLOCK00/SES006/SA006S26	SES270	0.121593	-48.054	-48.1756
BLOCK00/SES006/SA006S26	SES275	-3.39435	-51.5699	-48.1756
BLOCK00/SES006/SA006S28	SES007	-3.14172	-52.3564	-49.2147
BLOCK00/SES006/SA006S28	SES105	-2.18985	-51.4046	-49.2147
BLOCK00/SES006/SA006S28	SES158	-1.00418	-50.2189	-49.2147
BLOCK00/SES006/SA006S28	SES275	-3.37224	-52.5869	-49.2147
BLOCK00/SES009/SA009S12	SES083	-1.32381	-48.8207	-47.4969
BLOCK00/SES009/SA009S12	SES148	-1.46124	-48.9581	-47.4969
BLOCK00/SES009/SA009S12	SES177	-2.8017	-50.2986	-47.4969
BLOCK00/SES009/SA009S12	SES292	-0.886391	-48.3833	-47.4969
BLOCK00/SES009/SA009S15	SES007	0.552341	-46.2774	-46.8298
BLOCK00/SES009/SA009S15	SES099	-10.1091	-56.9388	-46.8298
BLOCK00/SES009/SA009S15	SES148	-1.57212	-48.4019	-46.8298
BLOCK00/SES009/SA009S15	SES172	-1.56116	-48.3909	-46.8298
BLOCK00/SES009/SA009S24	SES146	-0.752438	-47.892	-47.1396
BLOCK00/SES009/SA009S24	SES148	-1.73753	-48.8771	-47.1396
BLOCK00/SES009/SA009S24	SES177	-1.89595	-49.0355	-47.1396
BLOCK00/SES009/SA009S24	SES292	-0.77425	-47.9138	-47.1396
BLOCK00/SES009/SA009S26	SES083	-1.40171	-49.1712	-47.7695
BLOCK00/SES009/SA009S26	SES101	-1.35149	-49.121	-47.7695
BLOCK00/SES009/SA009S26	SES120	-1.72751	-49.497	-47.7695
BLOCK00/SES009/SA009S26	SES177	-2.54581	-50.3153	-47.7695
BLOCK00/SES009/SA009S29	SES083	-1.26323	-48.3011	-47.0378
BLOCK00/SES009/SA009S29	SES101	-1.61777	-48.6556	-47.0378
BLOCK00/SES009/SA009S29	SES177	-2.32738	-49.3652	-47.0378
BLOCK00/SES009/SA009S29	SES292	-1.10345	-48.1413	-47.0378
BLOCK01/SES011/SA011S10	SES019	-0.493713	-48.3632	-47.8695
BLOCK01/SES011/SA011S10	SES042	-0.178669	-48.0482	-47.8695
BLOCK01/SES011/SA011S10	SES082	-1.20876	-49.0783	-47.8695
BLOCK01/SES011/SA011S10	SES206	-0.252441	-48.1219	-47.8695
BLOCK01/SES011/SA011S11	SES019	-0.7323	-49.6639	-48.9316
BLOCK01/SES011/SA011S11	SES042	-0.664616	-49.5962	-48.9316
BLOCK01/SES011/SA011S11	SES082	-1.14178	-50.0734	-48.9316
BLOCK01/SES011/SA011S11	SES206	-0.114807	-49.0464	-48.9316
BLOCK01/SES011/SA011S22	SES019	-0.35833	-48.4489	-48.0905
BLOCK01/SES011/SA011S22	SES042	-0.599957	-48.6905	-48.0905
BLOCK01/SES011/SA011S22	SES082	-0.224743	-48.3153	-48.0905
BLOCK01/SES011/SA011S22	SES206	-0.342926	-48.4335	-48.0905
BLOCK01/SES011/SA011S24	SES019	-0.432396	-47.7816	-47.3492
BLOCK01/SES011/SA011S24	SES042	0.12064	-47.2286	-47.3492
BLOCK01/SES011/SA011S24	SES104	-1.06905	-48.4182	-47.3492
BLOCK01/SES011/SA011S24	SES206	0.0339508	-47.3152	-47.3492
BLOCK01/SES011/SA011S27	SES082	0.741657	-46.6138	-47.3554
BLOCK01/SES011/SA011S27	SES087	-0.157776	-47.5132	-47.3554
BLOCK01/SES011/SA011S27	SES125	0.232941	-47.1225	-47.3554
BLOCK01/SES011/SA011S27	SES206	0.348782	-47.0067	-47.3554
BLOCK01/SES012/SA012S11	SES007	-2.98542	-49.0605	-46.0751
BLOCK01/SES012/SA012S11	SES082	-1.10807	-47.1832	-46.0751
BLOCK01/SES012/SA012S11	SES083	-2.97151	-49.0466	-46.0751
BLOCK01/SES012/SA012S11	SES206	-0.550972	-46.6261	-46.0751
BLOCK01/SES012/SA012S14	SES082	-0.398052	-47.2591	-46.861
BLOCK01/SES012/SA012S14	SES087	-1.25867	-48.1197	-46.861
BLOCK01/SES012/SA012S14	SES206	-0.410019	-47.271	-46.861
BLOCK01/SES012/SA012S14	SES292	-4.13184	-50.9928	-46.861
BLOCK01/SES012/SA012S24	SES082	0.495003	-47.3346	-47.8296
BLOCK01/SES012/SA012S24	SES087	-0.864071	-48.6936	-47.8296
BLOCK01/SES012/SA012S24	SES120	-3.71693	-51.5465	-47.8296
BLOCK01/SES012/SA012S24	SES206	0.25676	-47.5728	-47.8296
BLOCK01/SES012/SA012S26	SES019	-1.78625	-48.73	-46.9437
BLOCK01/SES012/SA012S26	SES082	-1.19938	-48.1431	-46.9437
BLOCK01/SES012/SA012S26	SES206	-0.240952	-47.1847	-46.9437
BLOCK01/SES012/SA012S26	SES292	-3.80653	-50.7502	-46.9437
BLOCK01/SES012/SA012S29	SES062	-3.04393	-49.6507	-46.6067
BLOCK01/SES012/SA012S29	SES082	-0.953239	-47.56	-46.6067
BLOCK01/SES012/SA012S29	SES083	-2.82182	-49.4286	-46.6067
BLOCK01/SES012/SA012S29	SES206	-0.656712	-47.2635	-46.6067
BLOCK01/SES013/SA013S16	SES062	-4.22557	-51.6832	-47.4577
BLOCK01/SES013/SA013S16	SES106	-0.371578	-47.8292	-47.4577
BLOCK01/SES013/SA013S16	SES206	-0.464661	-47.9223	-47.4577
BLOCK01/SES013/SA013S16	SES226	-0.0662003	-47.5239	-47.4577
BLOCK01/SES013/SA013S17	SES062	-4.13286	-50.9072	-46.7744
BLOCK01/SES013/SA013S17	SES106	-0.412106	-47.1865	-46.7744
BLOCK01/SES013/SA013S17	SES206	0.637691	-46.1367	-46.7744
BLOCK01/SES013/SA013S17	SES226	0.522797	-46.2516	-46.7744
BLOCK01/SES013/SA013S23	SES104	-1.03335	-48.4179	-47.3846
BLOCK01/SES013/SA013S23	SES106	-0.207073	-47.5917	-47.3846
BLOCK01/SES013/SA013S23	SES206	-0.512199	-47.8968	-47.3846
BLOCK01/SES013/SA013S23	SES270	-0.31012	-47.6947	-47.3846
BLOCK01/SES013/SA013S25	SES042	-1.70133	-48.6248	-46.9234
BLOCK01/SES013/SA013S25	SES104	-0.578529	-47.502	-46.9234
BLOCK01/SES013/SA013S25	SES106	-0.17503	-47.0985	-46.9234
BLOCK01/SES013/SA013S25	SES206	-0.602871	-47.5263	-46.9234
BLOCK01/SES013/SA013S29	SES062	-4.31979	-51.6119	-47.2921
BLOCK01/SES013/SA013S29	SES104	-0.912506	-48.2046	-47.2921
BLOCK01/SES013/SA013S29	SES106	0.00716019	-47.2849	-47.2921
BLOCK01/SES013/SA013S29	SES206	-0.482773	-47.7748	-47.2921
BLOCK02/SES021/SA021S13	SES016	-4.67126	-51.4594	-46.7881
BLOCK02/SES021/SA021S13	SES029	-4.04874	-50.8369	-46.7881
BLOCK02/SES021/SA021S13	SES087	-1.62386	-48.412	-46.7881
BLOCK02/SES021/SA021S13	SES206	-0.78014	-47.5683	-46.7881
BLOCK02/SES021/SA021S15	SES087	-1.08134	-46.926	-45.8446
BLOCK02/SES021/SA021S15	SES125	-0.206116	-46.0507	-45.8446
BLOCK02/SES021/SA021S15	SES206	-0.0539589	-45.8986	-45.8446
BLOCK02/SES021/SA021S15	SES226	-0.409615	-46.2542	-45.8446
BLOCK02/SES021/SA021S23	SES062	-3.35597	-51.2287	-47.8727
BLOCK02/SES021/SA021S23	SES087	-2.02625	-49.899	-47.8727
BLOCK02/SES021/SA021S23	SES206	-0.929359	-48.8021	-47.8727
BLOCK02/SES021/SA021S23	SES226	-0.0247192	-47.8974	-47.8727
BLOCK02/SES021/SA021S27	SES002	-2.04328	-48.5614	-46.5181
BLOCK02/SES021/SA021S27	SES016	-4.54727	-51.0654	-46.5181
BLOCK02/SES021/SA021S27	SES019	-1.3858	-47.9039	-46.5181
BLOCK02/SES021/SA021S27	SES062	-1.67466	-48.1928	-46.5181
BLOCK02/SES021/SA021S29	SES087	-1.95846	-48.1522	-46.1937
BLOCK02/SES021/SA021S29	SES125	-1.36404	-47.5578	-46.1937
BLOCK02/SES021/SA021S29	SES206	-0.98893	-47.1827	-46.1937
BLOCK02/SES021/SA021S29	SES226	-0.372299	-46.566	-46.1937
BLOCK04/SES043/SA043S09	SES083	-2.20999	-51.0141	-48.8041
BLOCK04/SES043/SA043S09	SES101	-2.6446	-51.4487	-48.8041
BLOCK04/SES043/SA043S09	SES144	-0.80349	-49.6076	-48.8041
BLOCK04/SES043/SA043S09	SES172	-3.6096	-52.4137	-48.8041
BLOCK04/SES043/SA043S11	SES083	-0.649635	-48.1164	-47.4667
BLOCK04/SES043/SA043S11	SES101	-1.83255	-49.2993	-47.4667
BLOCK04/SES043/SA043S11	SES144	-0.654312	-48.121	-47.4667
BLOCK04/SES043/SA043S11	SES172	-1.5946	-49.0613	-47.4667
BLOCK04/SES043/SA043S23	SES083	-0.825672	-48.5336	-47.7079
BLOCK04/SES043/SA043S23	SES144	-0.262527	-47.9705	-47.7079
BLOCK04/SES043/SA043S23	SES177	-2.37559	-50.0835	-47.7079
BLOCK04/SES043/SA043S23	SES275	-0.193047	-47.901	-47.7079
BLOCK04/SES043/SA043S26	SES083	-0.571083	-48.8038	-48.2327
BLOCK04/SES043/SA043S26	SES101	-1.05948	-49.2922	-48.2327
BLOCK04/SES043/SA043S26	SES144	-0.248363	-48.4811	-48.2327
BLOCK04/SES043/SA043S26	SES177	-1.74975	-49.9825	-48.2327
BLOCK04/SES043/SA043S28	SES016	-1.53208	-48.8292	-47.2971
BLOCK04/SES043/SA043S28	SES083	-0.672115	-47.9692	-47.2971
BLOCK04/SES043/SA043S28	SES101	-0.989399	-48.2865	-47.2971
BLOCK04/SES043/SA043S28	SES144	-0.537472	-47.8345	-47.2971
BLOCK04/SES044/SA044S10	SES127	-2.11077	-53.1972	-51.0864
BLOCK04/SES044/SA044S10	SES144	0.0776138	-51.0088	-51.0864
BLOCK04/SES044/SA044S10	SES147	-4.1836	-55.27	-51.0864
BLOCK04/SES044/SA044S10	SES148	-2.44232	-53.5287	-51.0864
BLOCK04/SES044/SA044S11	SES101	-1.95271	-51.6195	-49.6668
BLOCK04/SES044/SA044S11	SES144	-0.036541	-49.7034	-49.6668
BLOCK04/SES044/SA044S11	SES147	-3.26935	-52.9362	-49.6668
BLOCK04/SES044/SA044S11	SES177	-2.20882	-51.8756	-49.6668
BLOCK04/SES044/SA044S24	SES007	-1.72496	-50.7904	-49.0654
BLOCK04/SES044/SA044S24	SES101	-1.18295	-50.2484	-49.0654
BLOCK04/SES044/SA044S24	SES147	-5.18804	-54.2534	-49.0654
BLOCK04/SES044/SA044S24	SES177	-2.17511	-51.2405	-49.0654
BLOCK04/SES044/SA044S26	SES007	-2.25192	-51.116	-48.8641
BLOCK04/SES044/SA044S26	SES016	-0.804237	-49.6684	-48.8641
BLOCK04/SES044/SA044S26	SES101	-1.63204	-50.4962	-48.8641
BLOCK04/SES044/SA044S26	SES147	-2.23355	-51.0977	-48.8641
BLOCK04/SES044/SA044S29	SES007	-1.83891	-49.7075	-47.8686
BLOCK04/SES044/SA044S29	SES101	-1.12365	-48.9922	-47.8686
BLOCK04/SES044/SA044S29	SES147	-3.10149	-50.9701	-47.8686
BLOCK04/SES044/SA044S29	SES177	-1.95333	-49.8219	-47.8686
BLOCK04/SES046/SA046S13	SES101	-2.50179	-51.2837	-48.7819
BLOCK04/SES046/SA046S13	SES144	-1.28723	-50.0691	-48.7819
BLOCK04/SES046/SA046S13	SES147	-2.87967	-51.6615	-48.7819
BLOCK04/SES046/SA046S13	SES177	-0.944942	-49.7268	-48.7819
BLOCK04/SES046/SA046S15	SES048	-2.64851	-50.2361	-47.5876
BLOCK04/SES046/SA046S15	SES083	-0.803207	-48.3908	-47.5876
BLOCK04/SES046/SA046S15	SES120	-1.89235	-49.48	-47.5876
BLOCK04/SES046/SA046S15	SES148	-1.55193	-49.1396	-47.5876
BLOCK04/SES046/SA046S22	SES101	-0.972187	-49.5127	-48.5405
BLOCK04/SES046/SA046S22	SES144	-1.01428	-49.5548	-48.5405
BLOCK04/SES046/SA046S22	SES147	-2.40288	-50.9434	-48.5405
BLOCK04/SES046/SA046S22	SES172	-1.78832	-50.3288	-48.5405
BLOCK04/SES046/SA046S25	SES083	-1.53824	-49.6834	-48.1452
BLOCK04/SES046/SA046S25	SES127	-1.25426	-49.3994	-48.1452
BLOCK04/SES046/SA046S25	SES144	-1.63057	-49.7757	-48.1452
BLOCK04/SES046/SA046S25	SES148	-1.42226	-49.5674	-48.1452
BLOCK04/SES046/SA046S28	SES007	-3.51329	-52.6103	-49.097
BLOCK04/SES046/SA046S28	SES105	-2.54492	-51.6419	-49.097
BLOCK04/SES046/SA046S28	SES147	-2.29552	-51.3925	-49.097
BLOCK04/SES046/SA046S28	SES148	-1.38616	-50.4832	-49.097
BLOCK04/SES049/SA049S16	SES104	-0.88068	-49.2067	-48.326
BLOCK04/SES049/SA049S16	SES106	-0.805561	-49.1316	-48.326
BLOCK04/SES049/SA049S16	SES120	-3.18092	-51.5069	-48.326
BLOCK04/SES049/SA049S16	SES206	-0.746094	-49.0721	-48.326
BLOCK04/SES049/SA049S18	SES099	-0.176414	-49.8866	-49.7102
BLOCK04/SES049/SA049S18	SES104	-0.818565	-50.5288	-49.7102
BLOCK04/SES049/SA049S18	SES125	-1.64719	-51.3574	-49.7102
BLOCK04/SES049/SA049S18	SES206	-0.929771	-50.64	-49.7102
BLOCK04/SES049/SA049S25	SES087	-0.908875	-49.253	-48.3441
BLOCK04/SES049/SA049S25	SES104	0.200321	-48.1438	-48.3441
BLOCK04/SES049/SA049S25	SES125	-1.09553	-49.4396	-48.3441
BLOCK04/SES049/SA049S25	SES206	-0.288002	-48.6321	-48.3441
BLOCK04/SES049/SA049S27	SES099	-0.517204	-48.4517	-47.9345
BLOCK04/SES049/SA049S27	SES104	0.055336	-47.8791	-47.9345
BLOCK04/SES049/SA049S27	SES125	-1.19998	-49.1344	-47.9345
BLOCK04/SES049/SA049S27	SES206	-0.70285	-48.6373	-47.9345
BLOCK04/SES049/SA049S29	SES099	-0.203587	-47.4929	-47.2893
BLOCK04/SES049/SA049S29	SES104	0.490028	-46.7993	-47.2893
BLOCK04/SES049/SA049S29	SES125	-0.366554	-47.6559	-47.2893
BLOCK04/SES049/SA049S29	SES206	0.0877686	-47.2015	-47.2893
BLOCK06/SES063/SA063S09	SES068	-1.81198	-49.5089	-47.6969
BLOCK06/SES063/SA063S09	SES083	-0.596863	-48.2938	-47.6969
BLOCK06/SES063/SA063S09	SES177	-1.21599	-48.9129	-47.6969
BLOCK06/SES063/SA063S09	SES187	-1.5923	-49.2892	-47.6969
BLOCK06/SES063/SA063S10	SES068	-2.0666	-50.4663	-48.3997
BLOCK06/SES063/SA063S10	SES083	-0.236507	-48.6362	-48.3997
BLOCK06/SES063/SA063S10	SES172	-0.521179	-48.9209	-48.3997
BLOCK06/SES063/SA063S10	SES187	-1.7827	-50.1824	-48.3997
BLOCK06/SES063/SA063S20	SES068	-2.55188	-50.7362	-48.1844
BLOCK06/SES063/SA063S20	SES083	-1.00491	-49.1893	-48.1844
BLOCK06/SES063/SA063S20	SES172	-1.47743	-49.6618	-48.1844
BLOCK06/SES063/SA063S20	SES187	-0.882587	-49.0669	-48.1844
BLOCK06/SES063/SA063S24	SES029	-2.40673	-49.8752	-47.4685
BLOCK06/SES063/SA063S24	SES083	-0.319942	-47.7884	-47.4685
BLOCK06/SES063/SA063S24	SES177	-1.63067	-49.0992	-47.4685
BLOCK06/SES063/SA063S24	SES189	-1.67064	-49.1391	-47.4685
BLOCK06/SES063/SA063S27	SES083	-0.417759	-49.4934	-49.0757
BLOCK06/SES063/SA063S27	SES172	-1.1481	-50.2238	-49.0757
BLOCK06/SES063/SA063S27	SES187	-1.43328	-50.5089	-49.0757
BLOCK06/SES063/SA063S27	SES292	-1.47841	-50.5541	-49.0757
BLOCK06/SES067/SA067S12	SES083	-1.87445	-49.6383	-47.7639
BLOCK06/SES067/SA067S12	SES172	-3.09468	-50.8586	-47.7639
BLOCK06/SES067/SA067S12	SES202	0.284996	-47.4789	-47.7639
BLOCK06/SES067/SA067S12	SES292	-1.62488	-49.3888	-47.7639
BLOCK06/SES067/SA067S14	SES085	-1.29482	-48.4098	-47.1149
BLOCK06/SES067/SA067S14	SES177	-1.41982	-48.5348	-47.1149
BLOCK06/SES067/SA067S14	SES183	-2.63619	-49.7511	-47.1149
BLOCK06/SES067/SA067S14	SES202	-0.368641	-47.4836	-47.1149
BLOCK06/SES067/SA067S21	SES144	-0.968906	-49.7168	-48.7478
BLOCK06/SES067/SA067S21	SES177	-0.862968	-49.6108	-48.7478
BLOCK06/SES067/SA067S21	SES183	-3.72376	-52.4716	-48.7478
BLOCK06/SES067/SA067S21	SES189	-0.279148	-49.027	-48.7478
BLOCK06/SES067/SA067S25	SES085	-0.662643	-48.4216	-47.7589
BLOCK06/SES067/SA067S25	SES177	-1.05271	-48.8116	-47.7589
BLOCK06/SES067/SA067S25	SES183	-2.48517	-50.2441	-47.7589
BLOCK06/SES067/SA067S25	SES202	0.102436	-47.6565	-47.7589
BLOCK06/SES067/SA067S29	SES085	-0.722755	-48.8139	-48.0912
BLOCK06/SES067/SA067S29	SES177	-1.00068	-49.0919	-48.0912
BLOCK06/SES067/SA067S29	SES183	-2.60116	-50.6923	-48.0912
BLOCK06/SES067/SA067S29	SES202	0.324722	-47.7664	-48.0912
BLOCK06/SES069/SA069S12	SES029	-2.69884	-50.2216	-47.5227
BLOCK06/SES069/SA069S12	SES082	-0.510365	-48.0331	-47.5227
BLOCK06/SES069/SA069S12	SES087	-1.96416	-49.4869	-47.5227
BLOCK06/SES069/SA069S12	SES206	-1.09989	-48.6226	-47.5227
BLOCK06/SES069/SA069S13	SES029	-3.15302	-50.6902	-47.5372
BLOCK06/SES069/SA069S13	SES087	-2.10103	-49.6382	-47.5372
BLOCK06/SES069/SA069S13	SES206	-1.8973	-49.4345	-47.5372
BLOCK06/SES069/SA069S13	SES226	-1.25936	-48.7966	-47.5372
BLOCK06/SES069/SA069S23	SES029	-2.69068	-48.6082	-45.9175
BLOCK06/SES069/SA069S23	SES087	-3.20693	-49.1244	-45.9175
BLOCK06/SES069/SA069S23	SES206	-2.0859	-48.0034	-45.9175
BLOCK06/SES069/SA069S23	SES226	-0.491756	-46.4092	-45.9175
BLOCK06/SES069/SA069S25	SES087	-1.80801	-48.1086	-46.3006
BLOCK06/SES069/SA069S25	SES206	-1.25043	-47.551	-46.3006
BLOCK06/SES069/SA069S25	SES226	-0.923256	-47.2238	-46.3006
BLOCK06/SES069/SA069S25	SES270	-0.973686	-47.2743	-46.3006
BLOCK06/SES069/SA069S27	SES087	-2.23951	-48.8211	-46.5816
BLOCK06/SES069/SA069S27	SES206	-0.872204	-47.4538	-46.5816
BLOCK06/SES069/SA069S27	SES226	-0.0912895	-46.6729	-46.5816
BLOCK06/SES069/SA069S27	SES270	-1.3242	-47.9058	-46.5816
BLOCK08/SES081/SA081S11	SES060	-1.27741	-48.767	-47.4896
BLOCK08/SES081/SA081S11	SES062	-3.21341	-50.703	-47.4896
BLOCK08/SES081/SA081S11	SES117	-2.49823	-49.9879	-47.4896
BLOCK08/SES081/SA081S11	SES162	-1.65779	-49.1474	-47.4896
BLOCK08/SES081/SA081S13	SES016	-0.823307	-47.5619	-46.7386
BLOCK08/SES081/SA081S13	SES060	-0.92984	-47.6685	-46.7386
BLOCK08/SES081/SA081S13	SES068	-0.310715	-47.0493	-46.7386
BLOCK08/SES081/SA081S13	SES129	-1.8661	-48.6047	-46.7386
BLOCK08/SES081/SA081S24	SES060	-0.852638	-47.9863	-47.1337
BLOCK08/SES081/SA081S24	SES068	-1.15328	-48.287	-47.1337
BLOCK08/SES081/SA081S24	SES117	-2.19215	-49.3259	-47.1337
BLOCK08/SES081/SA081S24	SES275	-2.8564	-49.9901	-47.1337
BLOCK08/SES081/SA081S27	SES007	-1.91364	-49.0835	-47.1699
BLOCK08/SES081/SA081S27	SES060	-2.09018	-49.2601	-47.1699
BLOCK08/SES081/SA081S27	SES117	-1.3223	-48.4922	-47.1699
BLOCK08/SES081/SA081S27	SES275	-2.52493	-49.6948	-47.1699
BLOCK08/SES081/SA081S29	SES007	-1.84258	-48.6261	-46.7836
BLOCK08/SES081/SA081S29	SES060	-1.36728	-48.1508	-46.7836
BLOCK08/SES081/SA081S29	SES117	-2.251	-49.0346	-46.7836
BLOCK08/SES081/SA081S29	SES275	-2.7025	-49.4861	-46.7836
BLOCK08/SES086/SA086S11	SES029	-5.2431	-54.4622	-49.2191
BLOCK08/SES086/SA086S11	SES082	-1.53717	-50.7563	-49.2191
BLOCK08/SES086/SA086S11	SES087	-0.246563	-49.4657	-49.2191
BLOCK08/SES086/SA086S11	SES206	-0.971077	-50.1902	-49.2191
BLOCK08/SES086/SA086S12	SES029	-5.19843	-53.4268	-48.2284
BLOCK08/SES086/SA086S12	SES082	-0.794678	-49.0231	-48.2284
BLOCK08/SES086/SA086S12	SES087	0.791573	-47.4368	-48.2284
BLOCK08/SES086/SA086S12	SES206	-0.594292	-48.8227	-48.2284
BLOCK08/SES086/SA086S20	SES029	-4.86292	-51.8106	-46.9476
BLOCK08/SES086/SA086S20	SES082	-1.53474	-48.4824	-46.9476
BLOCK08/SES086/SA086S20	SES087	1.04752	-45.9001	-46.9476
BLOCK08/SES086/SA086S20	SES206	-0.0972404	-47.0449	-46.9476
BLOCK08/SES086/SA086S24	SES087	0.418152	-47.5967	-48.0148
BLOCK08/SES086/SA086S24	SES104	-0.45892	-48.4737	-48.0148
BLOCK08/SES086/SA086S24	SES120	-4.31729	-52.3321	-48.0148
BLOCK08/SES086/SA086S24	SES206	0.272583	-47.7422	-48.0148
BLOCK08/SES086/SA086S28	SES029	-3.68368	-50.6664	-46.9827
BLOCK08/SES086/SA086S28	SES082	-0.998215	-47.9809	-46.9827
BLOCK08/SES086/SA086S28	SES087	0.352222	-46.6305	-46.9827
BLOCK08/SES086/SA086S28	SES206	-0.176926	-47.1597	-46.9827
BLOCK08/SES089/SA089S13	SES087	-2.58808	-50.2746	-47.6866
BLOCK08/SES089/SA089S13	SES206	-2.11669	-49.8032	-47.6866
BLOCK08/SES089/SA089S13	SES226	-0.956238	-48.6428	-47.6866
BLOCK08/SES089/SA089S13	SES270	-2.82855	-50.5151	-47.6866
BLOCK08/SES089/SA089S14	SES062	-2.3763	-49.8255	-47.4492
BLOCK08/SES089/SA089S14	SES087	-0.587769	-48.0369	-47.4492
BLOCK08/SES089/SA089S14	SES206	-0.913593	-48.3628	-47.4492
BLOCK08/SES089/SA089S14	SES226	0.172512	-47.2767	-47.4492
BLOCK08/SES089/SA089S23	SES087	-2.1328	-50.8205	-48.6877
BLOCK08/SES089/SA089S23	SES206	-1.83084	-50.5185	-48.6877
BLOCK08/SES089/SA089S23	SES226	-0.403282	-49.091	-48.6877
BLOCK08/SES089/SA089S23	SES270	-2.5962	-51.2839	-48.6877
BLOCK08/SES089/SA089S25	SES062	-3.19162	-50.499	-47.3073
BLOCK08/SES089/SA089S25	SES087	-1.03597	-48.3433	-47.3073
BLOCK08/SES089/SA089S25	SES206	-1.64235	-48.9497	-47.3073
BLOCK08/SES089/SA089S25	SES226	0.621048	-46.6863	-47.3073
BLOCK08/SES089/SA089S28	SES062	-2.143	-49.7929	-47.6499
BLOCK08/SES089/SA089S28	SES087	-1.139	-48.7889	-47.6499
BLOCK08/SES089/SA089S28	SES206	-0.844353	-48.4942	-47.6499
BLOCK08/SES089/SA089S28	SES226	0.641068	-47.0088	-47.6499
BLOCK09/SES097/SA097S11	SES099	-0.166798	-48.0053	-47.8385
BLOCK09/SES097/SA097S11	SES125	-1.74994	-49.5885	-47.8385
BLOCK09/SES097/SA097S11	SES206	-0.799007	-48.6375	-47.8385
BLOCK09/SES097/SA097S11	SES226	-0.178013	-48.0165	-47.8385
BLOCK09/SES097/SA097S14	SES062	-3.63311	-51.1842	-47.551
BLOCK09/SES097/SA097S14	SES099	-1.22113	-48.7722	-47.551
BLOCK09/SES097/SA097S14	SES104	-0.57555	-48.1266	-47.551
BLOCK09/SES097/SA097S14	SES206	-1.39722	-48.9483	-47.551
BLOCK09/SES097/SA097S22	SES099	-0.281475	-48.1287	-47.8472
BLOCK09/SES097/SA097S22	SES206	-0.601513	-48.4488	-47.8472
BLOCK09/SES097/SA097S22	SES226	-0.436077	-48.2833	-47.8472
BLOCK09/SES097/SA097S22	SES270	0.0827026	-47.7645	-47.8472
BLOCK09/SES097/SA097S26	SES099	-0.499584	-47.7249	-47.2253
BLOCK09/SES097/SA097S26	SES120	-3.83372	-51.059	-47.2253
BLOCK09/SES097/SA097S26	SES206	-0.949425	-48.1747	-47.2253
BLOCK09/SES097/SA097S26	SES226	-0.810375	-48.0357	-47.2253
BLOCK09/SES097/SA097S28	SES099	-1.28199	-49.1369	-47.8549
BLOCK09/SES097/SA097S28	SES120	-2.623	-50.4779	-47.8549
BLOCK09/SES097/SA097S28	SES206	-1.64251	-49.4974	-47.8549
BLOCK09/SES097/SA097S28	SES226	-1.13328	-48.9882	-47.8549
BLOCK09/SES098/SA098S11	SES127	-2.13937	-52.1577	-50.0183
BLOCK09/SES098/SA098S11	SES144	-1.73081	-51.7491	-50.0183
BLOCK09/SES098/SA098S11	SES147	-0.64856	-50.6668	-50.0183
BLOCK09/SES098/SA098S11	SES148	-3.36316	-53.3814	-50.0183
BLOCK09/SES098/SA098S12	SES127	-3.05249	-53.9736	-50.9211
BLOCK09/SES098/SA098S12	SES144	-2.06786	-52.989	-50.9211
BLOCK09/SES098/SA098S12	SES147	-1.49641	-52.4175	-50.9211
BLOCK09/SES098/SA098S12	SES189	-0.700859	-51.622	-50.9211
BLOCK09/SES098/SA098S20	SES127	-2.13773	-51.9335	-49.7958
BLOCK09/SES098/SA098S20	SES147	-1.15501	-50.9508	-49.7958
BLOCK09/SES098/SA098S20	SES148	-4.05325	-53.8491	-49.7958
BLOCK09/SES098/SA098S20	SES292	-4.44344	-54.2392	-49.7958
BLOCK09/SES098/SA098S23	SES127	-1.4359	-50.8048	-49.3689
BLOCK09/SES098/SA098S23	SES147	-0.584217	-49.9531	-49.3689
BLOCK09/SES098/SA098S23	SES187	-0.940628	-50.3095	-49.3689
BLOCK09/SES098/SA098S23	SES292	-2.95152	-52.3204	-49.3689
BLOCK09/SES098/SA098S27	SES127	-2.8437	-52.2372	-49.3936
BLOCK09/SES098/SA098S27	SES147	-1.72844	-51.122	-49.3936
BLOCK09/SES098/SA098S27	SES148	-4.0364	-53.4299	-49.3936
BLOCK09/SES098/SA098S27	SES292	-3.70437	-53.0979	-49.3936
BLOCK10/SES102/SA102S13	SES101	-0.744034	-49.7236	-48.9795
BLOCK10/SES102/SA102S13	SES105	-2.01513	-50.9947	-48.9795
BLOCK10/SES102/SA102S13	SES120	-1.59138	-50.5709	-48.9795
BLOCK10/SES102/SA102S13	SES158	-6.98507	-55.9646	-48.9795
BLOCK10/SES102/SA102S14	SES007	-0.0922012	-47.3421	-47.2499
BLOCK10/SES102/SA102S14	SES101	-0.107018	-47.3569	-47.2499
BLOCK10/SES102/SA102S14	SES105	-0.665981	-47.9159	-47.2499
BLOCK10/SES102/SA102S14	SES147	-4.58126	-51.8311	-47.2499
BLOCK10/SES102/SA102S22	SES007	-1.11047	-48.614	-47.5036
BLOCK10/SES102/SA102S22	SES101	0.0893135	-47.4143	-47.5036
BLOCK10/SES102/SA102S22	SES105	-0.333282	-47.8369	-47.5036
BLOCK10/SES102/SA102S22	SES158	-3.9326	-51.4362	-47.5036
BLOCK10/SES102/SA102S25	SES007	-0.518406	-48.1111	-47.5927
BLOCK10/SES102/SA102S25	SES101	-0.404102	-47.9968	-47.5927
BLOCK10/SES102/SA102S25	SES105	-0.578777	-48.1715	-47.5927
BLOCK10/SES102/SA102S25	SES147	-5.85566	-53.4483	-47.5927
BLOCK10/SES102/SA102S27	SES007	-1.18433	-49.1885	-48.0042
BLOCK10/SES102/SA102S27	SES101	-0.633011	-48.6372	-48.0042
BLOCK10/SES102/SA102S27	SES105	-1.16157	-49.1657	-48.0042
BLOCK10/SES102/SA102S27	SES147	-4.08168	-52.0859	-48.0042
BLOCK10/SES103/SA103S14	SES105	-2.59787	-51.506	-48.9081
BLOCK10/SES103/SA103S14	SES106	-0.238159	-49.1463	-48.9081
BLOCK10/SES103/SA103S14	SES120	-3.70124	-52.6094	-48.9081
BLOCK10/SES103/SA103S14	SES206	-0.812328	-49.7204	-48.9081
BLOCK10/SES103/SA103S15	SES099	-0.722504	-50.1957	-49.4732
BLOCK10/SES103/SA103S15	SES101	-4.11527	-53.5885	-49.4732
BLOCK10/SES103/SA103S15	SES104	-0.549137	-50.0223	-49.4732
BLOCK10/SES103/SA103S15	SES125	-0.602665	-50.0759	-49.4732
BLOCK10/SES103/SA103S24	SES104	-1.18778	-49.3646	-48.1768
BLOCK10/SES103/SA103S24	SES125	-1.34558	-49.5224	-48.1768
BLOCK10/SES103/SA103S24	SES148	-3.16439	-51.3412	-48.1768
BLOCK10/SES103/SA103S24	SES158	-0.286354	-48.4632	-48.1768
BLOCK10/SES103/SA103S26	SES104	-0.937496	-50.0253	-49.0878
BLOCK10/SES103/SA103S26	SES106	-0.315292	-49.4031	-49.0878
BLOCK10/SES103/SA103S26	SES125	-1.2015	-50.2893	-49.0878
BLOCK10/SES103/SA103S26	SES148	-3.13904	-52.2268	-49.0878
BLOCK10/SES103/SA103S28	SES104	-1.46099	-50.6779	-49.2169
BLOCK10/SES103/SA103S28	SES106	-1.47783	-50.6947	-49.2169
BLOCK10/SES103/SA103S28	SES125	-1.98656	-51.2034	-49.2169
BLOCK10/SES103/SA103S28	SES206	-1.91322	-51.1301	-49.2169
BLOCK12/SES121/SA121S12	SES042	-1.48135	-51.6264	-50.1451
BLOCK12/SES121/SA121S12	SES087	-1.26486	-51.4099	-50.1451
BLOCK12/SES121/SA121S12	SES105	-1.79021	-51.9353	-50.1451
BLOCK12/SES121/SA121S12	SES206	-0.788803	-50.9339	-50.1451
BLOCK12/SES121/SA121S14	SES007	-3.53679	-54.1665	-50.6297
BLOCK12/SES121/SA121S14	SES105	-2.53005	-53.1598	-50.6297
BLOCK12/SES121/SA121S14	SES106	-1.33496	-51.9647	-50.6297
BLOCK12/SES121/SA121S14	SES206	-0.893372	-51.5231	-50.6297
BLOCK12/SES121/SA121S23	SES105	-2.49332	-53.2507	-50.7574
BLOCK12/SES121/SA121S23	SES106	-1.06943	-51.8269	-50.7574
BLOCK12/SES121/SA121S23	SES120	-3.36784	-54.1253	-50.7574
BLOCK12/SES121/SA121S23	SES206	-0.774845	-51.5323	-50.7574
BLOCK12/SES121/SA121S25	SES007	-3.91335	-55.102	-51.1886
BLOCK12/SES121/SA121S25	SES105	-2.98571	-54.1743	-51.1886
BLOCK12/SES121/SA121S25	SES106	-1.62348	-52.8121	-51.1886
BLOCK12/SES121/SA121S25	SES206	-1.44356	-52.6322	-51.1886
BLOCK12/SES121/SA121S27	SES087	-0.7841	-50.5791	-49.795
BLOCK12/SES121/SA121S27	SES105	-4.19344	-53.9884	-49.795
BLOCK12/SES121/SA121S27	SES120	-3.44054	-53.2355	-49.795
BLOCK12/SES121/SA121S27	SES206	-1.02789	-50.8228	-49.795
BLOCK12/SES124/SA124S16	SES042	-0.627689	-48.0376	-47.4099
BLOCK12/SES124/SA124S16	SES082	-0.341362	-47.7513	-47.4099
BLOCK12/SES124/SA124S16	SES183	-4.91617	-52.3261	-47.4099
BLOCK12/SES124/SA124S16	SES206	-0.543663	-47.9536	-47.4099
BLOCK12/SES124/SA124S17	SES105	-3.06192	-51.7898	-48.7279
BLOCK12/SES124/SA124S17	SES149	-1.51693	-50.2448	-48.7279
BLOCK12/SES124/SA124S17	SES158	-2.49311	-51.221	-48.7279
BLOCK12/SES124/SA124S17	SES275	-4.43147	-53.1593	-48.7279
BLOCK12/SES124/SA124S23	SES105	-3.15852	-49.6161	-46.4576
BLOCK12/SES124/SA124S23	SES125	0.817673	-45.6399	-46.4576
BLOCK12/SES124/SA124S23	SES129	-4.43013	-50.8877	-46.4576
BLOCK12/SES124/SA124S23	SES158	-0.389553	-46.8471	-46.4576
BLOCK12/SES124/SA124S26	SES105	-4.16857	-51.0581	-46.8895
BLOCK12/SES124/SA124S26	SES125	0.766132	-46.1234	-46.8895
BLOCK12/SES124/SA124S26	SES129	-5.41735	-52.3069	-46.8895
BLOCK12/SES124/SA124S26	SES158	-1.51953	-48.409	-46.8895
BLOCK12/SES124/SA124S28	SES104	0.0342598	-47.0014	-47.0357
BLOCK12/SES124/SA124S28	SES106	-0.153854	-47.1895	-47.0357
BLOCK12/SES124/SA124S28	SES125	0.44648	-46.5892	-47.0357
BLOCK12/SES124/SA124S28	SES275	-4.64751	-51.6832	-47.0357
BLOCK12/SES126/SA126S13	SES007	-2.61064	-52.7033	-50.0926
BLOCK12/SES126/SA126S13	SES162	-1.13769	-51.2303	-50.0926
BLOCK12/SES126/SA126S13	SES177	-0.952682	-51.0453	-50.0926
BLOCK12/SES126/SA126S13	SES180	-1.26436	-51.357	-50.0926
BLOCK12/SES126/SA126S14	SES144	-1.32014	-49.3558	-48.0356
BLOCK12/SES126/SA126S14	SES148	-1.77515	-49.8108	-48.0356
BLOCK12/SES126/SA126S14	SES177	-0.597832	-48.6335	-48.0356
BLOCK12/SES126/SA126S14	SES180	-0.948433	-48.9841	-48.0356
BLOCK12/SES126/SA126S20	SES007	-1.8355	-50.4848	-48.6493
BLOCK12/SES126/SA126S20	SES162	-1.99247	-50.6418	-48.6493
BLOCK12/SES126/SA126S20	SES172	-4.50073	-53.1501	-48.6493
BLOCK12/SES126/SA126S20	SES180	-2.28929	-50.9386	-48.6493
BLOCK12/SES126/SA126S24	SES120	-1.39527	-49.4304	-48.0352
BLOCK12/SES126/SA126S24	SES162	-1.57021	-49.6054	-48.0352
BLOCK12/SES126/SA126S24	SES177	-1.27974	-49.3149	-48.0352
BLOCK12/SES126/SA126S24	SES180	-0.701427	-48.7366	-48.0352
BLOCK12/SES126/SA126S26	SES120	-0.910332	-49.4949	-48.5846
BLOCK12/SES126/SA126S26	SES177	-0.961418	-49.546	-48.5846
BLOCK12/SES126/SA126S26	SES180	-1.26313	-49.8477	-48.5846
BLOCK12/SES126/SA126S26	SES202	-2.66039	-51.245	-48.5846
BLOCK12/SES128/SA128S10	SES087	-2.38825	-50.2627	-47.8745
BLOCK12/SES128/SA128S10	SES206	-1.2926	-49.1671	-47.8745
BLOCK12/SES128/SA128S10	SES226	-0.622677	-48.4971	-47.8745
BLOCK12/SES128/SA128S10	SES270	-1.15946	-49.0339	-47.8745
BLOCK12/SES128/SA128S12	SES120	-2.52329	-50.5491	-48.0258
BLOCK12/SES128/SA128S12	SES158	-0.953312	-48.9791	-48.0258
BLOCK12/SES128/SA128S12	SES206	-1.05046	-49.0763	-48.0258
BLOCK12/SES128/SA128S12	SES226	-1.07737	-49.1032	-48.0258
BLOCK12/SES128/SA128S21	SES106	-3.25161	-52.3003	-49.0487
BLOCK12/SES128/SA128S21	SES120	-2.26459	-51.3133	-49.0487
BLOCK12/SES128/SA128S21	SES206	-2.79379	-51.8425	-49.0487
BLOCK12/SES128/SA128S21	SES226	-1.84684	-50.8955	-49.0487
BLOCK12/SES128/SA128S24	SES087	-3.55483	-52.6301	-49.0753
BLOCK12/SES128/SA128S24	SES120	-1.25771	-50.333	-49.0753
BLOCK12/SES128/SA128S24	SES206	-2.51581	-51.5911	-49.0753
BLOCK12/SES128/SA128S24	SES226	-1.69816	-50.7735	-49.0753
BLOCK12/SES128/SA128S27	SES099	-1.67176	-49.6594	-47.9876
BLOCK12/SES128/SA128S27	SES120	-1.59462	-49.5823	-47.9876
BLOCK12/SES128/SA128S27	SES206	-1.45304	-49.4407	-47.9876
BLOCK12/SES128/SA128S27	SES226	-0.642677	-48.6303	-47.9876
BLOCK13/SES130/SA130S13	SES143	-3.38482	-53.3541	-49.9693
BLOCK13/SES130/SA130S13	SES144	-0.246273	-50.2156	-49.9693
BLOCK13/SES130/SA130S13	SES146	-1.05796	-51.0273	-49.9693
BLOCK13/SES130/SA130S13	SES275	-2.8966	-52.8659	-49.9693
BLOCK13/SES130/SA130S15	SES143	-3.05134	-51.5295	-48.4782
BLOCK13/SES130/SA130S15	SES144	-0.627666	-49.1058	-48.4782
BLOCK13/SES130/SA130S15	SES146	-0.780804	-49.259	-48.4782
BLOCK13/SES130/SA130S15	SES275	-1.41843	-49.8966	-48.4782
BLOCK13/SES130/SA130S23	SES127	-3.31346	-53.1719	-49.8584
BLOCK13/SES130/SA130S23	SES144	-1.03309	-50.8915	-49.8584
BLOCK13/SES130/SA130S23	SES146	-0.845802	-50.7043	-49.8584
BLOCK13/SES130/SA130S23	SES162	-1.78354	-51.642	-49.8584
BLOCK13/SES130/SA130S25	SES127	-2.41871	-50.4225	-48.0038
BLOCK13/SES130/SA130S25	SES144	-0.737068	-48.7409	-48.0038
BLOCK13/SES130/SA130S25	SES146	-1.04441	-49.0482	-48.0038
BLOCK13/SES130/SA130S25	SES275	-0.870758	-48.8746	-48.0038
BLOCK13/SES130/SA130S28	SES127	-2.03588	-50.2768	-48.2409
BLOCK13/SES130/SA130S28	SES144	-0.616821	-48.8577	-48.2409
BLOCK13/SES130/SA130S28	SES146	-0.931656	-49.1726	-48.2409
BLOCK13/SES130/SA130S28	SES275	-0.516712	-48.7576	-48.2409
BLOCK13/SES131/SA131S13	SES002	-2.58373	-52.5729	-49.9892
BLOCK13/SES131/SA131S13	SES007	-4.36494	-54.3541	-49.9892
BLOCK13/SES131/SA131S13	SES099	-2.14488	-52.1341	-49.9892
BLOCK13/SES131/SA131S13	SES105	-2.93053	-52.9197	-49.9892
BLOCK13/SES131/SA131S14	SES104	-0.713318	-49.0137	-48.3004
BLOCK13/SES131/SA131S14	SES106	-0.289814	-48.5902	-48.3004
BLOCK13/SES131/SA131S14	SES125	-1.32314	-49.6235	-48.3004
BLOCK13/SES131/SA131S14	SES148	-2.65429	-50.9547	-48.3004
BLOCK13/SES131/SA131S20	SES104	-0.990963	-50.2545	-49.2636
BLOCK13/SES131/SA131S20	SES106	-0.454411	-49.718	-49.2636
BLOCK13/SES131/SA131S20	SES125	-1.1005	-50.3641	-49.2636
BLOCK13/SES131/SA131S20	SES148	-3.8713	-53.1349	-49.2636
BLOCK13/SES131/SA131S22	SES099	-1.002	-49.4823	-48.4803
BLOCK13/SES131/SA131S22	SES104	-0.968277	-49.4486	-48.4803
BLOCK13/SES131/SA131S22	SES125	-1.05639	-49.5367	-48.4803
BLOCK13/SES131/SA131S22	SES206	-1.14684	-49.6271	-48.4803
BLOCK13/SES131/SA131S29	SES087	-0.913242	-49.9697	-49.0564
BLOCK13/SES131/SA131S29	SES104	-1.67686	-50.7333	-49.0564
BLOCK13/SES131/SA131S29	SES125	-1.37126	-50.4277	-49.0564
BLOCK13/SES131/SA131S29	SES206	-1.08937	-50.1458	-49.0564
BLOCK13/SES132/SA132S11	SES083	-1.41113	-49.1366	-47.7254
BLOCK13/SES132/SA132S11	SES120	-0.439358	-48.1648	-47.7254
BLOCK13/SES132/SA132S11	SES127	-0.954559	-48.68	-47.7254
BLOCK13/SES132/SA132S11	SES275	-1.87698	-49.6024	-47.7254
BLOCK13/SES132/SA132S12	SES083	-2.01134	-49.4299	-47.4186
BLOCK13/SES132/SA132S12	SES143	-1.74492	-49.1635	-47.4186
BLOCK13/SES132/SA132S12	SES144	-0.972332	-48.3909	-47.4186
BLOCK13/SES132/SA132S12	SES148	-1.58047	-48.9991	-47.4186
BLOCK13/SES132/SA132S22	SES062	-1.13698	-49.0123	-47.8754
BLOCK13/SES132/SA132S22	SES083	-1.35679	-49.2322	-47.8754
BLOCK13/SES132/SA132S22	SES127	-0.659187	-48.5346	-47.8754
BLOCK13/SES132/SA132S22	SES275	-1.42197	-49.2973	-47.8754
BLOCK13/SES132/SA132S24	SES007	-0.823875	-48.4959	-47.672
BLOCK13/SES132/SA132S24	SES083	-1.92202	-49.5941	-47.672
BLOCK13/SES132/SA132S24	SES127	-1.57163	-49.2437	-47.672
BLOCK13/SES132/SA132S24	SES275	-1.63023	-49.3023	-47.672
BLOCK13/SES132/SA132S27	SES083	-2.10266	-50.4739	-48.3713
BLOCK13/SES132/SA132S27	SES120	-0.145824	-48.5171	-48.3713
BLOCK13/SES132/SA132S27	SES127	-1.42876	-49.8	-48.3713
BLOCK13/SES132/SA132S27	SES275	-2.31544	-50.6867	-48.3713
BLOCK14/SES141/SA141S09	SES143	-0.934174	-49.4517	-48.5176
BLOCK14/SES141/SA141S09	SES144	-0.775547	-49.2931	-48.5176
BLOCK14/SES141/SA141S09	SES162	-0.646667	-49.1642	-48.5176
BLOCK14/SES141/SA141S09	SES180	-0.799957	-49.3175	-48.5176
BLOCK14/SES141/SA141S15	SES127	-0.951637	-49.3031	-48.3514
BLOCK14/SES141/SA141S15	SES144	-1.33181	-49.6832	-48.3514
BLOCK14/SES141/SA141S15	SES162	-1.13271	-49.4841	-48.3514
BLOCK14/SES141/SA141S15	SES180	-1.21524	-49.5667	-48.3514
BLOCK14/SES141/SA141S24	SES127	-0.549931	-48.9828	-48.4329
BLOCK14/SES141/SA141S24	SES144	-1.73967	-50.1725	-48.4329
BLOCK14/SES141/SA141S24	SES162	-0.129597	-48.5625	-48.4329
BLOCK14/SES141/SA141S24	SES183	-2.48336	-50.9162	-48.4329
BLOCK14/SES141/SA141S26	SES142	-1.81809	-50.8589	-49.0408
BLOCK14/SES141/SA141S26	SES144	-1.54842	-50.5892	-49.0408
BLOCK14/SES141/SA141S26	SES172	-1.90474	-50.9456	-49.0408
BLOCK14/SES141/SA141S26	SES180	-0.502602	-49.5434	-49.0408
BLOCK14/SES141/SA141S29	SES127	-0.200222	-48.1187	-47.9185
BLOCK14/SES141/SA141S29	SES142	-0.326298	-48.2448	-47.9185
BLOCK14/SES141/SA141S29	SES144	-1.45459	-49.3731	-47.9185
BLOCK14/SES141/SA141S29	SES180	-0.436722	-48.3552	-47.9185
BLOCK15/SES157/SA157S08	SES083	-2.24035	-50.6506	-48.4103
BLOCK15/SES157/SA157S08	SES127	-1.68151	-50.0918	-48.4103
BLOCK15/SES157/SA157S08	SES148	-0.885048	-49.2953	-48.4103
BLOCK15/SES157/SA157S08	SES292	-2.00805	-50.4183	-48.4103
BLOCK15/SES157/SA157S11	SES083	-2.46956	-50.7446	-48.275
BLOCK15/SES157/SA157S11	SES127	-2.39758	-50.6726	-48.275
BLOCK15/SES157/SA157S11	SES148	-1.23893	-49.5139	-48.275
BLOCK15/SES157/SA157S11	SES292	-1.69026	-49.9653	-48.275
BLOCK15/SES157/SA157S21	SES127	-2.62093	-50.4342	-47.8133
BLOCK15/SES157/SA157S21	SES148	-0.887123	-48.7004	-47.8133
BLOCK15/SES157/SA157S21	SES158	-5.0571	-52.8704	-47.8133
BLOCK15/SES157/SA157S21	SES292	-1.36552	-49.1788	-47.8133
BLOCK15/SES157/SA157S24	SES127	-2.28397	-49.9897	-47.7058
BLOCK15/SES157/SA157S24	SES148	-1.21037	-48.9161	-47.7058
BLOCK15/SES157/SA157S24	SES183	-1.76098	-49.4668	-47.7058
BLOCK15/SES157/SA157S24	SES292	-1.5285	-49.2343	-47.7058
BLOCK15/SES157/SA157S26	SES007	-0.854774	-48.5676	-47.7129
BLOCK15/SES157/SA157S26	SES127	-1.40454	-49.1174	-47.7129
BLOCK15/SES157/SA157S26	SES147	-5.74018	-53.453	-47.7129
BLOCK15/SES157/SA157S26	SES148	-1.15002	-48.8629	-47.7129
BLOCK16/SES161/SA161S10	SES007	-2.17333	-51.873	-49.6996
BLOCK16/SES161/SA161S10	SES105	-1.43968	-51.1393	-49.6996
BLOCK16/SES161/SA161S10	SES158	-1.94246	-51.6421	-49.6996
BLOCK16/SES161/SA161S10	SES275	-2.10281	-51.8024	-49.6996
BLOCK16/SES161/SA161S12	SES007	-1.85416	-51.0943	-49.2401
BLOCK16/SES161/SA161S12	SES105	-1.72416	-50.9643	-49.2401
BLOCK16/SES161/SA161S12	SES158	-1.44121	-50.6813	-49.2401
BLOCK16/SES161/SA161S12	SES275	-1.45028	-50.6904	-49.2401
BLOCK16/SES161/SA161S20	SES007	-2.35559	-52.9139	-50.5583
BLOCK16/SES161/SA161S20	SES105	-2.1945	-52.7528	-50.5583
BLOCK16/SES161/SA161S20	SES158	-1.988	-52.5463	-50.5583
BLOCK16/SES161/SA161S20	SES275	-2.62265	-53.1809	-50.5583
BLOCK16/SES161/SA161S23	SES007	-2.04295	-50.9059	-48.863
BLOCK16/SES161/SA161S23	SES105	-1.20588	-50.0688	-48.863
BLOCK16/SES161/SA161S23	SES148	-2.66442	-51.5274	-48.863
BLOCK16/SES161/SA161S23	SES158	-1.1098	-49.9728	-48.863
BLOCK16/SES161/SA161S28	SES007	-3.2078	-52.7235	-49.5157
BLOCK16/SES161/SA161S28	SES105	-2.24481	-51.7605	-49.5157
BLOCK16/SES161/SA161S28	SES158	-0.757256	-50.273	-49.5157
BLOCK16/SES161/SA161S28	SES206	-1.43453	-50.9503	-49.5157
BLOCK16/SES164/SA164S11	SES104	-1.34759	-48.9353	-47.5877
BLOCK16/SES164/SA164S11	SES125	-0.126236	-47.7139	-47.5877
BLOCK16/SES164/SA164S11	SES158	-0.102036	-47.6897	-47.5877
BLOCK16/SES164/SA164S11	SES206	-0.87196	-48.4597	-47.5877
BLOCK16/SES164/SA164S13	SES099	0.0477066	-48.822	-48.8697
BLOCK16/SES164/SA164S13	SES104	-1.33023	-50.2	-48.8697
BLOCK16/SES164/SA164S13	SES125	-0.992317	-49.862	-48.8697
BLOCK16/SES164/SA164S13	SES206	-1.06985	-49.9396	-48.8697
BLOCK16/SES164/SA164S24	SES002	-0.254444	-48.1077	-47.8532
BLOCK16/SES164/SA164S24	SES099	0.508389	-47.3448	-47.8532
BLOCK16/SES164/SA164S24	SES125	-1.15667	-49.0099	-47.8532
BLOCK16/SES164/SA164S24	SES226	-0.804375	-48.6576	-47.8532
BLOCK16/SES164/SA164S27	SES087	-1.4929	-50.1674	-48.6745
BLOCK16/SES164/SA164S27	SES125	-0.56831	-49.2428	-48.6745
BLOCK16/SES164/SA164S27	SES206	-0.536011	-49.2105	-48.6745
BLOCK16/SES164/SA164S27	SES226	-1.10876	-49.7833	-48.6745
BLOCK16/SES164/SA164S29	SES002	0.718494	-47.247	-47.9655
BLOCK16/SES164/SA164S29	SES019	-1.11084	-49.0763	-47.9655
BLOCK16/SES164/SA164S29	SES125	-0.485683	-48.4512	-47.9655
BLOCK16/SES164/SA164S29	SES226	-0.485451	-48.4509	-47.9655
BLOCK16/SES169/SA169S13	SES117	-2.39819	-50.8957	-48.4975
BLOCK16/SES169/SA169S13	SES144	-0.946144	-49.4437	-48.4975
BLOCK16/SES169/SA169S13	SES146	-1.31967	-49.8172	-48.4975
BLOCK16/SES169/SA169S13	SES162	-2.26878	-50.7663	-48.4975
BLOCK16/SES169/SA169S14	SES144	-1.08467	-48.1913	-47.1066
BLOCK16/SES169/SA169S14	SES148	-1.18189	-48.2885	-47.1066
BLOCK16/SES169/SA169S14	SES177	-1.42342	-48.53	-47.1066
BLOCK16/SES169/SA169S14	SES180	-3.64341	-50.75	-47.1066
BLOCK16/SES169/SA169S24	SES117	-1.52241	-50.6164	-49.094
BLOCK16/SES169/SA169S24	SES144	-0.528515	-49.6225	-49.094
BLOCK16/SES169/SA169S24	SES146	-1.0727	-50.1667	-49.094
BLOCK16/SES169/SA169S24	SES162	-1.5593	-50.6533	-49.094
BLOCK16/SES169/SA169S27	SES127	-1.65395	-49.7158	-48.0618
BLOCK16/SES169/SA169S27	SES129	-1.63727	-49.6991	-48.0618
BLOCK16/SES169/SA169S27	SES144	-1.66785	-49.7297	-48.0618
BLOCK16/SES169/SA169S27	SES146	-0.502907	-48.5647	-48.0618
BLOCK16/SES169/SA169S29	SES144	-1.04401	-48.899	-47.855
BLOCK16/SES169/SA169S29	SES162	-1.43283	-49.2878	-47.855
BLOCK16/SES169/SA169S29	SES177	-2.79897	-50.654	-47.855
BLOCK16/SES169/SA169S29	SES180	-2.35782	-50.2128	-47.855
BLOCK17/SES171/SA171S12	SES083	-1.61713	-50.5158	-48.8987
BLOCK17/SES171/SA171S12	SES148	-1.45803	-50.3567	-48.8987
BLOCK17/SES171/SA171S12	SES172	-1.61187	-50.5105	-48.8987
BLOCK17/SES171/SA171S12	SES292	-2.50637	-51.405	-48.8987
BLOCK17/SES171/SA171S15	SES148	-1.55038	-50.7268	-49.1764
BLOCK17/SES171/SA171S15	SES177	-1.45473	-50.6312	-49.1764
BLOCK17/SES171/SA171S15	SES180	-3.19305	-52.3695	-49.1764
BLOCK17/SES171/SA171S15	SES292	-3.1002	-52.2766	-49.1764
BLOCK17/SES171/SA171S22	SES007	-1.74102	-49.6453	-47.9043
BLOCK17/SES171/SA171S22	SES148	-1.27956	-49.1839	-47.9043
BLOCK17/SES171/SA171S22	SES177	-0.281075	-48.1854	-47.9043
BLOCK17/SES171/SA171S22	SES180	-2.23791	-50.1422	-47.9043
BLOCK17/SES171/SA171S25	SES101	-2.89112	-52.1285	-49.2374
BLOCK17/SES171/SA171S25	SES120	-2.82608	-52.0634	-49.2374
BLOCK17/SES171/SA171S25	SES177	-1.00365	-50.241	-49.2374
BLOCK17/SES171/SA171S25	SES180	-2.71627	-51.9536	-49.2374
BLOCK17/SES171/SA171S27	SES177	-0.345119	-49.054	-48.7088
BLOCK17/SES171/SA171S27	SES180	-2.29278	-51.0016	-48.7088
BLOCK17/SES171/SA171S27	SES189	-0.847347	-49.5562	-48.7088
BLOCK17/SES171/SA171S27	SES292	-2.89355	-51.6024	-48.7088
BLOCK17/SES173/SA173S13	SES162	-2.06316	-51.9382	-49.8751
BLOCK17/SES173/SA173S13	SES177	-2.31583	-52.1909	-49.8751
BLOCK17/SES173/SA173S13	SES180	-2.94165	-52.8167	-49.8751
BLOCK17/SES173/SA173S13	SES292	-2.48935	-52.3644	-49.8751
BLOCK17/SES173/SA173S14	SES007	-2.63276	-52.3168	-49.684
BLOCK17/SES173/SA173S14	SES162	-1.85297	-51.537	-49.684
BLOCK17/SES173/SA173S14	SES177	-1.59584	-51.2799	-49.684
BLOCK17/SES173/SA173S14	SES180	-2.24863	-51.9327	-49.684
BLOCK17/SES173/SA173S24	SES144	-1.35658	-51.7884	-50.4318
BLOCK17/SES173/SA173S24	SES162	-1.91772	-52.3495	-50.4318
BLOCK17/SES173/SA173S24	SES177	-1.85604	-52.2878	-50.4318
BLOCK17/SES173/SA173S24	SES180	-2.48615	-52.9179	-50.4318
BLOCK17/SES173/SA173S27	SES162	-2.69278	-52.3866	-49.6938
BLOCK17/SES173/SA173S27	SES177	-2.16933	-51.8631	-49.6938
BLOCK17/SES173/SA173S27	SES180	-2.60169	-52.2955	-49.6938
BLOCK17/SES173/SA173S27	SES292	-2.74472	-52.4385	-49.6938
BLOCK17/SES173/SA173S29	SES162	-1.54951	-51.198	-49.6485
BLOCK17/SES173/SA173S29	SES175	-1.48055	-51.129	-49.6485
BLOCK17/SES173/SA173S29	SES177	-2.06093	-51.7094	-49.6485
BLOCK17/SES173/SA173S29	SES292	-3.49612	-53.1446	-49.6485
BLOCK18/SES182/SA182S10	SES144	-1.15089	-49.4926	-48.3417
BLOCK18/SES182/SA182S10	SES177	-1.69217	-50.0339	-48.3417
BLOCK18/SES182/SA182S10	SES180	-2.06812	-50.4098	-48.3417
BLOCK18/SES182/SA182S10	SES275	-0.969036	-49.3107	-48.3417
BLOCK18/SES182/SA182S12	SES144	-0.752857	-48.6752	-47.9223
BLOCK18/SES182/SA182S12	SES177	-1.22005	-49.1423	-47.9223
BLOCK18/SES182/SA182S12	SES180	-1.74029	-49.6626	-47.9223
BLOCK18/SES182/SA182S12	SES275	-1.71857	-49.6409	-47.9223
BLOCK18/SES182/SA182S21	SES117	-0.991173	-49.8568	-48.8656
BLOCK18/SES182/SA182S21	SES144	-1.45763	-50.3232	-48.8656
BLOCK18/SES182/SA182S21	SES162	-0.482647	-49.3482	-48.8656
BLOCK18/SES182/SA182S21	SES180	-1.61666	-50.4823	-48.8656
BLOCK18/SES182/SA182S23	SES117	-0.840046	-49.5943	-48.7543
BLOCK18/SES182/SA182S23	SES144	-1.47924	-50.2335	-48.7543
BLOCK18/SES182/SA182S23	SES180	-1.91166	-50.6659	-48.7543
BLOCK18/SES182/SA182S23	SES275	-1.54131	-50.2956	-48.7543
BLOCK18/SES182/SA182S25	SES007	-0.69973	-49.3253	-48.6255
BLOCK18/SES182/SA182S25	SES162	-0.620556	-49.2461	-48.6255
BLOCK18/SES182/SA182S25	SES177	-0.61956	-49.2451	-48.6255
BLOCK18/SES182/SA182S25	SES180	-1.23072	-49.8563	-48.6255
BLOCK18/SES184/SA184S12	SES177	-1.36988	-50.0435	-48.6736
BLOCK18/SES184/SA184S12	SES180	-1.53508	-50.2087	-48.6736
BLOCK18/SES184/SA184S12	SES189	-2.80027	-51.4739	-48.6736
BLOCK18/SES184/SA184S12	SES292	-2.2734	-50.947	-48.6736
BLOCK18/SES184/SA184S13	SES101	-2.01701	-50.2942	-48.2772
BLOCK18/SES184/SA184S13	SES177	-1.6626	-49.9398	-48.2772
BLOCK18/SES184/SA184S13	SES180	-1.81568	-50.0929	-48.2772
BLOCK18/SES184/SA184S13	SES292	-1.34202	-49.6192	-48.2772
BLOCK18/SES184/SA184S22	SES177	-1.64027	-49.2201	-47.5799
BLOCK18/SES184/SA184S22	SES180	-1.56157	-49.1414	-47.5799
BLOCK18/SES184/SA184S22	SES189	-3.11747	-50.6973	-47.5799
BLOCK18/SES184/SA184S22	SES292	-1.86805	-49.4479	-47.5799
BLOCK18/SES184/SA184S25	SES101	-1.27185	-48.2085	-46.9367
BLOCK18/SES184/SA184S25	SES177	-1.41927	-48.3559	-46.9367
BLOCK18/SES184/SA184S25	SES180	-1.53743	-48.4741	-46.9367
BLOCK18/SES184/SA184S25	SES292	-0.832157	-47.7688	-46.9367
BLOCK18/SES184/SA184S27	SES083	-1.50042	-49.0864	-47.586
BLOCK18/SES184/SA184S27	SES177	-1.25771	-48.8437	-47.586
BLOCK18/SES184/SA184S27	SES202	-3.77754	-51.3636	-47.586
BLOCK18/SES184/SA184S27	SES292	-1.50268	-49.0887	-47.586
BLOCK20/SES204/SA204S12	SES062	-2.65549	-49.978	-47.3226
BLOCK20/SES204/SA204S12	SES083	-2.67683	-49.9994	-47.3226
BLOCK20/SES204/SA204S12	SES206	-0.748634	-48.0712	-47.3226
BLOCK20/SES204/SA204S12	SES226	-0.958553	-48.2811	-47.3226
BLOCK20/SES204/SA204S14	SES068	-3.5285	-50.1974	-46.6689
BLOCK20/SES204/SA204S14	SES087	-0.623447	-47.2923	-46.6689
BLOCK20/SES204/SA204S14	SES206	-1.16354	-47.8324	-46.6689
BLOCK20/SES204/SA204S14	SES226	-1.01126	-47.6801	-46.6689
BLOCK20/SES204/SA204S22	SES068	-4.29702	-51.7398	-47.4428
BLOCK20/SES204/SA204S22	SES082	-2.29136	-49.7341	-47.4428
BLOCK20/SES204/SA204S22	SES083	-3.67258	-51.1153	-47.4428
BLOCK20/SES204/SA204S22	SES206	-1.15865	-48.6014	-47.4428
BLOCK20/SES204/SA204S25	SES062	-3.98253	-51.6103	-47.6277
BLOCK20/SES204/SA204S25	SES083	-3.42507	-51.0528	-47.6277
BLOCK20/SES204/SA204S25	SES206	-0.383022	-48.0108	-47.6277
BLOCK20/SES204/SA204S25	SES226	-1.01126	-48.639	-47.6277
BLOCK20/SES204/SA204S27	SES068	-4.8998	-52.4535	-47.5537
BLOCK20/SES204/SA204S27	SES082	-1.59387	-49.1476	-47.5537
BLOCK20/SES204/SA204S27	SES087	-0.64325	-48.197	-47.5537
BLOCK20/SES204/SA204S27	SES206	-0.657406	-48.2111	-47.5537
BLOCK20/SES207/SA207S10	SES127	-1.10228	-49.0969	-47.9946
BLOCK20/SES207/SA207S10	SES183	-2.04523	-50.0398	-47.9946
BLOCK20/SES207/SA207S10	SES189	-1.59164	-49.5863	-47.9946
BLOCK20/SES207/SA207S10	SES292	-1.68739	-49.682	-47.9946
BLOCK20/SES207/SA207S11	SES127	-2.53382	-50.7536	-48.2197
BLOCK20/SES207/SA207S11	SES183	-1.98461	-50.2044	-48.2197
BLOCK20/SES207/SA207S11	SES187	-1.59915	-49.8189	-48.2197
BLOCK20/SES207/SA207S11	SES292	-1.44532	-49.6651	-48.2197
BLOCK20/SES207/SA207S25	SES068	-1.49002	-50.2657	-48.7757
BLOCK20/SES207/SA207S25	SES083	-2.43665	-51.2124	-48.7757
BLOCK20/SES207/SA207S25	SES127	-1.14149	-49.9172	-48.7757
BLOCK20/SES207/SA207S25	SES187	-0.610027	-49.3857	-48.7757
BLOCK20/SES207/SA207S27	SES127	-1.2494	-50.2305	-48.9811
BLOCK20/SES207/SA207S27	SES183	-1.34904	-50.3301	-48.9811
BLOCK20/SES207/SA207S27	SES187	-0.987503	-49.9686	-48.9811
BLOCK20/SES207/SA207S27	SES292	-1.63309	-50.6142	-48.9811
BLOCK20/SES207/SA207S29	SES083	-2.39331	-50.5304	-48.1371
BLOCK20/SES207/SA207S29	SES085	-1.52546	-49.6626	-48.1371
BLOCK20/SES207/SA207S29	SES172	-1.80838	-49.9455	-48.1371
BLOCK20/SES207/SA207S29	SES189	-1.94007	-50.0772	-48.1371
BLOCK22/SES221/SA221S12	SES068	-1.51373	-49.6235	-48.1098
BLOCK22/SES221/SA221S12	SES143	-1.53949	-49.6493	-48.1098
BLOCK22/SES221/SA221S12	SES175	-0.990044	-49.0999	-48.1098
BLOCK22/SES221/SA221S12	SES202	-0.86116	-48.971	-48.1098
BLOCK22/SES221/SA221S15	SES085	-2.7252	-52.2113	-49.4861
BLOCK22/SES221/SA221S15	SES143	-2.5174	-52.0035	-49.4861
BLOCK22/SES221/SA221S15	SES175	-0.895679	-50.3818	-49.4861
BLOCK22/SES221/SA221S15	SES187	-0.884693	-50.3708	-49.4861
BLOCK22/SES221/SA221S23	SES068	-1.51501	-49.9616	-48.4466
BLOCK22/SES221/SA221S23	SES143	-2.23036	-50.6769	-48.4466
BLOCK22/SES221/SA221S23	SES175	-0.545898	-48.9925	-48.4466
BLOCK22/SES221/SA221S23	SES189	0.118786	-48.3278	-48.4466
BLOCK22/SES221/SA221S27	SES085	-3.85942	-52.6712	-48.8117
BLOCK22/SES221/SA221S27	SES143	-1.84405	-50.6558	-48.8117
BLOCK22/SES221/SA221S27	SES175	-0.4338	-49.2455	-48.8117
BLOCK22/SES221/SA221S27	SES189	1.14825	-47.6635	-48.8117
BLOCK22/SES221/SA221S29	SES085	-3.75774	-53.26	-49.5023
BLOCK22/SES221/SA221S29	SES143	-2.1415	-51.6438	-49.5023
BLOCK22/SES221/SA221S29	SES175	-1.22252	-50.7248	-49.5023
BLOCK22/SES221/SA221S29	SES187	-0.50716	-50.0094	-49.5023
BLOCK22/SES223/SA223S11	SES143	-0.734055	-50.1706	-49.4365
BLOCK22/SES223/SA223S11	SES144	-2.21724	-51.6538	-49.4365
BLOCK22/SES223/SA223S11	SES175	-0.811852	-50.2484	-49.4365
BLOCK22/SES223/SA223S11	SES187	-0.773411	-50.2099	-49.4365
BLOCK22/SES223/SA223S13	SES068	-2.17325	-52.4177	-50.2444
BLOCK22/SES223/SA223S13	SES143	-2.57264	-52.8171	-50.2444
BLOCK22/SES223/SA223S13	SES146	-2.83206	-53.0765	-50.2444
BLOCK22/SES223/SA223S13	SES202	-1.63864	-51.8831	-50.2444
BLOCK22/SES223/SA223S22	SES143	-1.01831	-50.5254	-49.5071
BLOCK22/SES223/SA223S22	SES144	-2.29876	-51.8058	-49.5071
BLOCK22/SES223/SA223S22	SES175	-1.10641	-50.6135	-49.5071
BLOCK22/SES223/SA223S22	SES187	-0.912575	-50.4196	-49.5071
BLOCK22/SES223/SA223S25	SES068	-1.69529	-51.3242	-49.6289
BLOCK22/SES223/SA223S25	SES143	-1.67238	-51.3013	-49.6289
BLOCK22/SES223/SA223S25	SES175	-0.90749	-50.5364	-49.6289
BLOCK22/SES223/SA223S25	SES187	-0.668098	-50.297	-49.6289
BLOCK22/SES223/SA223S27	SES143	-1.4339	-50.7378	-49.3039
BLOCK22/SES223/SA223S27	SES146	-1.19609	-50.5	-49.3039
BLOCK22/SES223/SA223S27	SES187	-0.841057	-50.145	-49.3039
BLOCK22/SES223/SA223S27	SES292	-1.27712	-50.581	-49.3039
BLOCK27/SES273/SA273S12	SES099	-0.316803	-46.3569	-46.0401
BLOCK27/SES273/SA273S12	SES104	0.238022	-45.8021	-46.0401
BLOCK27/SES273/SA273S12	SES125	-0.714184	-46.7543	-46.0401
BLOCK27/SES273/SA273S12	SES206	0.314976	-45.7252	-46.0401
BLOCK27/SES273/SA273S13	SES099	-0.842709	-46.746	-45.9033
BLOCK27/SES273/SA273S13	SES104	-0.117367	-46.0206	-45.9033
BLOCK27/SES273/SA273S13	SES206	-0.481709	-46.385	-45.9033
BLOCK27/SES273/SA273S13	SES292	-4.13995	-50.0432	-45.9033
BLOCK27/SES273/SA273S21	SES099	-0.151287	-46.3938	-46.2426
BLOCK27/SES273/SA273S21	SES148	-3.37315	-49.6157	-46.2426
BLOCK27/SES273/SA273S21	SES149	-0.864422	-47.107	-46.2426
BLOCK27/SES273/SA273S21	SES177	-5.82888	-52.0714	-46.2426
BLOCK27/SES273/SA273S25	SES104	-0.199429	-46.1447	-45.9453
BLOCK27/SES273/SA273S25	SES125	-0.862896	-46.8082	-45.9453
BLOCK27/SES273/SA273S25	SES158	-0.242077	-46.1874	-45.9453
BLOCK27/SES273/SA273S25	SES206	0.129913	-45.8154	-45.9453
BLOCK27/SES273/SA273S27	SES099	-0.43729	-46.6653	-46.228
BLOCK27/SES273/SA273S27	SES104	-0.562775	-46.7908	-46.228
BLOCK27/SES273/SA273S27	SES149	-1.03654	-47.2645	-46.228
BLOCK27/SES273/SA273S27	SES275	-2.48099	-48.709	-46.228
BLOCK27/SES274/SA274S10	SES105	-1.99053	-48.9967	-47.0062
BLOCK27/SES274/SA274S10	SES125	-0.32085	-47.327	-47.0062
BLOCK27/SES274/SA274S10	SES129	-2.00814	-49.0143	-47.0062
BLOCK27/SES274/SA274S10	SES158	-1.23979	-48.2459	-47.0062
BLOCK27/SES274/SA274S11	SES105	-2.4022	-49.4289	-47.0267
BLOCK27/SES274/SA274S11	SES149	-0.89164	-47.9184	-47.0267
BLOCK27/SES274/SA274S11	SES158	-1.05731	-48.084	-47.0267
BLOCK27/SES274/SA274S11	SES275	-3.15771	-50.1844	-47.0267
BLOCK27/SES274/SA274S21	SES105	-2.1985	-49.8587	-47.6602
BLOCK27/SES274/SA274S21	SES129	-3.04719	-50.7073	-47.6602
BLOCK27/SES274/SA274S21	SES149	-0.780624	-48.4408	-47.6602
BLOCK27/SES274/SA274S21	SES158	-1.81247	-49.4726	-47.6602
BLOCK27/SES274/SA274S24	SES105	-2.15682	-49.9592	-47.8023
BLOCK27/SES274/SA274S24	SES129	-3.57368	-51.376	-47.8023
BLOCK27/SES274/SA274S24	SES149	-1.24482	-49.0472	-47.8023
BLOCK27/SES274/SA274S24	SES158	-1.91224	-49.7146	-47.8023
BLOCK27/SES274/SA274S29	SES105	-2.53591	-49.5419	-47.006
BLOCK27/SES274/SA274S29	SES106	-1.59611	-48.6021	-47.006
BLOCK27/SES274/SA274S29	SES120	-2.53296	-49.539	-47.006
BLOCK27/SES274/SA274S29	SES275	-2.92376	-49.9298	-47.006
BLOCK27/SES276/SA276S16	SES148	-1.68151	-50.0254	-48.3439
BLOCK27/SES276/SA276S16	SES172	-1.96508	-50.309	-48.3439
BLOCK27/SES276/SA276S16	SES180	-3.41716	-51.7611	-48.3439
BLOCK27/SES276/SA276S16	SES292	-0.491631	-48.8355	-48.3439
BLOCK27/SES276/SA276S17	SES101	-1.9751	-50.0236	-48.0485
BLOCK27/SES276/SA276S17	SES177	-2.38408	-50.4325	-48.0485
BLOCK27/SES276/SA276S17	SES180	-2.61217	-50.6606	-48.0485
BLOCK27/SES276/SA276S17	SES292	-1.86742	-49.9159	-48.0485
BLOCK27/SES276/SA276S24	SES101	-0.937275	-48.1266	-47.1893
BLOCK27/SES276/SA276S24	SES177	-1.87614	-49.0654	-47.1893
BLOCK27/SES276/SA276S24	SES180	-2.70817	-49.8975	-47.1893
BLOCK27/SES276/SA276S24	SES292	-1.57267	-48.762	-47.1893
BLOCK27/SES276/SA276S26	SES101	-1.76432	-49.297	-47.5326
BLOCK27/SES276/SA276S26	SES177	-1.56782	-49.1005	-47.5326
BLOCK27/SES276/SA276S26	SES180	-1.64688	-49.1795	-47.5326
BLOCK27/SES276/SA276S26	SES292	-1.19978	-48.7324	-47.5326
BLOCK27/SES276/SA276S28	SES101	-1.71342	-49.7918	-48.0784
BLOCK27/SES276/SA276S28	SES177	-1.90119	-49.9796	-48.0784
BLOCK27/SES276/SA276S28	SES180	-1.57515	-49.6536	-48.0784
BLOCK27/SES276/SA276S28	SES292	-1.27654	-49.3549	-48.0784
BLOCK27/SES277/SA277S12	SES101	-1.13541	-50.5545	-49.4191
BLOCK27/SES277/SA277S12	SES177	-2.53355	-51.9526	-49.4191
BLOCK27/SES277/SA277S12	SES180	-2.44051	-51.8596	-49.4191
BLOCK27/SES277/SA277S12	SES292	-3.02337	-52.4424	-49.4191
BLOCK27/SES277/SA277S14	SES177	-0.897804	-50.4873	-49.5895
BLOCK27/SES277/SA277S14	SES180	-2.10461	-51.6941	-49.5895
BLOCK27/SES277/SA277S14	SES189	-0.509125	-50.0986	-49.5895
BLOCK27/SES277/SA277S14	SES292	-3.03637	-52.6259	-49.5895
BLOCK27/SES277/SA277S21	SES177	-0.406498	-48.8231	-48.4166
BLOCK27/SES277/SA277S21	SES180	-2.0093	-50.4259	-48.4166
BLOCK27/SES277/SA277S21	SES189	-0.744469	-49.161	-48.4166
BLOCK27/SES277/SA277S21	SES292	-2.56815	-50.9847	-48.4166
BLOCK27/SES277/SA277S24	SES144	-1.48385	-51.0758	-49.592
BLOCK27/SES277/SA277S24	SES177	-1.39803	-50.99	-49.592
BLOCK27/SES277/SA277S24	SES180	-2.17794	-51.7699	-49.592
BLOCK27/SES277/SA277S24	SES189	-0.57267	-50.1646	-49.592
BLOCK27/SES277/SA277S29	SES177	-0.494919	-47.7536	-47.2587
BLOCK27/SES277/SA277S29	SES180	-1.55532	-48.814	-47.2587
BLOCK27/SES277/SA277S29	SES202	-1.7103	-48.969	-47.2587
BLOCK27/SES277/SA277S29	SES292	-2.12279	-49.3815	-47.2587
BLOCK27/SES279/SA279S09	SES120	-1.27552	-49.1412	-47.8656
BLOCK27/SES279/SA279S09	SES146	-1.17532	-49.041	-47.8656
BLOCK27/SES279/SA279S09	SES206	-2.03019	-49.8958	-47.8656
BLOCK27/SES279/SA279S09	SES226	-1.88873	-49.7544	-47.8656
BLOCK27/SES279/SA279S10	SES099	-2.35421	-50.1535	-47.7993
BLOCK27/SES279/SA279S10	SES206	-1.9233	-49.7226	-47.7993
BLOCK27/SES279/SA279S10	SES226	-1.43818	-49.2374	-47.7993
BLOCK27/SES279/SA279S10	SES292	-1.41715	-49.2164	-47.7993
BLOCK27/SES279/SA279S20	SES099	-3.36072	-51.5925	-48.2317
BLOCK27/SES279/SA279S20	SES206	-2.35612	-50.5879	-48.2317
BLOCK27/SES279/SA279S20	SES226	-1.87012	-50.1019	-48.2317
BLOCK27/SES279/SA279S20	SES292	-0.250687	-48.4824	-48.2317
BLOCK27/SES279/SA279S26	SES099	-3.35963	-51.7674	-48.4078
BLOCK27/SES279/SA279S26	SES206	-1.68513	-50.0929	-48.4078
BLOCK27/SES279/SA279S26	SES226	-1.33335	-49.7411	-48.4078
BLOCK27/SES279/SA279S26	SES292	-1.17617	-49.584	-48.4078
BLOCK27/SES279/SA279S28	SES099	-3.50405	-50.0975	-46.5935
BLOCK27/SES279/SA279S28	SES120	-1.71461	-48.3081	-46.5935
BLOCK27/SES279/SA279S28	SES177	-4.33155	-50.925	-46.5935
BLOCK27/SES279/SA279S28	SES206	-2.39109	-48.9845	-46.5935
BLOCK29/SES290/SA290S12	SES162	-1.23196	-48.9579	-47.7259
BLOCK29/SES290/SA290S12	SES177	-1.4206	-49.1465	-47.7259
BLOCK29/SES290/SA290S12	SES180	-2.32416	-50.0501	-47.7259
BLOCK29/SES290/SA290S12	SES292	-2.11837	-49.8443	-47.7259
BLOCK29/SES290/SA290S13	SES007	-3.53627	-52.4084	-48.8721
BLOCK29/SES290/SA290S13	SES162	-2.11368	-50.9858	-48.8721
BLOCK29/SES290/SA290S13	SES177	-0.698265	-49.5704	-48.8721
BLOCK29/SES290/SA290S13	SES180	-1.74285	-50.615	-48.8721
BLOCK29/SES290/SA290S22	SES177	-0.903511	-48.9352	-48.0317
BLOCK29/SES290/SA290S22	SES180	-1.1782	-49.2099	-48.0317
BLOCK29/SES290/SA290S22	SES202	-1.55519	-49.5869	-48.0317
BLOCK29/SES290/SA290S22	SES292	-3.0075	-51.0392	-48.0317
BLOCK29/SES290/SA290S25	SES162	-0.917038	-48.5553	-47.6383
BLOCK29/SES290/SA290S25	SES177	-0.826431	-48.4647	-47.6383
BLOCK29/SES290/SA290S25	SES180	-1.1408	-48.7791	-47.6383
BLOCK29/SES290/SA290S25	SES292	-1.54583	-49.1841	-47.6383
BLOCK29/SES290/SA290S29	SES177	-0.335136	-47.7053	-47.3702
BLOCK29/SES290/SA290S29	SES180	-0.546188	-47.9164	-47.3702
BLOCK29/SES290/SA290S29	SES275	-2.28901	-49.6592	-47.3702
BLOCK29/SES290/SA290S29	SES292	-1.47765	-48.8479	-47.3702
BLOCK29/SES291/SA291S11	SES105	-3.34486	-51.2265	-47.8816
BLOCK29/SES291/SA291S11	SES125	-0.827286	-48.7089	-47.8816
BLOCK29/SES291/SA291S11	SES158	-1.20009	-49.0817	-47.8816
BLOCK29/SES291/SA291S11	SES275	-4.78769	-52.6693	-47.8816
BLOCK29/SES291/SA291S12	SES158	-0.281391	-47.2632	-46.9818
BLOCK29/SES291/SA291S12	SES226	-1.19436	-48.1762	-46.9818
BLOCK29/SES291/SA291S12	SES270	0.32233	-46.6595	-46.9818
BLOCK29/SES291/SA291S12	SES275	-5.25129	-52.2331	-46.9818
BLOCK29/SES291/SA291S22	SES082	-1.3247	-48.5723	-47.2476
BLOCK29/SES291/SA291S22	SES158	-0.943348	-48.1909	-47.2476
BLOCK29/SES291/SA291S22	SES259	-1.27813	-48.5257	-47.2476
BLOCK29/SES291/SA291S22	SES275	-4.33913	-51.5867	-47.2476
BLOCK29/SES291/SA291S24	SES104	-0.505424	-46.4568	-45.9514
BLOCK29/SES291/SA291S24	SES125	-0.0566635	-46.0081	-45.9514
BLOCK29/SES291/SA291S24	SES158	-0.892998	-46.8444	-45.9514
BLOCK29/SES291/SA291S24	SES275	-5.0202	-50.9716	-45.9514
BLOCK29/SES291/SA291S27	SES158	-0.30172	-46.7788	-46.4771
BLOCK29/SES291/SA291S27	SES172	-4.94513	-51.4222	-46.4771
BLOCK29/SES291/SA291S27	SES275	-4.60128	-51.0784	-46.4771
BLOCK29/SES291/SA291S27	SES292	-4.25892	-50.736	-46.4771
