BLOCK00/SES002/SA002S12	SES002	1.41769	5.83427	4.41658
BLOCK00/SES002/SA002S13	SES002	2.30771	5.90764	3.59992
BLOCK00/SES002/SA002S23	SES002	1.21045	5.65389	4.44344
BLOCK00/SES002/SA002S26	SES002	1.11871	5.61513	4.49643
BLOCK00/SES002/SA002S28	SES002	1.11342	6.46916	5.35574
BLOCK00/SES007/SA007S14	SES007	1.00576	8.0697	7.06394
BLOCK00/SES007/SA007S15	SES007	0.0550861	6.71021	6.65512
BLOCK00/SES007/SA007S24	SES007	0.381145	6.74012	6.35898
BLOCK00/SES007/SA007S27	SES007	0.784612	6.00159	5.21698
BLOCK00/SES007/SA007S29	SES007	-0.352922	7.05799	7.41091
BLOCK00/SES008/SA008S11	SES008	1.35025	7.02588	5.67563
BLOCK00/SES008/SA008S12	SES008	0.110553	5.8936	5.78305
BLOCK00/SES008/SA008S19	SES008	2.04136	8.52925	6.48789
BLOCK00/SES008/SA008S22	SES008	0.572716	6.00188	5.42916
BLOCK00/SES008/SA008S29	SES008	1.54745	7.61038	6.06293
BLOCK01/SES014/SA014S10	SES014	1.78189	7.16971	5.38782
BLOCK01/SES014/SA014S12	SES014	1.99238	8.63902	6.64664
BLOCK01/SES014/SA014S24	SES014	1.09751	6.65705	5.55955
BLOCK01/SES014/SA014S26	SES014	1.59751	8.43787	6.84036
BLOCK01/SES014/SA014S28	SES014	2.4421	9.10584	6.66374
BLOCK01/SES016/SA016S12	SES016	1.09294	5.54176	4.44881
BLOCK01/SES016/SA016S13	SES016	1.48041	7.38449	5.90409
BLOCK01/SES016/SA016S22	SES016	1.27038	7.88223	6.61185
BLOCK01/SES016/SA016S25	SES016	1.37906	8.76694	7.38788
BLOCK01/SES016/SA016S27	SES016	1.2992	8.16745	6.86825
BLOCK01/SES019/SA019S13	SES019	3.56647	6.42515	2.85868
BLOCK01/SES019/SA019S14	SES019	1.98058	5.76326	3.78268
BLOCK01/SES019/SA019S22	SES019	3.30379	6.13919	2.8354
BLOCK01/SES019/SA019S25	SES019	3.35225	6.17601	2.82376
BLOCK01/SES019/SA019S29	SES019	3.83542	6.44607	2.61065
BLOCK02/SES029/SA029S11	SES029	1.01096	8.33466	7.3237
BLOCK02/SES029/SA029S12	SES029	0.800934	7.715	6.91407
BLOCK02/SES029/SA029S20	SES029	1.04132	7.97212	6.93079
BLOCK02/SES029/SA029S25	SES029	0.394341	7.20824	6.8139
BLOCK02/SES029/SA029S28	SES029	-0.0172648	7.0192	7.03646
BLOCK04/SES042/SA042S12	SES042	1.57702	7.392	5.81498
BLOCK04/SES042/SA042S15	SES042	1.74458	8.62969	6.88511
BLOCK04/SES042/SA042S22	SES042	2.00581	8.4651	6.45928
BLOCK04/SES042/SA042S25	SES042	1.05036	5.92548	4.87512
BLOCK04/SES042/SA042S27	SES042	1.00801	7.01096	6.00296
BLOCK04/SES048/SA048S11	SES048	0.792472	7.40497	6.6125
BLOCK04/SES048/SA048S12	SES048	0.34485	6.1846	5.83975
BLOCK04/SES048/SA048S20	SES048	0.0816212	7.51126	7.42964
BLOCK04/SES048/SA048S23	SES048	0.596607	6.68556	6.08895
BLOCK04/SES048/SA048S27	SES048	0.223725	7.52419	7.30046
BLOCK06/SES060/SA060S11	SES060	1.5765	7.59861	6.02212
BLOCK06/SES060/SA060S12	SES060	0.399541	7.00934	6.6098
BLOCK06/SES060/SA060S22	SES060	-0.297491	5.7845	6.08199
BLOCK06/SES060/SA060S24	SES060	1.64566	8.70879	7.06313
BLOCK06/SES060/SA060S28	SES060	0.991539	8.82416	7.83262
BLOCK06/SES062/SA062S10	SES062	0.516117	7.09417	6.57806
BLOCK06/SES062/SA062S11	SES062	0.851242	7.57452	6.72328
BLOCK06/SES062/SA062S21	SES062	1.14151	9.50753	8.36602
BLOCK06/SES062/SA062S26	SES062	0.581572	7.91596	7.33439
BLOCK06/SES062/SA062S29	SES062	1.08023	8.59504	7.51481
BLOCK06/SES068/SA068S14	SES068	0.503375	6.77232	6.26895
BLOCK06/SES068/SA068S15	SES068	0.960087	7.65955	6.69946
BLOCK06/SES068/SA068S23	SES068	1.13794	7.0494	5.91146
BLOCK06/SES068/SA068S27	SES068	1.80263	7.72734	5.92471
BLOCK06/SES068/SA068S29	SES068	0.899491	7.46703	6.56754
BLOCK08/SES082/SA082S12	SES082	0.195685	5.32933	5.13365
BLOCK08/SES082/SA082S14	SES082	0.428339	4.92924	4.50091
BLOCK08/SES082/SA082S21	SES082	0.680542	5.85443	5.17388
BLOCK08/SES082/SA082S24	SES082	0.528415	6.33715	5.80874
BLOCK08/SES082/SA082S28	SES082	1.13589	6.08048	4.94459
BLOCK08/SES083/SA083S14	SES083	0.20091	7.17898	6.97807
BLOCK08/SES083/SA083S15	SES083	0.789011	7.37501	6.586
BLOCK08/SES083/SA083S24	SES083	0.518608	6.77223	6.25362
BLOCK08/SES083/SA083S26	SES083	0.585073	6.28831	5.70323
BLOCK08/SES083/SA083S29	SES083	0.713735	7.24413	6.5304
BLOCK08/SES085/SA085S10	SES085	0.309096	7.58702	7.27793
BLOCK08/SES085/SA085S13	SES085	0.481536	7.05992	6.57839
BLOCK08/SES085/SA085S22	SES085	0.48888	7.04422	6.55534
BLOCK08/SES085/SA085S26	SES085	0.144404	6.91786	6.77346
BLOCK08/SES085/SA085S28	SES085	1.33939	8.30718	6.96779
BLOCK08/SES087/SA087S15	SES087	1.25959	7.36875	6.10916
BLOCK08/SES087/SA087S16	SES087	1.1511	5.95339	4.80229
BLOCK08/SES087/SA087S24	SES087	1.26566	7.19549	5.92983
BLOCK08/SES087/SA087S26	SES087	0.709561	7.73237	7.02281
BLOCK08/SES087/SA087S29	SES087	1.7167	7.70686	5.99017
BLOCK09/SES099/SA099S15	SES099	1.24612	5.96745	4.72133
BLOCK09/SES099/SA099S16	SES099	0.935497	5.58843	4.65293
BLOCK09/SES099/SA099S24	SES099	1.3698	6.73458	5.36478
BLOCK09/SES099/SA099S26	SES099	1.18083	6.74556	5.56473
BLOCK09/SES099/SA099S29	SES099	1.40601	6.67658	5.27057
BLOCK10/SES101/SA101S11	SES101	0.708058	7.2904	6.58234
BLOCK10/SES101/SA101S13	SES101	1.03364	7.96915	6.93552
BLOCK10/SES101/SA101S22	SES101	1.14165	6.21504	5.07338
BLOCK10/SES101/SA101S24	SES101	1.67017	7.30481	5.63465
BLOCK10/SES101/SA101S28	SES101	0.669062	7.06376	6.3947
BLOCK10/SES104/SA104S11	SES104	1.74806	8.05436	6.30629
BLOCK10/SES104/SA104S12	SES104	1.3988	7.6471	6.2483
BLOCK10/SES104/SA104S21	SES104	1.06735	6.47744	5.41009
BLOCK10/SES104/SA104S24	SES104	1.38968	6.3538	4.96412
BLOCK10/SES104/SA104S28	SES104	0.967871	6.74873	5.78086
BLOCK10/SES105/SA105S12	SES105	0.569274	5.74771	5.17844
BLOCK10/SES105/SA105S13	SES105	0.683221	6.11954	5.43632
BLOCK10/SES105/SA105S22	SES105	0.564728	5.10304	4.53831
BLOCK10/SES105/SA105S26	SES105	1.36798	6.82497	5.45699
BLOCK10/SES105/SA105S29	SES105	1.4277	7.20941	5.78171
BLOCK10/SES106/SA106S09	SES106	1.59122	5.55823	3.96701
BLOCK10/SES106/SA106S11	SES106	1.28238	6.55168	5.2693
BLOCK10/SES106/SA106S22	SES106	3.27497	5.93406	2.65909
BLOCK10/SES106/SA106S27	SES106	0.945752	6.30655	5.3608
BLOCK10/SES106/SA106S29	SES106	0.541175	6.34216	5.80098
BLOCK11/SES117/SA117S12	SES117	1.62648	6.85772	5.23124
BLOCK11/SES117/SA117S13	SES117	0.747486	7.26475	6.51727
BLOCK11/SES117/SA117S23	SES117	1.15758	5.8608	4.70322
BLOCK11/SES117/SA117S25	SES117	1.0628	5.28694	4.22414
BLOCK11/SES117/SA117S28	SES117	0.919883	5.74612	4.82624
BLOCK12/SES120/SA120S08	SES120	0.694863	5.4302	4.73534
BLOCK12/SES120/SA120S11	SES120	1.20605	4.53	3.32395
BLOCK12/SES120/SA120S22	SES120	0.143736	6.54937	6.40563
BLOCK12/SES120/SA120S24	SES120	0.226553	5.36276	5.13621
BLOCK12/SES120/SA120S28	SES120	-0.665383	4.17648	4.84187
BLOCK12/SES125/SA125S13	SES125	1.87379	7.58043	5.70664
BLOCK12/SES125/SA125S14	SES125	1.00718	6.27189	5.26471
BLOCK12/SES125/SA125S25	SES125	1.8755	7.08904	5.21354
BLOCK12/SES125/SA125S27	SES125	1.98491	8.45195	6.46704
BLOCK12/SES125/SA125S29	SES125	1.59897	7.34951	5.75055
BLOCK12/SES127/SA127S11	SES127	0.249105	6.31237	6.06327
BLOCK12/SES127/SA127S12	SES127	0.286047	8.12703	7.84098
BLOCK12/SES127/SA127S23	SES127	0.427417	7.06747	6.64005
BLOCK12/SES127/SA127S25	SES127	0.565097	6.4512	5.8861
BLOCK12/SES127/SA127S27	SES127	1.06765	6.55493	5.48728
BLOCK12/SES129/SA129S11	SES129	1.35199	8.49413	7.14214
BLOCK12/SES129/SA129S12	SES129	1.01276	7.71583	6.70307
BLOCK12/SES129/SA129S22	SES129	1.60922	7.51719	5.90797
BLOCK12/SES129/SA129S27	SES129	1.32339	7.46334	6.13995
BLOCK12/SES129/SA129S29	SES129	1.01999	7.98402	6.96403
BLOCK14/SES142/SA142S11	SES142	0.696687	6.77768	6.08099
BLOCK14/SES142/SA142S12	SES142	0.961369	7.20505	6.24368
BLOCK14/SES142/SA142S24	SES142	0.936456	7.57402	6.63756
BLOCK14/SES142/SA142S27	SES142	1.14491	7.96835	6.82344
BLOCK14/SES142/SA142S29	SES142	1.36282	8.42567	7.06285
BLOCK14/SES143/SA143S12	SES143	0.601353	6.6715	6.07015
BLOCK14/SES143/SA143S13	SES143	0.268324	6.36222	6.0939
BLOCK14/SES143/SA143S23	SES143	1.0784	7.32569	6.24729
BLOCK14/SES143/SA143S25	SES143	0.914671	7.5726	6.65792
BLOCK14/SES143/SA143S28	SES143	0.646521	6.85189	6.20537
BLOCK14/SES144/SA144S09	SES144	0.680809	7.06639	6.38558
BLOCK14/SES144/SA144S11	SES144	0.606985	6.77995	6.17297
BLOCK14/SES144/SA144S21	SES144	-0.401284	5.4766	5.87788
BLOCK14/SES144/SA144S25	SES144	0.218995	6.64386	6.42487
BLOCK14/SES144/SA144S29	SES144	0.34968	5.98216	5.63248
BLOCK14/SES146/SA146S14	SES146	0.180887	5.67397	5.49308
BLOCK14/SES146/SA146S15	SES146	0.0431991	5.78529	5.74209
BLOCK14/SES146/SA146S24	SES146	0.555975	6.00277	5.44679
BLOCK14/SES146/SA146S26	SES146	1.0367	6.70909	5.67239
BLOCK14/SES146/SA146S29	SES146	0.152734	5.34263	5.18989
BLOCK14/SES147/SA147S11	SES147	1.26936	7.46432	6.19497
BLOCK14/SES147/SA147S13	SES147	1.23871	8.1117	6.87298
BLOCK14/SES147/SA147S23	SES147	0.0261264	6.20296	6.17683
BLOCK14/SES147/SA147S26	SES147	0.630712	6.02476	5.39405
BLOCK14/SES147/SA147S28	SES147	0.519857	6.69142	6.17157
BLOCK14/SES148/SA148S10	SES148	0.553945	7.65065	7.0967
BLOCK14/SES148/SA148S12	SES148	0.0788875	5.65083	5.57194
BLOCK14/SES148/SA148S22	SES148	0.751626	7.78082	7.02919
BLOCK14/SES148/SA148S26	SES148	0.140403	7.31912	7.17872
BLOCK14/SES148/SA148S29	SES148	0.220298	6.66789	6.44759
BLOCK14/SES149/SA149S13	SES149	-0.260294	4.98657	5.24686
BLOCK14/SES149/SA149S14	SES149	0.915319	7.22557	6.31025
BLOCK14/SES149/SA149S24	SES149	1.36148	7.77734	6.41586
BLOCK14/SES149/SA149S26	SES149	1.60441	8.65099	7.04658
BLOCK14/SES149/SA149S28	SES149	1.6272	8.40697	6.77977
BLOCK15/SES158/SA158S13	SES158	0.988172	5.70972	4.72155
BLOCK15/SES158/SA158S14	SES158	1.67768	5.94789	4.27021
BLOCK15/SES158/SA158S23	SES158	1.09643	6.64245	5.54602
BLOCK15/SES158/SA158S26	SES158	2.37805	5.78982	3.41177
BLOCK15/SES158/SA158S28	SES158	0.529491	5.57696	5.04747
BLOCK16/SES162/SA162S10	SES162	0.118675	5.59668	5.478
BLOCK16/SES162/SA162S11	SES162	1.10813	7.46812	6.35999
BLOCK16/SES162/SA162S21	SES162	1.25494	7.2384	5.98345
BLOCK16/SES162/SA162S24	SES162	0.544406	6.49189	5.94749
BLOCK16/SES162/SA162S27	SES162	1.14599	6.12599	4.97999
BLOCK16/SES167/SA167S14	SES167	0.784208	8.40482	7.62061
BLOCK16/SES167/SA167S15	SES167	1.09815	8.30023	7.20208
BLOCK16/SES167/SA167S21	SES167	1.35531	8.71438	7.35907
BLOCK16/SES167/SA167S25	SES167	1.62278	8.68298	7.0602
BLOCK16/SES167/SA167S29	SES167	1.73806	9.61143	7.87337
BLOCK17/SES172/SA172S12	SES172	1.5473	6.67296	5.12566
BLOCK17/SES172/SA172S13	SES172	1.49153	7.24762	5.75609
BLOCK17/SES172/SA172S23	SES172	0.556413	7.20596	6.64955
BLOCK17/SES172/SA172S27	SES172	0.784021	6.62378	5.83975
BLOCK17/SES172/SA172S29	SES172	1.73529	7.54333	5.80804
BLOCK17/SES175/SA175S11	SES175	0.133022	7.02563	6.8926
BLOCK17/SES175/SA175S13	SES175	0.423373	8.00145	7.57808
BLOCK17/SES175/SA175S23	SES175	0.265829	7.47557	7.20974
BLOCK17/SES175/SA175S25	SES175	0.437717	5.52009	5.08237
BLOCK17/SES175/SA175S28	SES175	-0.042799	7.4388	7.4816
BLOCK17/SES177/SA177S15	SES177	0.475301	6.60011	6.12481
BLOCK17/SES177/SA177S17	SES177	0.20569	5.89896	5.69327
BLOCK17/SES177/SA177S23	SES177	-0.243258	5.39048	5.63374
BLOCK17/SES177/SA177S26	SES177	0.960158	8.46376	7.5036
BLOCK17/SES177/SA177S28	SES177	0.870606	6.74401	5.8734
BLOCK18/SES180/SA180S13	SES180	0.0303383	5.90264	5.8723
BLOCK18/SES180/SA180S15	SES180	0.634107	6.39403	5.75992
BLOCK18/SES180/SA180S24	SES180	0.878951	7.72983	6.85088
BLOCK18/SES180/SA180S26	SES180	1.16052	7.05438	5.89386
BLOCK18/SES180/SA180S29	SES180	0.796457	7.22783	6.43137
BLOCK18/SES183/SA183S13	SES183	1.32443	6.49732	5.17289
BLOCK18/SES183/SA183S14	SES183	0.283437	5.91472	5.63129
BLOCK18/SES183/SA183S24	SES183	1.48758	5.56814	4.08056
BLOCK18/SES183/SA183S27	SES183	1.57517	6.69893	5.12376
BLOCK18/SES183/SA183S29	SES183	0.84941	6.1079	5.25849
BLOCK18/SES187/SA187S13	SES187	-0.000552177	5.69225	5.6928
BLOCK18/SES187/SA187S14	SES187	0.144372	5.52801	5.38364
BLOCK18/SES187/SA187S24	SES187	1.07574	6.64348	5.56774
BLOCK18/SES187/SA187S27	SES187	1.62881	6.6221	4.99329
BLOCK18/SES187/SA187S29	SES187	0.837411	5.81654	4.97913
BLOCK18/SES189/SA189S10	SES189	1.07085	6.48354	5.41269
BLOCK18/SES189/SA189S13	SES189	0.956773	5.83947	4.8827
BLOCK18/SES189/SA189S24	SES189	0.626122	7.43616	6.81004
BLOCK18/SES189/SA189S26	SES189	0.770217	7.92359	7.15337
BLOCK18/SES189/SA189S29	SES189	1.70391	7.62824	5.92433
BLOCK20/SES202/SA202S12	SES202	0.752929	7.10277	6.34984
BLOCK20/SES202/SA202S14	SES202	1.79946	7.72271	5.92324
BLOCK20/SES202/SA202S24	SES202	0.636457	6.8866	6.25015
BLOCK20/SES202/SA202S27	SES202	0.94385	8.10653	7.16268
BLOCK20/SES202/SA202S29	SES202	1.22993	8.32091	7.09098
BLOCK20/SES206/SA206S15	SES206	0.0593743	6.26503	6.20566
BLOCK20/SES206/SA206S17	SES206	1.27537	6.74733	5.47196
BLOCK20/SES206/SA206S24	SES206	2.01428	8.39886	6.38459
BLOCK20/SES206/SA206S27	SES206	1.83693	6.71332	4.87639
BLOCK20/SES206/SA206S29	SES206	1.66796	8.22501	6.55705
BLOCK22/SES226/SA226S12	SES226	1.17527	5.96881	4.79354
BLOCK22/SES226/SA226S13	SES226	0.445354	5.19166	4.74631
BLOCK22/SES226/SA226S20	SES226	1.55404	6.25274	4.69869
BLOCK22/SES226/SA226S23	SES226	1.77817	7.27968	5.50151
BLOCK22/SES226/SA226S28	SES226	2.29772	7.91167	5.61395
BLOCK25/SES259/SA259S13	SES259	3.04651	8.16788	5.12137
BLOCK25/SES259/SA259S14	SES259	2.59904	7.69301	5.09397
BLOCK25/SES259/SA259S22	SES259	2.08473	7.64302	5.55829
BLOCK25/SES259/SA259S24	SES259	1.71505	7.22282	5.50777
BLOCK25/SES259/SA259S28	SES259	2.10036	7.60309	5.50273
BLOCK27/SES270/SA270S14	SES270	2.74697	4.87282	2.12585
BLOCK27/SES270/SA270S16	SES270	0.415751	5.18534	4.76959
BLOCK27/SES270/SA270S22	SES270	2.82735	6.1133	3.28595
BLOCK27/SES270/SA270S26	SES270	1.34507	4.75523	3.41015
BLOCK27/SES270/SA270S28	SES270	1.84868	5.57949	3.73081
BLOCK27/SES275/SA275S17	SES275	0.927546	7.36135	6.43381
BLOCK27/SES275/SA275S18	SES275	-0.0999279	6.50093	6.60086
BLOCK27/SES275/SA275S24	SES275	0.550685	5.78036	5.22968
BLOCK27/SES275/SA275S26	SES275	0.806442	7.2229	6.41646
BLOCK27/SES275/SA275S28	SES275	0.46974	6.4269	5.95716
BLOCK29/SES292/SA292S10	SES292	0.0299115	7.18489	7.15498
BLOCK29/SES292/SA292S12	SES292	0.601672	5.93756	5.33589
BLOCK29/SES292/SA292S22	SES292	0.370251	6.99879	6.62854
BLOCK29/SES292/SA292S24	SES292	0.367014	6.75604	6.38902
BLOCK29/SES292/SA292S27	SES292	-0.406579	6.09908	6.50566
BLOCK00/SES001/SA001S14	SES062	-2.09476	3.81784	5.91259
BLOCK00/SES001/SA001S14	SES082	-0.88012	5.03247	5.91259
BLOCK00/SES001/SA001S14	SES106	-1.24708	4.66551	5.91259
BLOCK00/SES001/SA001S14	SES206	-1.71444	4.19815	5.91259
BLOCK00/SES001/SA001S15	SES062	-1.30265	5.41236	6.71501
BLOCK00/SES001/SA001S15	SES104	-1.71567	4.99934	6.71501
BLOCK00/SES001/SA001S15	SES106	-2.02843	4.68658	6.71501
BLOCK00/SES001/SA001S15	SES206	-1.61102	5.10399	6.71501
BLOCK00/SES001/SA001S24	SES062	-2.24474	3.50617	5.75092
BLOCK00/SES001/SA001S24	SES082	-0.99155	4.75937	5.75092
BLOCK00/SES001/SA001S24	SES087	-1.63877	4.11215	5.75092
BLOCK00/SES001/SA001S24	SES206	0.112916	5.86383	5.75092
BLOCK00/SES001/SA001S27	SES062	-1.73791	5.71993	7.45785
BLOCK00/SES001/SA001S27	SES082	-1.25675	6.2011	7.45785
BLOCK00/SES001/SA001S27	SES087	-0.881115	6.57673	7.45785
BLOCK00/SES001/SA001S27	SES206	-0.927396	6.53045	7.45785
BLOCK00/SES001/SA001S29	SES062	-2.33887	3.57584	5.91472
BLOCK00/SES001/SA001S29	SES082	-0.823971	5.09075	5.91472
BLOCK00/SES001/SA001S29	SES158	-0.606276	5.30844	5.91472
BLOCK00/SES001/SA001S29	SES206	-1.45314	4.46158	5.91472
BLOCK00/SES003/SA003S11	SES002	-0.457046	4.05396	4.511
BLOCK00/SES003/SA003S11	SES019	-1.15792	3.35308	4.511
BLOCK00/SES003/SA003S11	SES082	-0.57175	3.93925	4.511
BLOCK00/SES003/SA003S11	SES125	-1.23924	3.27176	4.511
BLOCK00/SES003/SA003S15	SES016	-1.60425	4.59202	6.19627
BLOCK00/SES003/SA003S15	SES019	-1.45697	4.7393	6.19627
BLOCK00/SES003/SA003S15	SES062	-0.72798	5.46829	6.19627
BLOCK00/SES003/SA003S15	SES206	-1.81987	4.3764	6.19627
BLOCK00/SES003/SA003S22	SES002	-1.92291	3.67956	5.60247
BLOCK00/SES003/SA003S22	SES062	-1.00358	4.59889	5.60247
BLOCK00/SES003/SA003S22	SES082	-1.84384	3.75864	5.60247
BLOCK00/SES003/SA003S22	SES087	-2.22965	3.37282	5.60247
BLOCK00/SES003/SA003S25	SES062	-2.11771	2.93726	5.05497
BLOCK00/SES003/SA003S25	SES082	-1.25446	3.80051	5.05497
BLOCK00/SES003/SA003S25	SES087	-0.841021	4.21395	5.05497
BLOCK00/SES003/SA003S25	SES206	-0.843947	4.21102	5.05497
BLOCK00/SES003/SA003S29	SES002	-1.94789	3.35098	5.29886
BLOCK00/SES003/SA003S29	SES062	-1.78152	3.51734	5.29886
BLOCK00/SES003/SA003S29	SES082	-1.29786	4.001	5.29886
BLOCK00/SES003/SA003S29	SES087	-2.50605	2.79281	5.29886
BLOCK00/SES004/SA004S12	SES083	-1.42937	4.90002	6.32939
BLOCK00/SES004/SA004S12	SES148	-1.73673	4.59266	6.32939
BLOCK00/SES004/SA004S12	SES172	0.0660434	6.39543	6.32939
BLOCK00/SES004/SA004S12	SES292	-1.41502	4.91437	6.32939
BLOCK00/SES004/SA004S17	SES083	-1.32476	4.98814	6.3129
BLOCK00/SES004/SA004S17	SES162	-1.06238	5.25052	6.3129
BLOCK00/SES004/SA004S17	SES172	-0.598534	5.71437	6.3129
BLOCK00/SES004/SA004S17	SES292	-1.51461	4.7983	6.3129
BLOCK00/SES004/SA004S24	SES083	-1.72023	5.18492	6.90515
BLOCK00/SES004/SA004S24	SES148	-2.1726	4.73255	6.90515
BLOCK00/SES004/SA004S24	SES172	-0.333515	6.57164	6.90515
BLOCK00/SES004/SA004S24	SES292	-1.31386	5.59129	6.90515
BLOCK00/SES004/SA004S26	SES083	-1.52463	4.47411	5.99874
BLOCK00/SES004/SA004S26	SES127	-0.762465	5.23628	5.99874
BLOCK00/SES004/SA004S26	SES148	-2.87839	3.12035	5.99874
BLOCK00/SES004/SA004S26	SES292	-1.51249	4.48625	5.99874
BLOCK00/SES004/SA004S28	SES083	-1.45715	4.74514	6.20229
BLOCK00/SES004/SA004S28	SES127	-0.579891	5.6224	6.20229
BLOCK00/SES004/SA004S28	SES187	-0.218396	5.98389	6.20229
BLOCK00/SES004/SA004S28	SES292	-1.80527	4.39702	6.20229
BLOCK00/SES006/SA006S10	SES014	-1.32256	0.995523	2.31808
BLOCK00/SES006/SA006S10	SES158	0.18262	2.5007	2.31808
BLOCK00/SES006/SA006S10	SES226	-2.22115	0.0969366	2.31808
BLOCK00/SES006/SA006S10	SES270	0.606506	2.92459	2.31808
BLOCK00/SES006/SA006S11	SES158	-0.632741	2.27288	2.90562
BLOCK00/SES006/SA006S11	SES226	-1.35669	1.54893	2.90562
BLOCK00/SES006/SA006S11	SES270	-0.0128248	2.8928	2.90562
BLOCK00/SES006/SA006S11	SES275	-2.6709	0.234718	2.90562
BLOCK00/SES006/SA006S23	SES062	-1.99564	2.00281	3.99845
BLOCK00/SES006/SA006S23	SES105	-2.82086	1.17759	3.99845
BLOCK00/SES006/SA006S23	SES158	-0.546597	3.45185	3.99845
BLOCK00/SES006/SA006S23	SES275	-1.98673	2.01172	3.99845
BLOCK00/SES006/SA006S26	SES104	-2.33545	1.35624	3.69169
BLOCK00/SES006/SA006S26	SES158	-0.161751	3.52994	3.69169
BLOCK00/SES006/SA006S26	SES270	1.04299	4.73468	3.69169
BLOCK00/SES006/SA006S26	SES275	-2.97974	0.71195	3.69169
BLOCK00/SES006/SA006S28	SES007	-2.49732	0.273408	2.77072
BLOCK00/SES006/SA006S28	SES105	-2.26658	0.50414	2.77072
BLOCK00/SES006/SA006S28	SES158	-1.97909	0.791635	2.77072
BLOCK00/SES006/SA006S28	SES275	-2.57162	0.199105	2.77072
BLOCK00/SES009/SA009S12	SES083	-3.30031	3.14595	6.44626
BLOCK00/SES009/SA009S12	SES148	-1.81591	4.63035	6.44626
BLOCK00/SES009/SA009S12	SES177	-0.886427	5.55983	6.44626
BLOCK00/SES009/SA009S12	SES292	-1.84988	4.59638	6.44626
BLOCK00/SES009/SA009S15	SES007	-0.264441	6.98177	7.24621
BLOCK00/SES009/SA009S15	SES099	-3.64491	3.60131	7.24621
BLOCK00/SES009/SA009S15	SES148	-1.51912	5.7271	7.24621
BLOCK00/SES009/SA009S15	SES172	-1.7249	5.52132	7.24621
BLOCK00/SES009/SA009S24	SES146	-1.10642	5.49251	6.59893
BLOCK00/SES009/SA009S24	SES148	-2.0459	4.55303	6.59893
BLOCK00/SES009/SA009S24	SES177	-0.496903	6.10203	6.59893
BLOCK00/SES009/SA009S24	SES292	-1.62334	4.97559	6.59893
BLOCK00/SES009/SA009S26	SES083	-2.51885	3.10918	5.62803
BLOCK00/SES009/SA009S26	SES101	-2.85837	2.76965	5.62803
BLOCK00/SES009/SA009S26	SES120	-1.26018	4.36784	5.62803
BLOCK00/SES009/SA009S26	SES177	-0.792753	4.83527	5.62803
BLOCK00/SES009/SA009S29	SES083	-2.05341	4.42937	6.48279
BLOCK00/SES009/SA009S29	SES101	-1.79839	4.68439	6.48279
BLOCK00/SES009/SA009S29	SES177	-0.359028	6.12376	6.48279
BLOCK00/SES009/SA009S29	SES292	-1.51149	4.9713	6.48279
BLOCK01/SES011/SA011S10	SES019	-1.14933	2.81539	3.96471
BLOCK01/SES011/SA011S10	SES042	0.952399	4.91711	3.96471
BLOCK01/SES011/SA011S10	SES082	-2.39405	1.57066	3.96471
BLOCK01/SES011/SA011S10	SES206	-0.706988	3.25773	3.96471
BLOCK01/SES011/SA011S11	SES019	-1.42391	2.99974	4.42365
BLOCK01/SES011/SA011S11	SES042	-0.215351	4.2083	4.42365
BLOCK01/SES011/SA011S11	SES082	-1.57811	2.84554	4.42365
BLOCK01/SES011/SA011S11	SES206	-1.51416	2.90949	4.42365
BLOCK01/SES011/SA011S22	SES019	-0.467521	3.84295	4.31047
BLOCK01/SES011/SA011S22	SES042	1.1736	5.48407	4.31047
BLOCK01/SES011/SA011S22	SES082	-1.81621	2.49426	4.31047
BLOCK01/SES011/SA011S22	SES206	-1.0895	3.22097	4.31047
BLOCK01/SES011/SA011S24	SES019	-1.2337	3.88193	5.11563
BLOCK01/SES011/SA011S24	SES042	1.23405	6.34968	5.11563
BLOCK01/SES011/SA011S24	SES104	-1.15185	3.96378	5.11563
BLOCK01/SES011/SA011S24	SES206	-0.00816441	5.10746	5.11563
BLOCK01/SES011/SA011S27	SES082	0.15312	5.45127	5.29815
BLOCK01/SES011/SA011S27	SES087	-1.20305	4.0951	5.29815
BLOCK01/SES011/SA011S27	SES125	-0.531558	4.76659	5.29815
BLOCK01/SES011/SA011S27	SES206	-0.0520363	5.24612	5.29815
BLOCK01/SES012/SA012S11	SES007	-0.585006	6.25162	6.83662
BLOCK01/SES012/SA012S11	SES082	-1.32872	5.50791	6.83662
BLOCK01/SES012/SA012S11	SES083	-1.99001	4.84661	6.83662
BLOCK01/SES012/SA012S11	SES206	-1.83618	5.00044	6.83662
BLOCK01/SES012/SA012S14	SES082	-0.255063	5.88794	6.14301
BLOCK01/SES012/SA012S14	SES087	-1.89511	4.2479	6.14301
BLOCK01/SES012/SA012S14	SES206	-0.863785	5.27922	6.14301
BLOCK01/SES012/SA012S14	SES292	-1.62181	4.5212	6.14301
BLOCK01/SES012/SA012S24	SES082	-0.322043	4.58584	4.90789
BLOCK01/SES012/SA012S24	SES087	-1.77923	3.12865	4.90789
BLOCK01/SES012/SA012S24	SES120	-1.62141	3.28648	4.90789
BLOCK01/SES012/SA012S24	SES206	-1.25445	3.65344	4.90789
BLOCK01/SES012/SA012S26	SES019	-3.10707	2.66346	5.77053
BLOCK01/SES012/SA012S26	SES082	-2.09363	3.6769	5.77053
BLOCK01/SES012/SA012S26	SES206	-0.940084	4.83045	5.77053
BLOCK01/SES012/SA012S26	SES292	-1.01309	4.75744	5.77053
BLOCK01/SES012/SA012S29	SES062	-0.843188	4.79278	5.63596
BLOCK01/SES012/SA012S29	SES082	-0.499454	5.13651	5.63596
BLOCK01/SES012/SA012S29	SES083	-3.3884	2.24757	5.63596
BLOCK01/SES012/SA012S29	SES206	-1.95075	3.68521	5.63596
BLOCK01/SES013/SA013S16	SES062	-2.52305	1.702	4.22505
BLOCK01/SES013/SA013S16	SES106	-0.793468	3.43158	4.22505
BLOCK01/SES013/SA013S16	SES206	-0.768652	3.4564	4.22505
BLOCK01/SES013/SA013S16	SES226	-0.161949	4.0631	4.22505
BLOCK01/SES013/SA013S17	SES062	-1.77988	4.18895	5.96883
BLOCK01/SES013/SA013S17	SES106	-1.57822	4.39061	5.96883
BLOCK01/SES013/SA013S17	SES206	-0.107267	5.86156	5.96883
BLOCK01/SES013/SA013S17	SES226	-0.076272	5.89256	5.96883
BLOCK01/SES013/SA013S23	SES104	-1.29517	2.00147	3.29664
BLOCK01/SES013/SA013S23	SES106	-0.285832	3.01081	3.29664
BLOCK01/SES013/SA013S23	SES206	-1.20642	2.09022	3.29664
BLOCK01/SES013/SA013S23	SES270	0.661374	3.95802	3.29664
BLOCK01/SES013/SA013S25	SES042	-1.65527	3.19303	4.8483
BLOCK01/SES013/SA013S25	SES104	-1.36788	3.48042	4.8483
BLOCK01/SES013/SA013S25	SES106	-0.670791	4.17751	4.8483
BLOCK01/SES013/SA013S25	SES206	-1.94909	2.89921	4.8483
BLOCK01/SES013/SA013S29	SES062	-3.28449	1.12217	4.40667
BLOCK01/SES013/SA013S29	SES104	-1.45173	2.95494	4.40667
BLOCK01/SES013/SA013S29	SES106	-0.390245	4.01642	4.40667
BLOCK01/SES013/SA013S29	SES206	-1.85103	2.55564	4.40667
BLOCK02/SES021/SA021S13	SES016	-2.66182	3.33802	5.99984
BLOCK02/SES021/SA021S13	SES029	-0.938283	5.06156	5.99984
BLOCK02/SES021/SA021S13	SES087	-2.15506	3.84478	5.99984
BLOCK02/SES021/SA021S13	SES206	-1.8015	4.19834	5.99984
BLOCK02/SES021/SA021S15	SES087	-0.87604	5.93223	6.80827
BLOCK02/SES021/SA021S15	SES125	-1.0991	5.70917	6.80827
BLOCK02/SES021/SA021S15	SES206	-0.956359	5.85191	6.80827
BLOCK02/SES021/SA021S15	SES226	-1.93162	4.87665	6.80827
BLOCK02/SES021/SA021S23	SES062	-3.04847	2.01792	5.06639
BLOCK02/SES021/SA021S23	SES087	-1.53173	3.53466	5.06639
BLOCK02/SES021/SA021S23	SES206	-1.29946	3.76693	5.06639
BLOCK02/SES021/SA021S23	SES226	-1.12062	3.94577	5.06639
BLOCK02/SES021/SA021S27	SES002	-1.24003	5.52949	6.76952
BLOCK02/SES021/SA021S27	SES016	-4.69185	2.07768	6.76952
BLOCK02/SES021/SA021S27	SES019	-1.00411	5.76542	6.76952
BLOCK02/SES021/SA021S27	SES062	-1.63985	5.12967	6.76952
BLOCK02/SES021/SA021S29	SES087	-1.33284	4.08047	5.4133
BLOCK02/SES021/SA021S29	SES125	-1.07607	4.33723	5.4133
BLOCK02/SES021/SA021S29	SES206	-0.362364	5.05094	5.4133
BLOCK02/SES021/SA021S29	SES226	-1.26562	4.14768	5.4133
BLOCK04/SES043/SA043S09	SES083	-0.644404	4.78426	5.42866
BLOCK04/SES043/SA043S09	SES101	-0.903653	4.52501	5.42866
BLOCK04/SES043/SA043S09	SES144	-0.277469	5.1512	5.42866
BLOCK04/SES043/SA043S09	SES172	-1.62229	3.80637	5.42866
BLOCK04/SES043/SA043S11	SES083	-0.627929	5.55667	6.1846
BLOCK04/SES043/SA043S11	SES101	-0.710782	5.47382	6.1846
BLOCK04/SES043/SA043S11	SES144	0.0839567	6.26856	6.1846
BLOCK04/SES043/SA043S11	SES172	-0.74124	5.44336	6.1846
BLOCK04/SES043/SA043S23	SES083	-0.98456	4.79582	5.78038
BLOCK04/SES043/SA043S23	SES144	0.210511	5.99089	5.78038
BLOCK04/SES043/SA043S23	SES177	-1.18197	4.59841	5.78038
BLOCK04/SES043/SA043S23	SES275	-0.982298	4.79808	5.78038
BLOCK04/SES043/SA043S26	SES083	-1.0444	4.65939	5.70379
BLOCK04/SES043/SA043S26	SES101	-1.13263	4.57116	5.70379
BLOCK04/SES043/SA043S26	SES144	0.162221	5.86601	5.70379
BLOCK04/SES043/SA043S26	SES177	-1.20275	4.50104	5.70379
BLOCK04/SES043/SA043S28	SES016	-1.75909	4.16596	5.92504
BLOCK04/SES043/SA043S28	SES083	-0.281588	5.64346	5.92504
BLOCK04/SES043/SA043S28	SES101	-0.649597	5.27545	5.92504
BLOCK04/SES043/SA043S28	SES144	-0.326297	5.59875	5.92504
BLOCK04/SES044/SA044S10	SES127	-1.30108	3.6964	4.99749
BLOCK04/SES044/SA044S10	SES144	-0.373394	4.62409	4.99749
BLOCK04/SES044/SA044S10	SES147	-3.55524	1.44224	4.99749
BLOCK04/SES044/SA044S10	SES148	-2.38733	2.61015	4.99749
BLOCK04/SES044/SA044S11	SES101	-0.758613	5.06127	5.81988
BLOCK04/SES044/SA044S11	SES144	0.28825	6.10813	5.81988
BLOCK04/SES044/SA044S11	SES147	-2.46132	3.35856	5.81988
BLOCK04/SES044/SA044S11	SES177	-2.24962	3.57026	5.81988
BLOCK04/SES044/SA044S24	SES007	-2.06272	3.06018	5.12291
BLOCK04/SES044/SA044S24	SES101	-0.196553	4.92636	5.12291
BLOCK04/SES044/SA044S24	SES147	-1.59298	3.52993	5.12291
BLOCK04/SES044/SA044S24	SES177	-1.2219	3.90101	5.12291
BLOCK04/SES044/SA044S26	SES007	-2.28461	3.47988	5.76449
BLOCK04/SES044/SA044S26	SES016	-1.51877	4.24572	5.76449
BLOCK04/SES044/SA044S26	SES101	-0.421556	5.34294	5.76449
BLOCK04/SES044/SA044S26	SES147	-1.6307	4.13379	5.76449
BLOCK04/SES044/SA044S29	SES007	-2.1578	4.26579	6.42358
BLOCK04/SES044/SA044S29	SES101	-0.0670896	6.35649	6.42358
BLOCK04/SES044/SA044S29	SES147	-1.7751	4.64849	6.42358
BLOCK04/SES044/SA044S29	SES177	-1.79183	4.63175	6.42358
BLOCK04/SES046/SA046S13	SES101	-1.06762	4.38083	5.44845
BLOCK04/SES046/SA046S13	SES144	-0.508255	4.9402	5.44845
BLOCK04/SES046/SA046S13	SES147	-2.03745	3.411	5.44845
BLOCK04/SES046/SA046S13	SES177	-1.99052	3.45794	5.44845
BLOCK04/SES046/SA046S15	SES048	-0.69107	6.20426	6.89533
BLOCK04/SES046/SA046S15	SES083	-0.670043	6.22529	6.89533
BLOCK04/SES046/SA046S15	SES120	-3.20056	3.69477	6.89533
BLOCK04/SES046/SA046S15	SES148	-1.51538	5.37995	6.89533
BLOCK04/SES046/SA046S22	SES101	-0.312897	5.35036	5.66326
BLOCK04/SES046/SA046S22	SES144	-0.421404	5.24186	5.66326
BLOCK04/SES046/SA046S22	SES147	-2.30906	3.3542	5.66326
BLOCK04/SES046/SA046S22	SES172	-0.615158	5.0481	5.66326
BLOCK04/SES046/SA046S25	SES083	-0.887182	4.87646	5.76365
BLOCK04/SES046/SA046S25	SES127	-1.26527	4.49837	5.76365
BLOCK04/SES046/SA046S25	SES144	-0.795295	4.96835	5.76365
BLOCK04/SES046/SA046S25	SES148	-1.38824	4.37541	5.76365
BLOCK04/SES046/SA046S28	SES007	-2.03459	4.22435	6.25894
BLOCK04/SES046/SA046S28	SES105	-1.50043	4.75851	6.25894
BLOCK04/SES046/SA046S28	SES147	-1.47909	4.77985	6.25894
BLOCK04/SES046/SA046S28	SES148	-0.747656	5.51129	6.25894
BLOCK04/SES049/SA049S16	SES104	-1.00064	3.18543	4.18607
BLOCK04/SES049/SA049S16	SES106	-1.93407	2.252	4.18607
BLOCK04/SES049/SA049S16	SES120	-1.66291	2.52316	4.18607
BLOCK04/SES049/SA049S16	SES206	-1.29891	2.88716	4.18607
BLOCK04/SES049/SA049S18	SES099	-0.495587	3.54707	4.04266
BLOCK04/SES049/SA049S18	SES104	-2.23677	1.80589	4.04266
BLOCK04/SES049/SA049S18	SES125	-2.70068	1.34198	4.04266
BLOCK04/SES049/SA049S18	SES206	-1.70257	2.34009	4.04266
BLOCK04/SES049/SA049S25	SES087	-2.02645	1.98978	4.01623
BLOCK04/SES049/SA049S25	SES104	-1.08166	2.93457	4.01623
BLOCK04/SES049/SA049S25	SES125	-1.6315	2.38473	4.01623
BLOCK04/SES049/SA049S25	SES206	-0.236273	3.77995	4.01623
BLOCK04/SES049/SA049S27	SES099	-0.229825	4.54158	4.77141
BLOCK04/SES049/SA049S27	SES104	0.050159	4.82156	4.77141
BLOCK04/SES049/SA049S27	SES125	-2.20491	2.5665	4.77141
BLOCK04/SES049/SA049S27	SES206	-1.26944	3.50196	4.77141
BLOCK04/SES049/SA049S29	SES099	0.0551567	5.65161	5.59645
BLOCK04/SES049/SA049S29	SES104	0.114777	5.71123	5.59645
BLOCK04/SES049/SA049S29	SES125	-0.811793	4.78466	5.59645
BLOCK04/SES049/SA049S29	SES206	-0.661004	4.93545	5.59645
BLOCK06/SES063/SA063S09	SES068	-1.5178	4.6938	6.21161
BLOCK06/SES063/SA063S09	SES083	-0.370215	5.84139	6.21161
BLOCK06/SES063/SA063S09	SES177	-1.42691	4.78469	6.21161
BLOCK06/SES063/SA063S09	SES187	-1.24641	4.9652	6.21161
BLOCK06/SES063/SA063S10	SES068	-2.53793	3.97915	6.51708
BLOCK06/SES063/SA063S10	SES083	-0.562318	5.95476	6.51708
BLOCK06/SES063/SA063S10	SES172	-0.826357	5.69072	6.51708
BLOCK06/SES063/SA063S10	SES187	-1.27368	5.24339	6.51708
BLOCK06/SES063/SA063S20	SES068	-2.19753	3.91621	6.11374
BLOCK06/SES063/SA063S20	SES083	-0.649427	5.46431	6.11374
BLOCK06/SES063/SA063S20	SES172	-0.158294	5.95544	6.11374
BLOCK06/SES063/SA063S20	SES187	-0.555646	5.55809	6.11374
BLOCK06/SES063/SA063S24	SES029	-2.4213	3.96482	6.38612
BLOCK06/SES063/SA063S24	SES083	-0.944274	5.44184	6.38612
BLOCK06/SES063/SA063S24	SES177	-0.912845	5.47327	6.38612
BLOCK06/SES063/SA063S24	SES189	0.00962448	6.39574	6.38612
BLOCK06/SES063/SA063S27	SES083	-0.333305	5.78689	6.1202
BLOCK06/SES063/SA063S27	SES172	-1.18612	4.93408	6.1202
BLOCK06/SES063/SA063S27	SES187	-0.921607	5.19859	6.1202
BLOCK06/SES063/SA063S27	SES292	-1.71622	4.40398	6.1202
BLOCK06/SES067/SA067S12	SES083	-0.869063	6.60577	7.47483
BLOCK06/SES067/SA067S12	SES172	-1.48921	5.98562	7.47483
BLOCK06/SES067/SA067S12	SES202	-0.977412	6.49742	7.47483
BLOCK06/SES067/SA067S12	SES292	-2.03528	5.43955	7.47483
BLOCK06/SES067/SA067S14	SES085	-1.95638	5.98601	7.94239
BLOCK06/SES067/SA067S14	SES177	-1.11247	6.82991	7.94239
BLOCK06/SES067/SA067S14	SES183	0.380275	8.32266	7.94239
BLOCK06/SES067/SA067S14	SES202	-0.765847	7.17654	7.94239
BLOCK06/SES067/SA067S21	SES144	-0.673623	5.92953	6.60315
BLOCK06/SES067/SA067S21	SES177	-0.327223	6.27593	6.60315
BLOCK06/SES067/SA067S21	SES183	-0.601004	6.00215	6.60315
BLOCK06/SES067/SA067S21	SES189	-1.02743	5.57572	6.60315
BLOCK06/SES067/SA067S25	SES085	-0.869977	5.56969	6.43967
BLOCK06/SES067/SA067S25	SES177	-1.26422	5.17545	6.43967
BLOCK06/SES067/SA067S25	SES183	-0.258087	6.18158	6.43967
BLOCK06/SES067/SA067S25	SES202	-1.62876	4.81091	6.43967
BLOCK06/SES067/SA067S29	SES085	-2.26698	4.56476	6.83175
BLOCK06/SES067/SA067S29	SES177	-0.982106	5.84964	6.83175
BLOCK06/SES067/SA067S29	SES183	-0.471323	6.36042	6.83175
BLOCK06/SES067/SA067S29	SES202	-0.161736	6.67001	6.83175
BLOCK06/SES069/SA069S12	SES029	-2.51056	3.16347	5.67402
BLOCK06/SES069/SA069S12	SES082	-0.427079	5.24695	5.67402
BLOCK06/SES069/SA069S12	SES087	-1.3589	4.31512	5.67402
BLOCK06/SES069/SA069S12	SES206	-0.760391	4.91363	5.67402
BLOCK06/SES069/SA069S13	SES029	-3.0523	2.91096	5.96326
BLOCK06/SES069/SA069S13	SES087	-1.12248	4.84078	5.96326
BLOCK06/SES069/SA069S13	SES206	-0.78684	5.17642	5.96326
BLOCK06/SES069/SA069S13	SES226	-0.360019	5.60324	5.96326
BLOCK06/SES069/SA069S23	SES029	-1.06501	5.52626	6.59127
BLOCK06/SES069/SA069S23	SES087	-0.112671	6.4786	6.59127
BLOCK06/SES069/SA069S23	SES206	-0.66082	5.93045	6.59127
BLOCK06/SES069/SA069S23	SES226	0.03545	6.62672	6.59127
BLOCK06/SES069/SA069S25	SES087	-0.946486	6.23468	7.18116
BLOCK06/SES069/SA069S25	SES206	-1.94075	5.24042	7.18116
BLOCK06/SES069/SA069S25	SES226	-0.45085	6.73031	7.18116
BLOCK06/SES069/SA069S25	SES270	-1.66389	5.51727	7.18116
BLOCK06/SES069/SA069S27	SES087	-1.5785	4.08735	5.66585
BLOCK06/SES069/SA069S27	SES206	-0.324809	5.34104	5.66585
BLOCK06/SES069/SA069S27	SES226	0.14358	5.80943	5.66585
BLOCK06/SES069/SA069S27	SES270	-0.911879	4.75397	5.66585
BLOCK08/SES081/SA081S11	SES060	-1.65475	4.5396	6.19435
BLOCK08/SES081/SA081S11	SES062	-1.87527	4.31909	6.19435
BLOCK08/SES081/SA081S11	SES117	-2.94332	3.25103	6.19435
BLOCK08/SES081/SA081S11	SES162	-2.41639	3.77796	6.19435
BLOCK08/SES081/SA081S13	SES016	-0.622007	6.30096	6.92297
BLOCK08/SES081/SA081S13	SES060	0.0392537	6.96222	6.92297
BLOCK08/SES081/SA081S13	SES068	-0.412204	6.51076	6.92297
BLOCK08/SES081/SA081S13	SES129	-1.70655	5.21642	6.92297
BLOCK08/SES081/SA081S24	SES060	-0.598525	5.83561	6.43413
BLOCK08/SES081/SA081S24	SES068	-1.03724	5.39689	6.43413
BLOCK08/SES081/SA081S24	SES117	-2.49623	3.9379	6.43413
BLOCK08/SES081/SA081S24	SES275	-1.39145	5.04268	6.43413
BLOCK08/SES081/SA081S27	SES007	-1.2152	4.9317	6.1469
BLOCK08/SES081/SA081S27	SES060	-1.3079	4.839	6.1469
BLOCK08/SES081/SA081S27	SES117	-1.23741	4.90949	6.1469
BLOCK08/SES081/SA081S27	SES275	-1.56299	4.58391	6.1469
BLOCK08/SES081/SA081S29	SES007	-0.799917	5.35623	6.15614
BLOCK08/SES081/SA081S29	SES060	-0.769485	5.38666	6.15614
BLOCK08/SES081/SA081S29	SES117	-1.91896	4.23719	6.15614
BLOCK08/SES081/SA081S29	SES275	-1.35521	4.80094	6.15614
BLOCK08/SES086/SA086S11	SES029	-2.8177	1.41883	4.23652
BLOCK08/SES086/SA086S11	SES082	-1.48734	2.74918	4.23652
BLOCK08/SES086/SA086S11	SES087	-0.792274	3.44425	4.23652
BLOCK08/SES086/SA086S11	SES206	-1.49609	2.74043	4.23652
BLOCK08/SES086/SA086S12	SES029	-1.72923	3.46916	5.19839
BLOCK08/SES086/SA086S12	SES082	-1.30176	3.89662	5.19839
BLOCK08/SES086/SA086S12	SES087	-0.252318	4.94607	5.19839
BLOCK08/SES086/SA086S12	SES206	-0.281093	4.91729	5.19839
BLOCK08/SES086/SA086S20	SES029	-2.30425	4.24421	6.54846
BLOCK08/SES086/SA086S20	SES082	-1.60757	4.94089	6.54846
BLOCK08/SES086/SA086S20	SES087	0.584723	7.13318	6.54846
BLOCK08/SES086/SA086S20	SES206	-0.521502	6.02695	6.54846
BLOCK08/SES086/SA086S24	SES087	-0.360306	4.06139	4.4217
BLOCK08/SES086/SA086S24	SES104	-1.73962	2.68208	4.4217
BLOCK08/SES086/SA086S24	SES120	-1.54823	2.87347	4.4217
BLOCK08/SES086/SA086S24	SES206	-0.297922	4.12378	4.4217
BLOCK08/SES086/SA086S28	SES029	-2.82115	3.38466	6.20581
BLOCK08/SES086/SA086S28	SES082	-1.51718	4.68863	6.20581
BLOCK08/SES086/SA086S28	SES087	-0.85063	5.35518	6.20581
BLOCK08/SES086/SA086S28	SES206	-1.2068	4.99901	6.20581
BLOCK08/SES089/SA089S13	SES087	-1.40271	3.96411	5.36682
BLOCK08/SES089/SA089S13	SES206	-1.59457	3.77225	5.36682
BLOCK08/SES089/SA089S13	SES226	-1.22246	4.14436	5.36682
BLOCK08/SES089/SA089S13	SES270	-1.92293	3.44389	5.36682
BLOCK08/SES089/SA089S14	SES062	-1.76726	4.40477	6.17203
BLOCK08/SES089/SA089S14	SES087	-0.1403	6.03173	6.17203
BLOCK08/SES089/SA089S14	SES206	-1.21174	4.96029	6.17203
BLOCK08/SES089/SA089S14	SES226	-1.35883	4.8132	6.17203
BLOCK08/SES089/SA089S23	SES087	-1.1076	3.66312	4.77071
BLOCK08/SES089/SA089S23	SES206	-1.29347	3.47725	4.77071
BLOCK08/SES089/SA089S23	SES226	-1.18116	3.58955	4.77071
BLOCK08/SES089/SA089S23	SES270	-2.46403	2.30668	4.77071
BLOCK08/SES089/SA089S25	SES062	-1.99305	3.86072	5.85377
BLOCK08/SES089/SA089S25	SES087	-0.218177	5.63559	5.85377
BLOCK08/SES089/SA089S25	SES206	-2.17126	3.6825	5.85377
BLOCK08/SES089/SA089S25	SES226	-1.08978	4.76399	5.85377
BLOCK08/SES089/SA089S28	SES062	-1.35715	4.28823	5.64538
BLOCK08/SES089/SA089S28	SES087	-0.0568037	5.58857	5.64538
BLOCK08/SES089/SA089S28	SES206	-0.769804	4.87557	5.64538
BLOCK08/SES089/SA089S28	SES226	-0.772088	4.87329	5.64538
BLOCK09/SES097/SA097S11	SES099	0.857118	5.15244	4.29532
BLOCK09/SES097/SA097S11	SES125	-1.42929	2.86603	4.29532
BLOCK09/SES097/SA097S11	SES206	-0.589616	3.7057	4.29532
BLOCK09/SES097/SA097S11	SES226	0.737766	5.03309	4.29532
BLOCK09/SES097/SA097S14	SES062	-1.67541	3.08652	4.76193
BLOCK09/SES097/SA097S14	SES099	-0.245402	4.51653	4.76193
BLOCK09/SES097/SA097S14	SES104	-0.620928	4.141	4.76193
BLOCK09/SES097/SA097S14	SES206	-1.29613	3.4658	4.76193
BLOCK09/SES097/SA097S22	SES099	0.0368514	4.69347	4.65662
BLOCK09/SES097/SA097S22	SES206	-1.48185	3.17477	4.65662
BLOCK09/SES097/SA097S22	SES226	-1.61877	3.03785	4.65662
BLOCK09/SES097/SA097S22	SES270	-0.149612	4.50701	4.65662
BLOCK09/SES097/SA097S26	SES099	0.413768	4.65985	4.24609
BLOCK09/SES097/SA097S26	SES120	-1.16967	3.07641	4.24609
BLOCK09/SES097/SA097S26	SES206	-1.7143	2.53179	4.24609
BLOCK09/SES097/SA097S26	SES226	-1.50527	2.74082	4.24609
BLOCK09/SES097/SA097S28	SES099	-0.463312	5.01542	5.47873
BLOCK09/SES097/SA097S28	SES120	-1.71727	3.76146	5.47873
BLOCK09/SES097/SA097S28	SES206	-1.90856	3.57017	5.47873
BLOCK09/SES097/SA097S28	SES226	-1.83061	3.64812	5.47873
BLOCK09/SES098/SA098S11	SES127	-1.61286	4.51852	6.13138
BLOCK09/SES098/SA098S11	SES144	-1.58645	4.54493	6.13138
BLOCK09/SES098/SA098S11	SES147	-0.961218	5.17016	6.13138
BLOCK09/SES098/SA098S11	SES148	-3.66545	2.46593	6.13138
BLOCK09/SES098/SA098S12	SES127	-2.85601	1.75806	4.61406
BLOCK09/SES098/SA098S12	SES144	-2.53416	2.0799	4.61406
BLOCK09/SES098/SA098S12	SES147	-1.45701	3.15705	4.61406
BLOCK09/SES098/SA098S12	SES189	-3.08491	1.52915	4.61406
BLOCK09/SES098/SA098S20	SES127	-2.87499	2.78009	5.65508
BLOCK09/SES098/SA098S20	SES147	-2.34248	3.3126	5.65508
BLOCK09/SES098/SA098S20	SES148	-3.23632	2.41877	5.65508
BLOCK09/SES098/SA098S20	SES292	-1.63574	4.01934	5.65508
BLOCK09/SES098/SA098S23	SES127	-1.7419	3.819	5.5609
BLOCK09/SES098/SA098S23	SES147	-1.59354	3.96736	5.5609
BLOCK09/SES098/SA098S23	SES187	-1.32597	4.23493	5.5609
BLOCK09/SES098/SA098S23	SES292	-1.41792	4.14298	5.5609
BLOCK09/SES098/SA098S27	SES127	-3.05055	2.70032	5.75088
BLOCK09/SES098/SA098S27	SES147	-2.83323	2.91765	5.75088
BLOCK09/SES098/SA098S27	SES148	-4.10589	1.64499	5.75088
BLOCK09/SES098/SA098S27	SES292	-0.8007	4.95018	5.75088
BLOCK10/SES102/SA102S13	SES101	-0.672956	4.83973	5.51269
BLOCK10/SES102/SA102S13	SES105	-1.16397	4.34872	5.51269
BLOCK10/SES102/SA102S13	SES120	-1.85712	3.65557	5.51269
BLOCK10/SES102/SA102S13	SES158	-2.7552	2.75749	5.51269
BLOCK10/SES102/SA102S14	SES007	-0.276752	6.88257	7.15932
BLOCK10/SES102/SA102S14	SES101	-0.379367	6.77995	7.15932
BLOCK10/SES102/SA102S14	SES105	-0.585931	6.57339	7.15932
BLOCK10/SES102/SA102S14	SES147	-2.38292	4.77639	7.15932
BLOCK10/SES102/SA102S22	SES007	-1.81353	4.58259	6.39612
BLOCK10/SES102/SA102S22	SES101	-0.510204	5.88592	6.39612
BLOCK10/SES102/SA102S22	SES105	-0.515705	5.88042	6.39612
BLOCK10/SES102/SA102S22	SES158	-2.91375	3.48237	6.39612
BLOCK10/SES102/SA102S25	SES007	-0.634713	5.71146	6.34618
BLOCK10/SES102/SA102S25	SES101	-0.0252643	6.32091	6.34618
BLOCK10/SES102/SA102S25	SES105	-0.949721	5.39645	6.34618
BLOCK10/SES102/SA102S25	SES147	-2.551	3.79517	6.34618
BLOCK10/SES102/SA102S27	SES007	-1.32639	4.59336	5.91976
BLOCK10/SES102/SA102S27	SES101	-0.106262	5.8135	5.91976
BLOCK10/SES102/SA102S27	SES105	-1.66355	4.25621	5.91976
BLOCK10/SES102/SA102S27	SES147	-2.36374	3.55601	5.91976
BLOCK10/SES103/SA103S14	SES105	-2.58338	1.48155	4.06493
BLOCK10/SES103/SA103S14	SES106	-1.98219	2.08274	4.06493
BLOCK10/SES103/SA103S14	SES120	-2.04397	2.02096	4.06493
BLOCK10/SES103/SA103S14	SES206	-2.22059	1.84434	4.06493
BLOCK10/SES103/SA103S15	SES099	-1.21251	1.84627	3.05878
BLOCK10/SES103/SA103S15	SES101	-3.87031	-0.811522	3.05878
BLOCK10/SES103/SA103S15	SES104	-1.33439	1.7244	3.05878
BLOCK10/SES103/SA103S15	SES125	-1.83897	1.21981	3.05878
BLOCK10/SES103/SA103S24	SES104	-1.92607	2.20094	4.12702
BLOCK10/SES103/SA103S24	SES125	-1.90048	2.22653	4.12702
BLOCK10/SES103/SA103S24	SES148	-2.47617	1.65085	4.12702
BLOCK10/SES103/SA103S24	SES158	-1.3751	2.75192	4.12702
BLOCK10/SES103/SA103S26	SES104	-1.79738	2.55584	4.35322
BLOCK10/SES103/SA103S26	SES106	-0.61706	3.73616	4.35322
BLOCK10/SES103/SA103S26	SES125	-1.05192	3.30129	4.35322
BLOCK10/SES103/SA103S26	SES148	-2.60924	1.74397	4.35322
BLOCK10/SES103/SA103S28	SES104	-1.44825	2.35519	3.80344
BLOCK10/SES103/SA103S28	SES106	-0.543579	3.25986	3.80344
BLOCK10/SES103/SA103S28	SES125	-0.718465	3.08497	3.80344
BLOCK10/SES103/SA103S28	SES206	-2.80758	0.995862	3.80344
BLOCK12/SES121/SA121S12	SES042	-1.76285	2.1095	3.87235
BLOCK12/SES121/SA121S12	SES087	-1.26849	2.60386	3.87235
BLOCK12/SES121/SA121S12	SES105	-1.82982	2.04253	3.87235
BLOCK12/SES121/SA121S12	SES206	-1.29441	2.57794	3.87235
BLOCK12/SES121/SA121S14	SES007	-2.27425	0.512659	2.78691
BLOCK12/SES121/SA121S14	SES105	-2.7574	0.0295056	2.78691
BLOCK12/SES121/SA121S14	SES106	-2.36839	0.418519	2.78691
BLOCK12/SES121/SA121S14	SES206	-1.51538	1.27153	2.78691
BLOCK12/SES121/SA121S23	SES105	-2.40764	0.505325	2.91296
BLOCK12/SES121/SA121S23	SES106	-1.51267	1.40029	2.91296
BLOCK12/SES121/SA121S23	SES120	-2.19196	0.721002	2.91296
BLOCK12/SES121/SA121S23	SES206	-0.502886	2.41008	2.91296
BLOCK12/SES121/SA121S25	SES007	-2.35624	0.304526	2.66077
BLOCK12/SES121/SA121S25	SES105	-3.57257	-0.911803	2.66077
BLOCK12/SES121/SA121S25	SES106	-2.35948	0.301285	2.66077
BLOCK12/SES121/SA121S25	SES206	-1.70093	0.959836	2.66077
BLOCK12/SES121/SA121S27	SES087	-0.46716	3.27907	3.74624
BLOCK12/SES121/SA121S27	SES105	-4.48073	-0.73449	3.74624
BLOCK12/SES121/SA121S27	SES120	-0.399279	3.34696	3.74624
BLOCK12/SES121/SA121S27	SES206	0.234173	3.98041	3.74624
BLOCK12/SES124/SA124S16	SES042	0.450501	6.16403	5.71353
BLOCK12/SES124/SA124S16	SES082	-1.29383	4.4197	5.71353
BLOCK12/SES124/SA124S16	SES183	-2.69294	3.0206	5.71353
BLOCK12/SES124/SA124S16	SES206	-1.27791	4.43562	5.71353
BLOCK12/SES124/SA124S17	SES105	-1.76296	3.1562	4.91916
BLOCK12/SES124/SA124S17	SES149	-2.96285	1.9563	4.91916
BLOCK12/SES124/SA124S17	SES158	-3.20347	1.71569	4.91916
BLOCK12/SES124/SA124S17	SES275	-1.26061	3.65854	4.91916
BLOCK12/SES124/SA124S23	SES105	-2.42245	4.98438	7.40683
BLOCK12/SES124/SA124S23	SES125	-0.00960302	7.39722	7.40683
BLOCK12/SES124/SA124S23	SES129	-3.39191	4.01492	7.40683
BLOCK12/SES124/SA124S23	SES158	-0.717553	6.68927	7.40683
BLOCK12/SES124/SA124S26	SES105	-3.07507	2.9147	5.98977
BLOCK12/SES124/SA124S26	SES125	-0.776885	5.21289	5.98977
BLOCK12/SES124/SA124S26	SES129	-4.1537	1.83607	5.98977
BLOCK12/SES124/SA124S26	SES158	-1.6591	4.33068	5.98977
BLOCK12/SES124/SA124S28	SES104	-0.331754	5.71313	6.04489
BLOCK12/SES124/SA124S28	SES106	-0.995799	5.04909	6.04489
BLOCK12/SES124/SA124S28	SES125	-0.328469	5.71642	6.04489
BLOCK12/SES124/SA124S28	SES275	-2.15159	3.8933	6.04489
BLOCK12/SES126/SA126S13	SES007	-0.858285	5.04	5.89829
BLOCK12/SES126/SA126S13	SES162	-1.53789	4.3604	5.89829
BLOCK12/SES126/SA126S13	SES177	-0.837815	5.06047	5.89829
BLOCK12/SES126/SA126S13	SES180	-1.58336	4.31492	5.89829
BLOCK12/SES126/SA126S14	SES144	-1.07523	5.94249	7.01772
BLOCK12/SES126/SA126S14	SES148	-2.06695	4.95077	7.01772
BLOCK12/SES126/SA126S14	SES177	-0.693677	6.32405	7.01772
BLOCK12/SES126/SA126S14	SES180	-2.16452	4.85321	7.01772
BLOCK12/SES126/SA126S20	SES007	-0.982553	5.987	6.96955
BLOCK12/SES126/SA126S20	SES162	-1.88426	5.08529	6.96955
BLOCK12/SES126/SA126S20	SES172	-2.15068	4.81887	6.96955
BLOCK12/SES126/SA126S20	SES180	-2.29326	4.67629	6.96955
BLOCK12/SES126/SA126S24	SES120	-0.299314	6.29405	6.59337
BLOCK12/SES126/SA126S24	SES162	-1.59935	4.99401	6.59337
BLOCK12/SES126/SA126S24	SES177	-0.447939	6.14543	6.59337
BLOCK12/SES126/SA126S24	SES180	-1.18405	5.40931	6.59337
BLOCK12/SES126/SA126S26	SES120	-0.224924	5.51364	5.73857
BLOCK12/SES126/SA126S26	SES177	-1.00788	4.73069	5.73857
BLOCK12/SES126/SA126S26	SES180	-1.56319	4.17537	5.73857
BLOCK12/SES126/SA126S26	SES202	-1.3796	4.35897	5.73857
BLOCK12/SES128/SA128S10	SES087	-3.08161	1.69422	4.77583
BLOCK12/SES128/SA128S10	SES206	-1.41077	3.36506	4.77583
BLOCK12/SES128/SA128S10	SES226	-0.841175	3.93465	4.77583
BLOCK12/SES128/SA128S10	SES270	-0.39844	4.37739	4.77583
BLOCK12/SES128/SA128S12	SES120	-1.48292	3.71999	5.2029
BLOCK12/SES128/SA128S12	SES158	-1.8197	3.38321	5.2029
BLOCK12/SES128/SA128S12	SES206	-1.34997	3.85293	5.2029
BLOCK12/SES128/SA128S12	SES226	-1.74282	3.46008	5.2029
BLOCK12/SES128/SA128S21	SES106	-1.26913	3.14604	4.41517
BLOCK12/SES128/SA128S21	SES120	-1.29061	3.12457	4.41517
BLOCK12/SES128/SA128S21	SES206	-0.663861	3.75131	4.41517
BLOCK12/SES128/SA128S21	SES226	0.1298	4.54497	4.41517
BLOCK12/SES128/SA128S24	SES087	-1.19961	3.83785	5.03747
BLOCK12/SES128/SA128S24	SES120	-1.19469	3.84278	5.03747
BLOCK12/SES128/SA128S24	SES206	-0.860568	4.1769	5.03747
BLOCK12/SES128/SA128S24	SES226	-1.54736	3.49011	5.03747
BLOCK12/SES128/SA128S27	SES099	0.223943	5.96362	5.73967
BLOCK12/SES128/SA128S27	SES120	-0.694496	5.04518	5.73967
BLOCK12/SES128/SA128S27	SES206	-0.436308	5.30337	5.73967
BLOCK12/SES128/SA128S27	SES226	-0.919364	4.82031	5.73967
BLOCK13/SES130/SA130S13	SES143	-0.636848	4.13865	4.77549
BLOCK13/SES130/SA130S13	SES144	-0.319012	4.45648	4.77549
BLOCK13/SES130/SA130S13	SES146	-2.44782	2.32767	4.77549
BLOCK13/SES130/SA130S13	SES275	-2.70275	2.07275	4.77549
BLOCK13/SES130/SA130S15	SES143	-2.09295	4.84635	6.9393
BLOCK13/SES130/SA130S15	SES144	-0.142971	6.79633	6.9393
BLOCK13/SES130/SA130S15	SES146	-1.02129	5.91801	6.9393
BLOCK13/SES130/SA130S15	SES275	-1.24652	5.69278	6.9393
BLOCK13/SES130/SA130S23	SES127	-1.7022	3.43556	5.13776
BLOCK13/SES130/SA130S23	SES144	-1.40627	3.7315	5.13776
BLOCK13/SES130/SA130S23	SES146	-1.48023	3.65754	5.13776
BLOCK13/SES130/SA130S23	SES162	0.00263548	5.1404	5.13776
BLOCK13/SES130/SA130S25	SES127	-0.693815	5.14536	5.83917
BLOCK13/SES130/SA130S25	SES144	-0.257909	5.58126	5.83917
BLOCK13/SES130/SA130S25	SES146	-1.16296	4.67622	5.83917
BLOCK13/SES130/SA130S25	SES275	-1.21164	4.62754	5.83917
BLOCK13/SES130/SA130S28	SES127	-1.28362	4.32284	5.60646
BLOCK13/SES130/SA130S28	SES144	-0.691713	4.91474	5.60646
BLOCK13/SES130/SA130S28	SES146	-0.758095	4.84836	5.60646
BLOCK13/SES130/SA130S28	SES275	-0.64322	4.96324	5.60646
BLOCK13/SES131/SA131S13	SES002	-1.55433	1.70961	3.26394
BLOCK13/SES131/SA131S13	SES007	-1.8502	1.41374	3.26394
BLOCK13/SES131/SA131S13	SES099	-0.640497	2.62344	3.26394
BLOCK13/SES131/SA131S13	SES105	-2.08356	1.18038	3.26394
BLOCK13/SES131/SA131S14	SES104	-0.939331	4.83618	5.77551
BLOCK13/SES131/SA131S14	SES106	-1.53834	4.23717	5.77551
BLOCK13/SES131/SA131S14	SES125	-1.69023	4.08528	5.77551
BLOCK13/SES131/SA131S14	SES148	-0.884864	4.89065	5.77551
BLOCK13/SES131/SA131S20	SES104	-1.82274	1.89994	3.72268
BLOCK13/SES131/SA131S20	SES106	-1.58664	2.13604	3.72268
BLOCK13/SES131/SA131S20	SES125	-1.88803	1.83465	3.72268
BLOCK13/SES131/SA131S20	SES148	-1.82101	1.90167	3.72268
BLOCK13/SES131/SA131S22	SES099	-0.584809	5.06288	5.64769
BLOCK13/SES131/SA131S22	SES104	-1.28042	4.36727	5.64769
BLOCK13/SES131/SA131S22	SES125	-2.04894	3.59874	5.64769
BLOCK13/SES131/SA131S22	SES206	-1.70732	3.94037	5.64769
BLOCK13/SES131/SA131S29	SES087	-1.46726	2.81974	4.287
BLOCK13/SES131/SA131S29	SES104	-2.55381	1.7332	4.287
BLOCK13/SES131/SA131S29	SES125	-2.41111	1.87589	4.287
BLOCK13/SES131/SA131S29	SES206	-1.55988	2.72712	4.287
BLOCK13/SES132/SA132S11	SES083	-2.64911	3.72038	6.36949
BLOCK13/SES132/SA132S11	SES120	-0.0113831	6.35811	6.36949
BLOCK13/SES132/SA132S11	SES127	-1.73435	4.63514	6.36949
BLOCK13/SES132/SA132S11	SES275	-1.36477	5.00473	6.36949
BLOCK13/SES132/SA132S12	SES083	-2.34108	5.0474	7.38848
BLOCK13/SES132/SA132S12	SES143	-2.1654	5.22308	7.38848
BLOCK13/SES132/SA132S12	SES144	-1.31556	6.07292	7.38848
BLOCK13/SES132/SA132S12	SES148	-0.805902	6.58258	7.38848
BLOCK13/SES132/SA132S22	SES062	-0.884317	4.80968	5.694
BLOCK13/SES132/SA132S22	SES083	-2.71816	2.97584	5.694
BLOCK13/SES132/SA132S22	SES127	-1.773	3.921	5.694
BLOCK13/SES132/SA132S22	SES275	-0.68573	5.00827	5.694
BLOCK13/SES132/SA132S24	SES007	-1.09074	6.21083	7.30157
BLOCK13/SES132/SA132S24	SES083	-2.85401	4.44756	7.30157
BLOCK13/SES132/SA132S24	SES127	-1.96486	5.33671	7.30157
BLOCK13/SES132/SA132S24	SES275	-1.08705	6.21453	7.30157
BLOCK13/SES132/SA132S27	SES083	-3.18537	2.13216	5.31753
BLOCK13/SES132/SA132S27	SES120	-0.147478	5.17005	5.31753
BLOCK13/SES132/SA132S27	SES127	-2.19539	3.12214	5.31753
BLOCK13/SES132/SA132S27	SES275	-1.86778	3.44975	5.31753
BLOCK14/SES141/SA141S09	SES143	-1.8813	5.25428	7.13557
BLOCK14/SES141/SA141S09	SES144	-1.26316	5.87241	7.13557
BLOCK14/SES141/SA141S09	SES162	-1.57214	5.56343	7.13557
BLOCK14/SES141/SA141S09	SES180	-1.84069	5.29488	7.13557
BLOCK14/SES141/SA141S15	SES127	-1.40772	5.3384	6.74612
BLOCK14/SES141/SA141S15	SES144	-1.78095	4.96517	6.74612
BLOCK14/SES141/SA141S15	SES162	-2.23907	4.50705	6.74612
BLOCK14/SES141/SA141S15	SES180	-1.72244	5.02368	6.74612
BLOCK14/SES141/SA141S24	SES127	-1.21866	5.68307	6.90173
BLOCK14/SES141/SA141S24	SES144	-1.35234	5.54939	6.90173
BLOCK14/SES141/SA141S24	SES162	-1.60228	5.29944	6.90173
BLOCK14/SES141/SA141S24	SES183	-2.1062	4.79553	6.90173
BLOCK14/SES141/SA141S26	SES142	-0.965086	5.09763	6.06271
BLOCK14/SES141/SA141S26	SES144	-1.90726	4.15546	6.06271
BLOCK14/SES141/SA141S26	SES172	-1.19028	4.87243	6.06271
BLOCK14/SES141/SA141S26	SES180	-1.53881	4.52391	6.06271
BLOCK14/SES141/SA141S29	SES127	-0.458555	6.17441	6.63297
BLOCK14/SES141/SA141S29	SES142	-0.706861	5.92611	6.63297
BLOCK14/SES141/SA141S29	SES144	-0.940704	5.69226	6.63297
BLOCK14/SES141/SA141S29	SES180	-1.42006	5.21291	6.63297
BLOCK15/SES157/SA157S08	SES083	-2.33956	4.28927	6.62883
BLOCK15/SES157/SA157S08	SES127	-1.63688	4.99196	6.62883
BLOCK15/SES157/SA157S08	SES148	-0.927321	5.70151	6.62883
BLOCK15/SES157/SA157S08	SES292	-2.29965	4.32918	6.62883
BLOCK15/SES157/SA157S11	SES083	-2.12165	4.18486	6.3065
BLOCK15/SES157/SA157S11	SES127	-1.21652	5.08999	6.3065
BLOCK15/SES157/SA157S11	SES148	-1.58819	4.71831	6.3065
BLOCK15/SES157/SA157S11	SES292	-1.92252	4.38398	6.3065
BLOCK15/SES157/SA157S21	SES127	-0.727654	5.84127	6.56892
BLOCK15/SES157/SA157S21	SES148	-0.281762	6.28716	6.56892
BLOCK15/SES157/SA157S21	SES158	-5.73515	0.833769	6.56892
BLOCK15/SES157/SA157S21	SES292	-2.00791	4.56101	6.56892
BLOCK15/SES157/SA157S24	SES127	-1.15159	5.56383	6.71541
BLOCK15/SES157/SA157S24	SES148	-1.19648	5.51894	6.71541
BLOCK15/SES157/SA157S24	SES183	-1.7181	4.99731	6.71541
BLOCK15/SES157/SA157S24	SES292	-2.1004	4.61501	6.71541
BLOCK15/SES157/SA157S26	SES007	-1.3412	5.83482	7.17602
BLOCK15/SES157/SA157S26	SES127	-1.05456	6.12146	7.17602
BLOCK15/SES157/SA157S26	SES147	-2.20876	4.96726	7.17602
BLOCK15/SES157/SA157S26	SES148	-1.40751	5.76852	7.17602
BLOCK16/SES161/SA161S10	SES007	-1.05263	3.77901	4.83164
BLOCK16/SES161/SA161S10	SES105	-1.35802	3.47362	4.83164
BLOCK16/SES161/SA161S10	SES158	-2.05973	2.77191	4.83164
BLOCK16/SES161/SA161S10	SES275	-1.53766	3.29398	4.83164
BLOCK16/SES161/SA161S12	SES007	-1.69757	3.36251	5.06008
BLOCK16/SES161/SA161S12	SES105	-2.10143	2.95865	5.06008
BLOCK16/SES161/SA161S12	SES158	-1.48649	3.5736	5.06008
BLOCK16/SES161/SA161S12	SES275	-1.43454	3.62555	5.06008
BLOCK16/SES161/SA161S20	SES007	-1.39858	2.64938	4.04796
BLOCK16/SES161/SA161S20	SES105	-2.91409	1.13387	4.04796
BLOCK16/SES161/SA161S20	SES158	-1.30671	2.74125	4.04796
BLOCK16/SES161/SA161S20	SES275	-1.92032	2.12764	4.04796
BLOCK16/SES161/SA161S23	SES007	-1.99149	3.29662	5.28811
BLOCK16/SES161/SA161S23	SES105	-1.41138	3.87674	5.28811
BLOCK16/SES161/SA161S23	SES148	-1.71185	3.57626	5.28811
BLOCK16/SES161/SA161S23	SES158	-2.31533	2.97278	5.28811
BLOCK16/SES161/SA161S28	SES007	-2.14034	2.89189	5.03224
BLOCK16/SES161/SA161S28	SES105	-2.63835	2.39388	5.03224
BLOCK16/SES161/SA161S28	SES158	-1.10951	3.92273	5.03224
BLOCK16/SES161/SA161S28	SES206	-0.787059	4.24518	5.03224
BLOCK16/SES164/SA164S11	SES104	-0.946006	3.0066	3.95261
BLOCK16/SES164/SA164S11	SES125	-0.819605	3.13301	3.95261
BLOCK16/SES164/SA164S11	SES158	0.793667	4.74628	3.95261
BLOCK16/SES164/SA164S11	SES206	-2.00683	1.94578	3.95261
BLOCK16/SES164/SA164S13	SES099	-0.913625	2.31027	3.2239
BLOCK16/SES164/SA164S13	SES104	-0.702322	2.52158	3.2239
BLOCK16/SES164/SA164S13	SES125	-0.972735	2.25116	3.2239
BLOCK16/SES164/SA164S13	SES206	-1.42084	1.80305	3.2239
BLOCK16/SES164/SA164S24	SES002	0.945561	4.35372	3.40816
BLOCK16/SES164/SA164S24	SES099	-0.448544	2.95961	3.40816
BLOCK16/SES164/SA164S24	SES125	-2.71103	0.697128	3.40816
BLOCK16/SES164/SA164S24	SES226	0.279917	3.68808	3.40816
BLOCK16/SES164/SA164S27	SES087	-1.3488	1.44147	2.79026
BLOCK16/SES164/SA164S27	SES125	-1.25943	1.53084	2.79026
BLOCK16/SES164/SA164S27	SES206	-2.14042	0.649841	2.79026
BLOCK16/SES164/SA164S27	SES226	-0.0385509	2.75171	2.79026
BLOCK16/SES164/SA164S29	SES002	1.03391	4.10796	3.07405
BLOCK16/SES164/SA164S29	SES019	-1.04787	2.02618	3.07405
BLOCK16/SES164/SA164S29	SES125	-2.08625	0.987797	3.07405
BLOCK16/SES164/SA164S29	SES226	-0.814185	2.25986	3.07405
BLOCK16/SES169/SA169S13	SES117	-1.04305	5.07848	6.12153
BLOCK16/SES169/SA169S13	SES144	-1.0297	5.09183	6.12153
BLOCK16/SES169/SA169S13	SES146	-1.1695	4.95203	6.12153
BLOCK16/SES169/SA169S13	SES162	-1.27415	4.84738	6.12153
BLOCK16/SES169/SA169S14	SES144	-1.6709	6.10482	7.77572
BLOCK16/SES169/SA169S14	SES148	-1.84263	5.93309	7.77572
BLOCK16/SES169/SA169S14	SES177	-0.533825	7.2419	7.77572
BLOCK16/SES169/SA169S14	SES180	-1.93026	5.84546	7.77572
BLOCK16/SES169/SA169S24	SES117	-1.80611	3.0799	4.88601
BLOCK16/SES169/SA169S24	SES144	-1.35129	3.53471	4.88601
BLOCK16/SES169/SA169S24	SES146	-0.854297	4.03171	4.88601
BLOCK16/SES169/SA169S24	SES162	-1.6453	3.24071	4.88601
BLOCK16/SES169/SA169S27	SES127	-1.34531	4.37841	5.72372
BLOCK16/SES169/SA169S27	SES129	-1.24412	4.4796	5.72372
BLOCK16/SES169/SA169S27	SES144	-1.86695	3.85677	5.72372
BLOCK16/SES169/SA169S27	SES146	-0.185152	5.53857	5.72372
BLOCK16/SES169/SA169S29	SES144	-0.444749	6.80105	7.2458
BLOCK16/SES169/SA169S29	SES162	-0.452384	6.79342	7.2458
BLOCK16/SES169/SA169S29	SES177	-1.09507	6.15073	7.2458
BLOCK16/SES169/SA169S29	SES180	-0.929008	6.3168	7.2458
BLOCK17/SES171/SA171S12	SES083	-1.83134	2.92239	4.75373
BLOCK17/SES171/SA171S12	SES148	-2.03646	2.71727	4.75373
BLOCK17/SES171/SA171S12	SES172	-1.281	3.47273	4.75373
BLOCK17/SES171/SA171S12	SES292	-2.79288	1.96085	4.75373
BLOCK17/SES171/SA171S15	SES148	-1.12415	4.09229	5.21644
BLOCK17/SES171/SA171S15	SES177	-0.947779	4.26866	5.21644
BLOCK17/SES171/SA171S15	SES180	-2.14634	3.0701	5.21644
BLOCK17/SES171/SA171S15	SES292	-1.50041	3.71602	5.21644
BLOCK17/SES171/SA171S22	SES007	-1.79381	5.41586	7.20967
BLOCK17/SES171/SA171S22	SES148	-1.35987	5.8498	7.20967
BLOCK17/SES171/SA171S22	SES177	-1.03467	6.175	7.20967
BLOCK17/SES171/SA171S22	SES180	-2.72947	4.4802	7.20967
BLOCK17/SES171/SA171S25	SES101	-1.19256	4.25238	5.44493
BLOCK17/SES171/SA171S25	SES120	-3.49317	1.95177	5.44493
BLOCK17/SES171/SA171S25	SES177	-1.54161	3.90333	5.44493
BLOCK17/SES171/SA171S25	SES180	-2.15808	3.28685	5.44493
BLOCK17/SES171/SA171S27	SES177	-0.594014	4.68721	5.28123
BLOCK17/SES171/SA171S27	SES180	-1.85875	3.42248	5.28123
BLOCK17/SES171/SA171S27	SES189	0.0065794	5.28781	5.28123
BLOCK17/SES171/SA171S27	SES292	-1.99492	3.28631	5.28123
BLOCK17/SES173/SA173S13	SES162	-3.64179	2.49724	6.13903
BLOCK17/SES173/SA173S13	SES177	-1.70814	4.43089	6.13903
BLOCK17/SES173/SA173S13	SES180	-3.95296	2.18607	6.13903
BLOCK17/SES173/SA173S13	SES292	-0.835259	5.30377	6.13903
BLOCK17/SES173/SA173S14	SES007	-1.17076	5.4148	6.58557
BLOCK17/SES173/SA173S14	SES162	-3.8035	2.78206	6.58557
BLOCK17/SES173/SA173S14	SES177	-1.42339	5.16218	6.58557
BLOCK17/SES173/SA173S14	SES180	-3.86434	2.72123	6.58557
BLOCK17/SES173/SA173S24	SES144	-2.47136	2.89549	5.36684
BLOCK17/SES173/SA173S24	SES162	-3.25721	2.10963	5.36684
BLOCK17/SES173/SA173S24	SES177	-1.21129	4.15555	5.36684
BLOCK17/SES173/SA173S24	SES180	-3.50558	1.86126	5.36684
BLOCK17/SES173/SA173S27	SES162	-3.42281	2.87126	6.29406
BLOCK17/SES173/SA173S27	SES177	-1.96082	4.33324	6.29406
BLOCK17/SES173/SA173S27	SES180	-2.33166	3.9624	6.29406
BLOCK17/SES173/SA173S27	SES292	-0.783604	5.51046	6.29406
BLOCK17/SES173/SA173S29	SES162	-3.22129	2.63391	5.85519
BLOCK17/SES173/SA173S29	SES175	-1.2108	4.64439	5.85519
BLOCK17/SES173/SA173S29	SES177	-0.858494	4.9967	5.85519
BLOCK17/SES173/SA173S29	SES292	-2.32869	3.52651	5.85519
BLOCK18/SES182/SA182S10	SES144	-1.02172	4.49458	5.5163
BLOCK18/SES182/SA182S10	SES177	-1.48642	4.02987	5.5163
BLOCK18/SES182/SA182S10	SES180	-2.76941	2.74689	5.5163
BLOCK18/SES182/SA182S10	SES275	-0.309568	5.20673	5.5163
BLOCK18/SES182/SA182S12	SES144	-0.345096	6.90305	7.24815
BLOCK18/SES182/SA182S12	SES177	-0.878901	6.36925	7.24815
BLOCK18/SES182/SA182S12	SES180	-1.30428	5.94387	7.24815
BLOCK18/SES182/SA182S12	SES275	-0.610257	6.63789	7.24815
BLOCK18/SES182/SA182S21	SES117	-1.85025	3.22405	5.07431
BLOCK18/SES182/SA182S21	SES144	-1.13817	3.93614	5.07431
BLOCK18/SES182/SA182S21	SES162	-1.44421	3.63009	5.07431
BLOCK18/SES182/SA182S21	SES180	-3.09283	1.98148	5.07431
BLOCK18/SES182/SA182S23	SES117	-1.26813	3.66554	4.93368
BLOCK18/SES182/SA182S23	SES144	-1.54424	3.38943	4.93368
BLOCK18/SES182/SA182S23	SES180	-1.87264	3.06104	4.93368
BLOCK18/SES182/SA182S23	SES275	0.657431	5.59111	4.93368
BLOCK18/SES182/SA182S25	SES007	0.098587	4.78387	4.68529
BLOCK18/SES182/SA182S25	SES162	-0.581123	4.10416	4.68529
BLOCK18/SES182/SA182S25	SES177	-0.502595	4.18269	4.68529
BLOCK18/SES182/SA182S25	SES180	-2.04338	2.64191	4.68529
BLOCK18/SES184/SA184S12	SES177	-2.16983	3.41202	5.58185
BLOCK18/SES184/SA184S12	SES180	-1.80158	3.78028	5.58185
BLOCK18/SES184/SA184S12	SES189	-1.27544	4.30642	5.58185
BLOCK18/SES184/SA184S12	SES292	-0.779036	4.80282	5.58185
BLOCK18/SES184/SA184S13	SES101	-1.1576	4.73468	5.89228
BLOCK18/SES184/SA184S13	SES177	-1.42292	4.46936	5.89228
BLOCK18/SES184/SA184S13	SES180	-1.92337	3.96891	5.89228
BLOCK18/SES184/SA184S13	SES292	-2.32192	3.57035	5.89228
BLOCK18/SES184/SA184S22	SES177	-2.38555	3.42799	5.81353
BLOCK18/SES184/SA184S22	SES180	-1.1751	4.63843	5.81353
BLOCK18/SES184/SA184S22	SES189	-2.13559	3.67795	5.81353
BLOCK18/SES184/SA184S22	SES292	-2.48667	3.32686	5.81353
BLOCK18/SES184/SA184S25	SES101	-1.04561	5.63431	6.67992
BLOCK18/SES184/SA184S25	SES177	-2.41894	4.26098	6.67992
BLOCK18/SES184/SA184S25	SES180	-1.74756	4.93236	6.67992
BLOCK18/SES184/SA184S25	SES292	-1.75359	4.92632	6.67992
BLOCK18/SES184/SA184S27	SES083	-1.43228	4.74283	6.17511
BLOCK18/SES184/SA184S27	SES177	-1.11692	5.0582	6.17511
BLOCK18/SES184/SA184S27	SES202	-1.62468	4.55043	6.17511
BLOCK18/SES184/SA184S27	SES292	-1.24096	4.93415	6.17511
BLOCK20/SES204/SA204S12	SES062	-1.0211	5.79246	6.81356
BLOCK20/SES204/SA204S12	SES083	-2.76088	4.05268	6.81356
BLOCK20/SES204/SA204S12	SES206	-0.576768	6.23679	6.81356
BLOCK20/SES204/SA204S12	SES226	-2.42811	4.38545	6.81356
BLOCK20/SES204/SA204S14	SES068	-1.14194	6.4111	7.55303
BLOCK20/SES204/SA204S14	SES087	-0.066977	7.48605	7.55303
BLOCK20/SES204/SA204S14	SES206	-1.18763	6.3654	7.55303
BLOCK20/SES204/SA204S14	SES226	-1.88684	5.66619	7.55303
BLOCK20/SES204/SA204S22	SES068	-1.04534	5.54012	6.58546
BLOCK20/SES204/SA204S22	SES082	-2.34118	4.24428	6.58546
BLOCK20/SES204/SA204S22	SES083	-3.02301	3.56245	6.58546
BLOCK20/SES204/SA204S22	SES206	-1.10609	5.47938	6.58546
BLOCK20/SES204/SA204S25	SES062	-0.553847	6.10389	6.65774
BLOCK20/SES204/SA204S25	SES083	-2.42756	4.23018	6.65774
BLOCK20/SES204/SA204S25	SES206	-0.675225	5.98251	6.65774
BLOCK20/SES204/SA204S25	SES226	-1.70908	4.94865	6.65774
BLOCK20/SES204/SA204S27	SES068	-1.26225	4.65826	5.92051
BLOCK20/SES204/SA204S27	SES082	-1.73139	4.18912	5.92051
BLOCK20/SES204/SA204S27	SES087	-0.530968	5.38954	5.92051
BLOCK20/SES204/SA204S27	SES206	-1.33311	4.5874	5.92051
BLOCK20/SES207/SA207S10	SES127	-1.13952	5.01998	6.15951
BLOCK20/SES207/SA207S10	SES183	-1.30978	4.84973	6.15951
BLOCK20/SES207/SA207S10	SES189	-1.25919	4.90031	6.15951
BLOCK20/SES207/SA207S10	SES292	-2.26555	3.89395	6.15951
BLOCK20/SES207/SA207S11	SES127	-2.55039	3.52522	6.07561
BLOCK20/SES207/SA207S11	SES183	-1.65607	4.41954	6.07561
BLOCK20/SES207/SA207S11	SES187	-1.13885	4.93676	6.07561
BLOCK20/SES207/SA207S11	SES292	-1.39307	4.68254	6.07561
BLOCK20/SES207/SA207S25	SES068	-1.608	4.02664	5.63464
BLOCK20/SES207/SA207S25	SES083	-1.99947	3.63517	5.63464
BLOCK20/SES207/SA207S25	SES127	-1.06911	4.56552	5.63464
BLOCK20/SES207/SA207S25	SES187	-1.10962	4.52501	5.63464
BLOCK20/SES207/SA207S27	SES127	-1.79705	3.51744	5.31449
BLOCK20/SES207/SA207S27	SES183	-1.47193	3.84256	5.31449
BLOCK20/SES207/SA207S27	SES187	-0.981907	4.33259	5.31449
BLOCK20/SES207/SA207S27	SES292	-1.83143	3.48306	5.31449
BLOCK20/SES207/SA207S29	SES083	-2.33154	3.75869	6.09022
BLOCK20/SES207/SA207S29	SES085	-2.16534	3.92488	6.09022
BLOCK20/SES207/SA207S29	SES172	-0.729129	5.36109	6.09022
BLOCK20/SES207/SA207S29	SES189	-1.86895	4.22127	6.09022
BLOCK22/SES221/SA221S12	SES068	-0.0870175	6.94121	7.02822
BLOCK22/SES221/SA221S12	SES143	-2.50566	4.52257	7.02822
BLOCK22/SES221/SA221S12	SES175	-1.51529	5.51294	7.02822
BLOCK22/SES221/SA221S12	SES202	-1.15731	5.87091	7.02822
BLOCK22/SES221/SA221S15	SES085	-1.1202	5.669	6.78919
BLOCK22/SES221/SA221S15	SES143	-3.17119	3.618	6.78919
BLOCK22/SES221/SA221S15	SES175	-1.52022	5.26898	6.78919
BLOCK22/SES221/SA221S15	SES187	-1.6657	5.1235	6.78919
BLOCK22/SES221/SA221S23	SES068	0.273054	6.89162	6.61856
BLOCK22/SES221/SA221S23	SES143	-1.67963	4.93893	6.61856
BLOCK22/SES221/SA221S23	SES175	-0.589199	6.02937	6.61856
BLOCK22/SES221/SA221S23	SES189	-1.26064	5.35792	6.61856
BLOCK22/SES221/SA221S27	SES085	-0.277172	5.88931	6.16648
BLOCK22/SES221/SA221S27	SES143	-1.93481	4.23167	6.16648
BLOCK22/SES221/SA221S27	SES175	-0.981384	5.1851	6.16648
BLOCK22/SES221/SA221S27	SES189	-0.807039	5.35944	6.16648
BLOCK22/SES221/SA221S29	SES085	0.0490732	6.81854	6.76946
BLOCK22/SES221/SA221S29	SES143	-1.96437	4.8051	6.76946
BLOCK22/SES221/SA221S29	SES175	-0.582262	6.1872	6.76946
BLOCK22/SES221/SA221S29	SES187	-1.18732	5.58214	6.76946
BLOCK22/SES223/SA223S11	SES143	-1.81437	3.90712	5.72149
BLOCK22/SES223/SA223S11	SES144	-2.70744	3.01405	5.72149
BLOCK22/SES223/SA223S11	SES175	-1.69584	4.02564	5.72149
BLOCK22/SES223/SA223S11	SES187	-1.89099	3.8305	5.72149
BLOCK22/SES223/SA223S13	SES068	-0.492276	5.3702	5.86248
BLOCK22/SES223/SA223S13	SES143	-2.77524	3.08723	5.86248
BLOCK22/SES223/SA223S13	SES146	-2.95671	2.90577	5.86248
BLOCK22/SES223/SA223S13	SES202	-2.62149	3.24099	5.86248
BLOCK22/SES223/SA223S22	SES143	-2.36135	2.97513	5.33648
BLOCK22/SES223/SA223S22	SES144	-2.94281	2.39368	5.33648
BLOCK22/SES223/SA223S22	SES175	-1.49408	3.84241	5.33648
BLOCK22/SES223/SA223S22	SES187	-1.9913	3.34518	5.33648
BLOCK22/SES223/SA223S25	SES068	-0.549056	5.38595	5.935
BLOCK22/SES223/SA223S25	SES143	-2.08729	3.84771	5.935
BLOCK22/SES223/SA223S25	SES175	-1.14345	4.79156	5.935
BLOCK22/SES223/SA223S25	SES187	-1.66538	4.26962	5.935
BLOCK22/SES223/SA223S27	SES143	-1.205	4.35526	5.56027
BLOCK22/SES223/SA223S27	SES146	-2.12873	3.43153	5.56027
BLOCK22/SES223/SA223S27	SES187	-2.18934	3.37092	5.56027
BLOCK22/SES223/SA223S27	SES292	-0.43832	5.12195	5.56027
BLOCK27/SES273/SA273S12	SES099	-0.593036	6.05562	6.64866
BLOCK27/SES273/SA273S12	SES104	-0.85368	5.79498	6.64866
BLOCK27/SES273/SA273S12	SES125	-2.28601	4.36265	6.64866
BLOCK27/SES273/SA273S12	SES206	-1.06627	5.58239	6.64866
BLOCK27/SES273/SA273S13	SES099	-0.458353	6.02852	6.48687
BLOCK27/SES273/SA273S13	SES104	-0.880347	5.60652	6.48687
BLOCK27/SES273/SA273S13	SES206	-1.18512	5.30175	6.48687
BLOCK27/SES273/SA273S13	SES292	-1.0707	5.41617	6.48687
BLOCK27/SES273/SA273S21	SES099	-1.1061	5.1562	6.2623
BLOCK27/SES273/SA273S21	SES148	-2.41207	3.85022	6.2623
BLOCK27/SES273/SA273S21	SES149	-1.847	4.4153	6.2623
BLOCK27/SES273/SA273S21	SES177	-1.58828	4.67402	6.2623
BLOCK27/SES273/SA273S25	SES104	-1.01473	4.52615	5.54089
BLOCK27/SES273/SA273S25	SES125	-2.59338	2.94751	5.54089
BLOCK27/SES273/SA273S25	SES158	-0.343831	5.19706	5.54089
BLOCK27/SES273/SA273S25	SES206	-1.14575	4.39513	5.54089
BLOCK27/SES273/SA273S27	SES099	-0.410314	6.32429	6.73461
BLOCK27/SES273/SA273S27	SES104	-0.900649	5.83396	6.73461
BLOCK27/SES273/SA273S27	SES149	-1.50193	5.23267	6.73461
BLOCK27/SES273/SA273S27	SES275	-1.54229	5.19232	6.73461
BLOCK27/SES274/SA274S10	SES105	-2.41847	4.60677	7.02524
BLOCK27/SES274/SA274S10	SES125	-2.45792	4.56732	7.02524
BLOCK27/SES274/SA274S10	SES129	-0.754971	6.27027	7.02524
BLOCK27/SES274/SA274S10	SES158	-3.57919	3.44605	7.02524
BLOCK27/SES274/SA274S11	SES105	-1.34259	6.1212	7.46379
BLOCK27/SES274/SA274S11	SES149	-1.799	5.66479	7.46379
BLOCK27/SES274/SA274S11	SES158	-2.13338	5.33041	7.46379
BLOCK27/SES274/SA274S11	SES275	-0.67642	6.78737	7.46379
BLOCK27/SES274/SA274S21	SES105	-2.22486	5.58536	7.81022
BLOCK27/SES274/SA274S21	SES129	-0.628054	7.18216	7.81022
BLOCK27/SES274/SA274S21	SES149	-1.73616	6.07406	7.81022
BLOCK27/SES274/SA274S21	SES158	-4.03292	3.7773	7.81022
BLOCK27/SES274/SA274S24	SES105	-2.16449	4.81544	6.97993
BLOCK27/SES274/SA274S24	SES129	-0.608419	6.37151	6.97993
BLOCK27/SES274/SA274S24	SES149	-3.13071	3.84922	6.97993
BLOCK27/SES274/SA274S24	SES158	-4.81656	2.16336	6.97993
BLOCK27/SES274/SA274S29	SES105	-1.51307	5.10173	6.6148
BLOCK27/SES274/SA274S29	SES106	-2.34732	4.26748	6.6148
BLOCK27/SES274/SA274S29	SES120	-1.41814	5.19666	6.6148
BLOCK27/SES274/SA274S29	SES275	-1.11638	5.49842	6.6148
BLOCK27/SES276/SA276S16	SES148	-1.65787	4.61644	6.27431
BLOCK27/SES276/SA276S16	SES172	-1.03243	5.24188	6.27431
BLOCK27/SES276/SA276S16	SES180	-3.03643	3.23788	6.27431
BLOCK27/SES276/SA276S16	SES292	-1.48908	4.78523	6.27431
BLOCK27/SES276/SA276S17	SES101	-1.05174	5.10663	6.15838
BLOCK27/SES276/SA276S17	SES177	-1.60702	4.55135	6.15838
BLOCK27/SES276/SA276S17	SES180	-1.78877	4.3696	6.15838
BLOCK27/SES276/SA276S17	SES292	-1.50112	4.65726	6.15838
BLOCK27/SES276/SA276S24	SES101	-0.466882	6.43005	6.89693
BLOCK27/SES276/SA276S24	SES177	-1.26297	5.63397	6.89693
BLOCK27/SES276/SA276S24	SES180	-2.41597	4.48096	6.89693
BLOCK27/SES276/SA276S24	SES292	-1.75897	5.13797	6.89693
BLOCK27/SES276/SA276S26	SES101	-1.72381	5.66367	7.38748
BLOCK27/SES276/SA276S26	SES177	-1.38726	6.00022	7.38748
BLOCK27/SES276/SA276S26	SES180	-0.878827	6.50866	7.38748
BLOCK27/SES276/SA276S26	SES292	-0.858299	6.52919	7.38748
BLOCK27/SES276/SA276S28	SES101	-0.848641	6.05108	6.89972
BLOCK27/SES276/SA276S28	SES177	-1.28106	5.61866	6.89972
BLOCK27/SES276/SA276S28	SES180	-0.588498	6.31122	6.89972
BLOCK27/SES276/SA276S28	SES292	-0.742875	6.15685	6.89972
BLOCK27/SES277/SA277S12	SES101	-0.166028	4.52596	4.69198
BLOCK27/SES277/SA277S12	SES177	-1.85922	2.83277	4.69198
BLOCK27/SES277/SA277S12	SES180	-2.95522	1.73676	4.69198
BLOCK27/SES277/SA277S12	SES292	-3.51066	1.18132	4.69198
BLOCK27/SES277/SA277S14	SES177	-0.914511	3.10394	4.01845
BLOCK27/SES277/SA277S14	SES180	-2.71618	1.30227	4.01845
BLOCK27/SES277/SA277S14	SES189	-0.566427	3.45202	4.01845
BLOCK27/SES277/SA277S14	SES292	-2.10267	1.91578	4.01845
BLOCK27/SES277/SA277S21	SES177	-1.01034	4.07701	5.08735
BLOCK27/SES277/SA277S21	SES180	-1.48933	3.59802	5.08735
BLOCK27/SES277/SA277S21	SES189	0.653387	5.74074	5.08735
BLOCK27/SES277/SA277S21	SES292	-2.59758	2.48977	5.08735
BLOCK27/SES277/SA277S24	SES144	-0.438095	2.36256	2.80066
BLOCK27/SES277/SA277S24	SES177	-1.182	1.61866	2.80066
BLOCK27/SES277/SA277S24	SES180	-2.7936	0.00705856	2.80066
BLOCK27/SES277/SA277S24	SES189	0.207583	3.00824	2.80066
BLOCK27/SES277/SA277S29	SES177	-1.54418	4.29827	5.84245
BLOCK27/SES277/SA277S29	SES180	-2.01183	3.83062	5.84245
BLOCK27/SES277/SA277S29	SES202	-1.48069	4.36176	5.84245
BLOCK27/SES277/SA277S29	SES292	-2.63191	3.21054	5.84245
BLOCK27/SES279/SA279S09	SES120	-1.37194	4.47953	5.85148
BLOCK27/SES279/SA279S09	SES146	-2.02185	3.82963	5.85148
BLOCK27/SES279/SA279S09	SES206	-1.59303	4.25845	5.85148
BLOCK27/SES279/SA279S09	SES226	-2.09865	3.75282	5.85148
BLOCK27/SES279/SA279S10	SES099	-0.698028	5.17152	5.86954
BLOCK27/SES279/SA279S10	SES206	-1.21119	4.65835	5.86954
BLOCK27/SES279/SA279S10	SES226	-2.05829	3.81126	5.86954
BLOCK27/SES279/SA279S10	SES292	-0.710881	5.15866	5.86954
BLOCK27/SES279/SA279S20	SES099	-1.8664	2.93615	4.80255
BLOCK27/SES279/SA279S20	SES206	-1.34846	3.45409	4.80255
BLOCK27/SES279/SA279S20	SES226	-2.63119	2.17136	4.80255
BLOCK27/SES279/SA279S20	SES292	-0.229943	4.57261	4.80255
BLOCK27/SES279/SA279S26	SES099	-1.63573	3.6831	5.31883
BLOCK27/SES279/SA279S26	SES206	-0.817921	4.50091	5.31883
BLOCK27/SES279/SA279S26	SES226	-2.07268	3.24615	5.31883
BLOCK27/SES279/SA279S26	SES292	-0.250599	5.06824	5.31883
BLOCK27/SES279/SA279S28	SES099	-0.900105	6.71828	7.61839
BLOCK27/SES279/SA279S28	SES120	-1.07218	6.54621	7.61839
BLOCK27/SES279/SA279S28	SES177	-1.63919	5.9792	7.61839
BLOCK27/SES279/SA279S28	SES206	-0.92396	6.69443	7.61839
BLOCK29/SES290/SA290S12	SES162	-0.716452	7.59135	8.3078
BLOCK29/SES290/SA290S12	SES177	-0.691186	7.61662	8.3078
BLOCK29/SES290/SA290S12	SES180	-1.47832	6.82948	8.3078
BLOCK29/SES290/SA290S12	SES292	-1.67781	6.62999	8.3078
BLOCK29/SES290/SA290S13	SES007	-0.346398	6.50894	6.85534
BLOCK29/SES290/SA290S13	SES162	-1.88373	4.97161	6.85534
BLOCK29/SES290/SA290S13	SES177	-0.822224	6.03312	6.85534
BLOCK29/SES290/SA290S13	SES180	-0.840805	6.01454	6.85534
BLOCK29/SES290/SA290S22	SES177	-1.34352	5.68217	7.02569
BLOCK29/SES290/SA290S22	SES180	-1.32234	5.70335	7.02569
BLOCK29/SES290/SA290S22	SES202	-1.78238	5.24332	7.02569
BLOCK29/SES290/SA290S22	SES292	-1.65432	5.37137	7.02569
BLOCK29/SES290/SA290S25	SES162	-1.27756	6.49632	7.77388
BLOCK29/SES290/SA290S25	SES177	-1.25496	6.51893	7.77388
BLOCK29/SES290/SA290S25	SES180	-1.49203	6.28186	7.77388
BLOCK29/SES290/SA290S25	SES292	-1.20001	6.57387	7.77388
BLOCK29/SES290/SA290S29	SES177	-0.958719	6.3368	7.29552
BLOCK29/SES290/SA290S29	SES180	-0.829634	6.46589	7.29552
BLOCK29/SES290/SA290S29	SES275	-1.23968	6.05584	7.29552
BLOCK29/SES290/SA290S29	SES292	-1.18186	6.11366	7.29552
BLOCK29/SES291/SA291S11	SES105	-2.87145	1.90416	4.77561
BLOCK29/SES291/SA291S11	SES125	-1.34877	3.42684	4.77561
BLOCK29/SES291/SA291S11	SES158	-0.922832	3.85278	4.77561
BLOCK29/SES291/SA291S11	SES275	-2.31034	2.46527	4.77561
BLOCK29/SES291/SA291S12	SES158	0.791582	6.02855	5.23697
BLOCK29/SES291/SA291S12	SES226	-1.62844	3.60853	5.23697
BLOCK29/SES291/SA291S12	SES270	1.12855	6.36552	5.23697
BLOCK29/SES291/SA291S12	SES275	-4.10383	1.13314	5.23697
BLOCK29/SES291/SA291S22	SES082	-1.26497	4.19934	5.46431
BLOCK29/SES291/SA291S22	SES158	-1.21392	4.25039	5.46431
BLOCK29/SES291/SA291S22	SES259	-1.68821	3.77609	5.46431
BLOCK29/SES291/SA291S22	SES275	-2.92866	2.53565	5.46431
BLOCK29/SES291/SA291S24	SES104	-0.472219	6.1401	6.61232
BLOCK29/SES291/SA291S24	SES125	-0.742247	5.87007	6.61232
BLOCK29/SES291/SA291S24	SES158	-0.513127	6.09919	6.61232
BLOCK29/SES291/SA291S24	SES275	-3.18693	3.42539	6.61232
BLOCK29/SES291/SA291S27	SES158	-0.025424	5.95954	5.98496
BLOCK29/SES291/SA291S27	SES172	-3.67494	2.31002	5.98496
BLOCK29/SES291/SA291S27	SES275	-2.91462	3.07034	5.98496
BLOCK29/SES291/SA291S27	SES292	-1.37831	4.60665	5.98496
